ERROR - 2022-03-27 20:38:20 --> Error connecting to the database: Access denied for user ''@'localhost' (using password: NO)
CRITICAL - 2022-03-27 20:38:20 --> Unable to connect to the database.
Main connection [MySQLi]: Access denied for user ''@'localhost' (using password: NO)
#0 C:\xampp\htdocs\DlhKotaCimahi-main\vendor\codeigniter4\framework\system\Database\BaseConnection.php(577): CodeIgniter\Database\BaseConnection->initialize()
#1 C:\xampp\htdocs\DlhKotaCimahi-main\vendor\codeigniter4\framework\system\Database\BaseBuilder.php(1455): CodeIgniter\Database\BaseConnection->query('SELECT *\nFROM `...', Array, false)
#2 C:\xampp\htdocs\DlhKotaCimahi-main\vendor\codeigniter4\framework\system\Model.php(210): CodeIgniter\Database\BaseBuilder->get()
#3 C:\xampp\htdocs\DlhKotaCimahi-main\vendor\codeigniter4\framework\system\BaseModel.php(622): CodeIgniter\Model->doFirst()
#4 C:\xampp\htdocs\DlhKotaCimahi-main\app\Controllers\Auth.php(23): CodeIgniter\BaseModel->first()
#5 C:\xampp\htdocs\DlhKotaCimahi-main\vendor\codeigniter4\framework\system\CodeIgniter.php(832): App\Controllers\Auth->login()
#6 C:\xampp\htdocs\DlhKotaCimahi-main\vendor\codeigniter4\framework\system\CodeIgniter.php(419): CodeIgniter\CodeIgniter->runController(Object(App\Controllers\Auth))
#7 C:\xampp\htdocs\DlhKotaCimahi-main\vendor\codeigniter4\framework\system\CodeIgniter.php(326): CodeIgniter\CodeIgniter->handleRequest(NULL, Object(Config\Cache), false)
#8 C:\xampp\htdocs\DlhKotaCimahi-main\public\index.php(37): CodeIgniter\CodeIgniter->run()
#9 C:\xampp\htdocs\DlhKotaCimahi-main\vendor\codeigniter4\framework\system\Commands\Server\rewrite.php(43): require_once('C:\\xampp\\htdocs...')
#10 {main}
ERROR - 2022-03-27 20:38:37 --> Error connecting to the database: Access denied for user ''@'localhost' (using password: NO)
CRITICAL - 2022-03-27 20:38:37 --> Unable to connect to the database.
Main connection [MySQLi]: Access denied for user ''@'localhost' (using password: NO)
#0 C:\xampp\htdocs\DlhKotaCimahi-main\vendor\codeigniter4\framework\system\Database\BaseConnection.php(577): CodeIgniter\Database\BaseConnection->initialize()
#1 C:\xampp\htdocs\DlhKotaCimahi-main\vendor\codeigniter4\framework\system\Database\BaseBuilder.php(1455): CodeIgniter\Database\BaseConnection->query('SELECT *\nFROM `...', Array, false)
#2 C:\xampp\htdocs\DlhKotaCimahi-main\vendor\codeigniter4\framework\system\Model.php(210): CodeIgniter\Database\BaseBuilder->get()
#3 C:\xampp\htdocs\DlhKotaCimahi-main\vendor\codeigniter4\framework\system\BaseModel.php(622): CodeIgniter\Model->doFirst()
#4 C:\xampp\htdocs\DlhKotaCimahi-main\app\Controllers\Auth.php(23): CodeIgniter\BaseModel->first()
#5 C:\xampp\htdocs\DlhKotaCimahi-main\vendor\codeigniter4\framework\system\CodeIgniter.php(832): App\Controllers\Auth->login()
#6 C:\xampp\htdocs\DlhKotaCimahi-main\vendor\codeigniter4\framework\system\CodeIgniter.php(419): CodeIgniter\CodeIgniter->runController(Object(App\Controllers\Auth))
#7 C:\xampp\htdocs\DlhKotaCimahi-main\vendor\codeigniter4\framework\system\CodeIgniter.php(326): CodeIgniter\CodeIgniter->handleRequest(NULL, Object(Config\Cache), false)
#8 C:\xampp\htdocs\DlhKotaCimahi-main\public\index.php(37): CodeIgniter\CodeIgniter->run()
#9 C:\xampp\htdocs\DlhKotaCimahi-main\vendor\codeigniter4\framework\system\Commands\Server\rewrite.php(43): require_once('C:\\xampp\\htdocs...')
#10 {main}
ERROR - 2022-03-27 20:38:41 --> Error connecting to the database: Access denied for user ''@'localhost' (using password: NO)
CRITICAL - 2022-03-27 20:38:41 --> Unable to connect to the database.
Main connection [MySQLi]: Access denied for user ''@'localhost' (using password: NO)
#0 C:\xampp\htdocs\DlhKotaCimahi-main\vendor\codeigniter4\framework\system\Database\BaseConnection.php(577): CodeIgniter\Database\BaseConnection->initialize()
#1 C:\xampp\htdocs\DlhKotaCimahi-main\vendor\codeigniter4\framework\system\Database\BaseBuilder.php(1455): CodeIgniter\Database\BaseConnection->query('SELECT *\nFROM `...', Array, false)
#2 C:\xampp\htdocs\DlhKotaCimahi-main\vendor\codeigniter4\framework\system\Model.php(210): CodeIgniter\Database\BaseBuilder->get()
#3 C:\xampp\htdocs\DlhKotaCimahi-main\vendor\codeigniter4\framework\system\BaseModel.php(622): CodeIgniter\Model->doFirst()
#4 C:\xampp\htdocs\DlhKotaCimahi-main\app\Controllers\Auth.php(23): CodeIgniter\BaseModel->first()
#5 C:\xampp\htdocs\DlhKotaCimahi-main\vendor\codeigniter4\framework\system\CodeIgniter.php(832): App\Controllers\Auth->login()
#6 C:\xampp\htdocs\DlhKotaCimahi-main\vendor\codeigniter4\framework\system\CodeIgniter.php(419): CodeIgniter\CodeIgniter->runController(Object(App\Controllers\Auth))
#7 C:\xampp\htdocs\DlhKotaCimahi-main\vendor\codeigniter4\framework\system\CodeIgniter.php(326): CodeIgniter\CodeIgniter->handleRequest(NULL, Object(Config\Cache), false)
#8 C:\xampp\htdocs\DlhKotaCimahi-main\public\index.php(37): CodeIgniter\CodeIgniter->run()
#9 C:\xampp\htdocs\DlhKotaCimahi-main\vendor\codeigniter4\framework\system\Commands\Server\rewrite.php(43): require_once('C:\\xampp\\htdocs...')
#10 {main}
CRITICAL - 2022-03-27 23:26:58 --> Invalid argument supplied for foreach()
#0 C:\xampp\htdocs\DlhKotaCimahi-main\app\Views\pages\gis\v_titikPantau.php(40): CodeIgniter\Debug\Exceptions->errorHandler(2, 'Invalid argumen...', 'C:\\xampp\\htdocs...', 40, Array)
#1 C:\xampp\htdocs\DlhKotaCimahi-main\vendor\codeigniter4\framework\system\View\View.php(210): include('C:\\xampp\\htdocs...')
#2 C:\xampp\htdocs\DlhKotaCimahi-main\vendor\codeigniter4\framework\system\View\View.php(213): CodeIgniter\View\View->CodeIgniter\View\{closure}()
#3 C:\xampp\htdocs\DlhKotaCimahi-main\vendor\codeigniter4\framework\system\Common.php(1089): CodeIgniter\View\View->render('/pages/gis/v_ti...', Array, true)
#4 C:\xampp\htdocs\DlhKotaCimahi-main\app\Controllers\Home.php(56): view('/pages/gis/v_ti...')
#5 C:\xampp\htdocs\DlhKotaCimahi-main\vendor\codeigniter4\framework\system\CodeIgniter.php(832): App\Controllers\Home->dataTitikPantau()
#6 C:\xampp\htdocs\DlhKotaCimahi-main\vendor\codeigniter4\framework\system\CodeIgniter.php(419): CodeIgniter\CodeIgniter->runController(Object(App\Controllers\Home))
#7 C:\xampp\htdocs\DlhKotaCimahi-main\vendor\codeigniter4\framework\system\CodeIgniter.php(326): CodeIgniter\CodeIgniter->handleRequest(NULL, Object(Config\Cache), false)
#8 C:\xampp\htdocs\DlhKotaCimahi-main\public\index.php(37): CodeIgniter\CodeIgniter->run()
#9 C:\xampp\htdocs\DlhKotaCimahi-main\vendor\codeigniter4\framework\system\Commands\Server\rewrite.php(43): require_once('C:\\xampp\\htdocs...')
#10 {main}
CRITICAL - 2022-03-27 23:27:43 --> Undefined variable: titikPantau
#0 C:\xampp\htdocs\DlhKotaCimahi-main\app\Views\pages\gis\v_titikPantau.php(40): CodeIgniter\Debug\Exceptions->errorHandler(8, 'Undefined varia...', 'C:\\xampp\\htdocs...', 40, Array)
#1 C:\xampp\htdocs\DlhKotaCimahi-main\vendor\codeigniter4\framework\system\View\View.php(210): include('C:\\xampp\\htdocs...')
#2 C:\xampp\htdocs\DlhKotaCimahi-main\vendor\codeigniter4\framework\system\View\View.php(213): CodeIgniter\View\View->CodeIgniter\View\{closure}()
#3 C:\xampp\htdocs\DlhKotaCimahi-main\vendor\codeigniter4\framework\system\Common.php(1089): CodeIgniter\View\View->render('/pages/gis/v_ti...', Array, true)
#4 C:\xampp\htdocs\DlhKotaCimahi-main\app\Controllers\Home.php(56): view('/pages/gis/v_ti...')
#5 C:\xampp\htdocs\DlhKotaCimahi-main\vendor\codeigniter4\framework\system\CodeIgniter.php(832): App\Controllers\Home->dataTitikPantau()
#6 C:\xampp\htdocs\DlhKotaCimahi-main\vendor\codeigniter4\framework\system\CodeIgniter.php(419): CodeIgniter\CodeIgniter->runController(Object(App\Controllers\Home))
#7 C:\xampp\htdocs\DlhKotaCimahi-main\vendor\codeigniter4\framework\system\CodeIgniter.php(326): CodeIgniter\CodeIgniter->handleRequest(NULL, Object(Config\Cache), false)
#8 C:\xampp\htdocs\DlhKotaCimahi-main\public\index.php(37): CodeIgniter\CodeIgniter->run()
#9 C:\xampp\htdocs\DlhKotaCimahi-main\vendor\codeigniter4\framework\system\Commands\Server\rewrite.php(43): require_once('C:\\xampp\\htdocs...')
#10 {main}
CRITICAL - 2022-03-27 23:28:37 --> Undefined variable: titikPantau
#0 C:\xampp\htdocs\DlhKotaCimahi-main\app\Views\pages\gis\v_maps.php(127): CodeIgniter\Debug\Exceptions->errorHandler(8, 'Undefined varia...', 'C:\\xampp\\htdocs...', 127, Array)
#1 C:\xampp\htdocs\DlhKotaCimahi-main\vendor\codeigniter4\framework\system\View\View.php(210): include('C:\\xampp\\htdocs...')
#2 C:\xampp\htdocs\DlhKotaCimahi-main\vendor\codeigniter4\framework\system\View\View.php(213): CodeIgniter\View\View->CodeIgniter\View\{closure}()
#3 C:\xampp\htdocs\DlhKotaCimahi-main\vendor\codeigniter4\framework\system\Common.php(1089): CodeIgniter\View\View->render('/pages/gis/v_ma...', Array, true)
#4 C:\xampp\htdocs\DlhKotaCimahi-main\app\Controllers\Home.php(56): view('/pages/gis/v_ma...')
#5 C:\xampp\htdocs\DlhKotaCimahi-main\vendor\codeigniter4\framework\system\CodeIgniter.php(832): App\Controllers\Home->dataTitikPantau()
#6 C:\xampp\htdocs\DlhKotaCimahi-main\vendor\codeigniter4\framework\system\CodeIgniter.php(419): CodeIgniter\CodeIgniter->runController(Object(App\Controllers\Home))
#7 C:\xampp\htdocs\DlhKotaCimahi-main\vendor\codeigniter4\framework\system\CodeIgniter.php(326): CodeIgniter\CodeIgniter->handleRequest(NULL, Object(Config\Cache), false)
#8 C:\xampp\htdocs\DlhKotaCimahi-main\public\index.php(37): CodeIgniter\CodeIgniter->run()
#9 C:\xampp\htdocs\DlhKotaCimahi-main\vendor\codeigniter4\framework\system\Commands\Server\rewrite.php(43): require_once('C:\\xampp\\htdocs...')
#10 {main}
CRITICAL - 2022-03-27 23:39:16 --> Undefined variable: titikPantau
#0 C:\xampp\htdocs\DlhKotaCimahi-main\app\Views\pages\gis\v_maps.php(127): CodeIgniter\Debug\Exceptions->errorHandler(8, 'Undefined varia...', 'C:\\xampp\\htdocs...', 127, Array)
#1 C:\xampp\htdocs\DlhKotaCimahi-main\vendor\codeigniter4\framework\system\View\View.php(210): include('C:\\xampp\\htdocs...')
#2 C:\xampp\htdocs\DlhKotaCimahi-main\vendor\codeigniter4\framework\system\View\View.php(213): CodeIgniter\View\View->CodeIgniter\View\{closure}()
#3 C:\xampp\htdocs\DlhKotaCimahi-main\vendor\codeigniter4\framework\system\Common.php(1089): CodeIgniter\View\View->render('/pages/gis/v_ma...', Array, true)
#4 C:\xampp\htdocs\DlhKotaCimahi-main\app\Controllers\Home.php(56): view('/pages/gis/v_ma...')
#5 C:\xampp\htdocs\DlhKotaCimahi-main\vendor\codeigniter4\framework\system\CodeIgniter.php(832): App\Controllers\Home->dataTitikPantau()
#6 C:\xampp\htdocs\DlhKotaCimahi-main\vendor\codeigniter4\framework\system\CodeIgniter.php(419): CodeIgniter\CodeIgniter->runController(Object(App\Controllers\Home))
#7 C:\xampp\htdocs\DlhKotaCimahi-main\vendor\codeigniter4\framework\system\CodeIgniter.php(326): CodeIgniter\CodeIgniter->handleRequest(NULL, Object(Config\Cache), false)
#8 C:\xampp\htdocs\DlhKotaCimahi-main\public\index.php(37): CodeIgniter\CodeIgniter->run()
#9 C:\xampp\htdocs\DlhKotaCimahi-main\vendor\codeigniter4\framework\system\Commands\Server\rewrite.php(43): require_once('C:\\xampp\\htdocs...')
#10 {main}
CRITICAL - 2022-03-27 23:42:57 --> Undefined variable: titikPantau
#0 C:\xampp\htdocs\DlhKotaCimahi-main\app\Views\pages\gis\v_maps.php(127): CodeIgniter\Debug\Exceptions->errorHandler(8, 'Undefined varia...', 'C:\\xampp\\htdocs...', 127, Array)
#1 C:\xampp\htdocs\DlhKotaCimahi-main\vendor\codeigniter4\framework\system\View\View.php(210): include('C:\\xampp\\htdocs...')
#2 C:\xampp\htdocs\DlhKotaCimahi-main\vendor\codeigniter4\framework\system\View\View.php(213): CodeIgniter\View\View->CodeIgniter\View\{closure}()
#3 C:\xampp\htdocs\DlhKotaCimahi-main\vendor\codeigniter4\framework\system\Common.php(1089): CodeIgniter\View\View->render('/pages/gis/v_ma...', Array, true)
#4 C:\xampp\htdocs\DlhKotaCimahi-main\app\Controllers\Home.php(56): view('/pages/gis/v_ma...')
#5 C:\xampp\htdocs\DlhKotaCimahi-main\vendor\codeigniter4\framework\system\CodeIgniter.php(832): App\Controllers\Home->dataTitikPantau()
#6 C:\xampp\htdocs\DlhKotaCimahi-main\vendor\codeigniter4\framework\system\CodeIgniter.php(419): CodeIgniter\CodeIgniter->runController(Object(App\Controllers\Home))
#7 C:\xampp\htdocs\DlhKotaCimahi-main\vendor\codeigniter4\framework\system\CodeIgniter.php(326): CodeIgniter\CodeIgniter->handleRequest(NULL, Object(Config\Cache), false)
#8 C:\xampp\htdocs\DlhKotaCimahi-main\public\index.php(37): CodeIgniter\CodeIgniter->run()
#9 C:\xampp\htdocs\DlhKotaCimahi-main\vendor\codeigniter4\framework\system\Commands\Server\rewrite.php(43): require_once('C:\\xampp\\htdocs...')
#10 {main}
CRITICAL - 2022-03-27 23:44:20 --> Undefined variable: titikPantau
#0 C:\xampp\htdocs\DlhKotaCimahi-main\app\Views\pages\gis\v_maps.php(127): CodeIgniter\Debug\Exceptions->errorHandler(8, 'Undefined varia...', 'C:\\xampp\\htdocs...', 127, Array)
#1 C:\xampp\htdocs\DlhKotaCimahi-main\vendor\codeigniter4\framework\system\View\View.php(210): include('C:\\xampp\\htdocs...')
#2 C:\xampp\htdocs\DlhKotaCimahi-main\vendor\codeigniter4\framework\system\View\View.php(213): CodeIgniter\View\View->CodeIgniter\View\{closure}()
#3 C:\xampp\htdocs\DlhKotaCimahi-main\vendor\codeigniter4\framework\system\Common.php(1089): CodeIgniter\View\View->render('/pages/gis/v_ma...', Array, true)
#4 C:\xampp\htdocs\DlhKotaCimahi-main\app\Controllers\Home.php(56): view('/pages/gis/v_ma...')
#5 C:\xampp\htdocs\DlhKotaCimahi-main\vendor\codeigniter4\framework\system\CodeIgniter.php(832): App\Controllers\Home->dataTitikPantau()
#6 C:\xampp\htdocs\DlhKotaCimahi-main\vendor\codeigniter4\framework\system\CodeIgniter.php(419): CodeIgniter\CodeIgniter->runController(Object(App\Controllers\Home))
#7 C:\xampp\htdocs\DlhKotaCimahi-main\vendor\codeigniter4\framework\system\CodeIgniter.php(326): CodeIgniter\CodeIgniter->handleRequest(NULL, Object(Config\Cache), false)
#8 C:\xampp\htdocs\DlhKotaCimahi-main\public\index.php(37): CodeIgniter\CodeIgniter->run()
#9 C:\xampp\htdocs\DlhKotaCimahi-main\vendor\codeigniter4\framework\system\Commands\Server\rewrite.php(43): require_once('C:\\xampp\\htdocs...')
#10 {main}
CRITICAL - 2022-03-27 23:44:21 --> Undefined variable: titikPantau
#0 C:\xampp\htdocs\DlhKotaCimahi-main\app\Views\pages\gis\v_maps.php(127): CodeIgniter\Debug\Exceptions->errorHandler(8, 'Undefined varia...', 'C:\\xampp\\htdocs...', 127, Array)
#1 C:\xampp\htdocs\DlhKotaCimahi-main\vendor\codeigniter4\framework\system\View\View.php(210): include('C:\\xampp\\htdocs...')
#2 C:\xampp\htdocs\DlhKotaCimahi-main\vendor\codeigniter4\framework\system\View\View.php(213): CodeIgniter\View\View->CodeIgniter\View\{closure}()
#3 C:\xampp\htdocs\DlhKotaCimahi-main\vendor\codeigniter4\framework\system\Common.php(1089): CodeIgniter\View\View->render('/pages/gis/v_ma...', Array, true)
#4 C:\xampp\htdocs\DlhKotaCimahi-main\app\Controllers\Home.php(56): view('/pages/gis/v_ma...')
#5 C:\xampp\htdocs\DlhKotaCimahi-main\vendor\codeigniter4\framework\system\CodeIgniter.php(832): App\Controllers\Home->dataTitikPantau()
#6 C:\xampp\htdocs\DlhKotaCimahi-main\vendor\codeigniter4\framework\system\CodeIgniter.php(419): CodeIgniter\CodeIgniter->runController(Object(App\Controllers\Home))
#7 C:\xampp\htdocs\DlhKotaCimahi-main\vendor\codeigniter4\framework\system\CodeIgniter.php(326): CodeIgniter\CodeIgniter->handleRequest(NULL, Object(Config\Cache), false)
#8 C:\xampp\htdocs\DlhKotaCimahi-main\public\index.php(37): CodeIgniter\CodeIgniter->run()
#9 C:\xampp\htdocs\DlhKotaCimahi-main\vendor\codeigniter4\framework\system\Commands\Server\rewrite.php(43): require_once('C:\\xampp\\htdocs...')
#10 {main}
CRITICAL - 2022-03-27 23:44:21 --> Undefined variable: titikPantau
#0 C:\xampp\htdocs\DlhKotaCimahi-main\app\Views\pages\gis\v_maps.php(127): CodeIgniter\Debug\Exceptions->errorHandler(8, 'Undefined varia...', 'C:\\xampp\\htdocs...', 127, Array)
#1 C:\xampp\htdocs\DlhKotaCimahi-main\vendor\codeigniter4\framework\system\View\View.php(210): include('C:\\xampp\\htdocs...')
#2 C:\xampp\htdocs\DlhKotaCimahi-main\vendor\codeigniter4\framework\system\View\View.php(213): CodeIgniter\View\View->CodeIgniter\View\{closure}()
#3 C:\xampp\htdocs\DlhKotaCimahi-main\vendor\codeigniter4\framework\system\Common.php(1089): CodeIgniter\View\View->render('/pages/gis/v_ma...', Array, true)
#4 C:\xampp\htdocs\DlhKotaCimahi-main\app\Controllers\Home.php(56): view('/pages/gis/v_ma...')
#5 C:\xampp\htdocs\DlhKotaCimahi-main\vendor\codeigniter4\framework\system\CodeIgniter.php(832): App\Controllers\Home->dataTitikPantau()
#6 C:\xampp\htdocs\DlhKotaCimahi-main\vendor\codeigniter4\framework\system\CodeIgniter.php(419): CodeIgniter\CodeIgniter->runController(Object(App\Controllers\Home))
#7 C:\xampp\htdocs\DlhKotaCimahi-main\vendor\codeigniter4\framework\system\CodeIgniter.php(326): CodeIgniter\CodeIgniter->handleRequest(NULL, Object(Config\Cache), false)
#8 C:\xampp\htdocs\DlhKotaCimahi-main\public\index.php(37): CodeIgniter\CodeIgniter->run()
#9 C:\xampp\htdocs\DlhKotaCimahi-main\vendor\codeigniter4\framework\system\Commands\Server\rewrite.php(43): require_once('C:\\xampp\\htdocs...')
#10 {main}
CRITICAL - 2022-03-27 23:46:50 --> Undefined variable: tbltitikpantau
#0 C:\xampp\htdocs\DlhKotaCimahi-main\app\Views\pages\gis\v_maps.php(127): CodeIgniter\Debug\Exceptions->errorHandler(8, 'Undefined varia...', 'C:\\xampp\\htdocs...', 127, Array)
#1 C:\xampp\htdocs\DlhKotaCimahi-main\vendor\codeigniter4\framework\system\View\View.php(210): include('C:\\xampp\\htdocs...')
#2 C:\xampp\htdocs\DlhKotaCimahi-main\vendor\codeigniter4\framework\system\View\View.php(213): CodeIgniter\View\View->CodeIgniter\View\{closure}()
#3 C:\xampp\htdocs\DlhKotaCimahi-main\vendor\codeigniter4\framework\system\Common.php(1089): CodeIgniter\View\View->render('/pages/gis/v_ma...', Array, true)
#4 C:\xampp\htdocs\DlhKotaCimahi-main\app\Controllers\Home.php(56): view('/pages/gis/v_ma...')
#5 C:\xampp\htdocs\DlhKotaCimahi-main\vendor\codeigniter4\framework\system\CodeIgniter.php(832): App\Controllers\Home->dataTitikPantau()
#6 C:\xampp\htdocs\DlhKotaCimahi-main\vendor\codeigniter4\framework\system\CodeIgniter.php(419): CodeIgniter\CodeIgniter->runController(Object(App\Controllers\Home))
#7 C:\xampp\htdocs\DlhKotaCimahi-main\vendor\codeigniter4\framework\system\CodeIgniter.php(326): CodeIgniter\CodeIgniter->handleRequest(NULL, Object(Config\Cache), false)
#8 C:\xampp\htdocs\DlhKotaCimahi-main\public\index.php(37): CodeIgniter\CodeIgniter->run()
#9 C:\xampp\htdocs\DlhKotaCimahi-main\vendor\codeigniter4\framework\system\Commands\Server\rewrite.php(43): require_once('C:\\xampp\\htdocs...')
#10 {main}
CRITICAL - 2022-03-27 23:46:51 --> Undefined variable: tbltitikpantau
#0 C:\xampp\htdocs\DlhKotaCimahi-main\app\Views\pages\gis\v_maps.php(127): CodeIgniter\Debug\Exceptions->errorHandler(8, 'Undefined varia...', 'C:\\xampp\\htdocs...', 127, Array)
#1 C:\xampp\htdocs\DlhKotaCimahi-main\vendor\codeigniter4\framework\system\View\View.php(210): include('C:\\xampp\\htdocs...')
#2 C:\xampp\htdocs\DlhKotaCimahi-main\vendor\codeigniter4\framework\system\View\View.php(213): CodeIgniter\View\View->CodeIgniter\View\{closure}()
#3 C:\xampp\htdocs\DlhKotaCimahi-main\vendor\codeigniter4\framework\system\Common.php(1089): CodeIgniter\View\View->render('/pages/gis/v_ma...', Array, true)
#4 C:\xampp\htdocs\DlhKotaCimahi-main\app\Controllers\Home.php(56): view('/pages/gis/v_ma...')
#5 C:\xampp\htdocs\DlhKotaCimahi-main\vendor\codeigniter4\framework\system\CodeIgniter.php(832): App\Controllers\Home->dataTitikPantau()
#6 C:\xampp\htdocs\DlhKotaCimahi-main\vendor\codeigniter4\framework\system\CodeIgniter.php(419): CodeIgniter\CodeIgniter->runController(Object(App\Controllers\Home))
#7 C:\xampp\htdocs\DlhKotaCimahi-main\vendor\codeigniter4\framework\system\CodeIgniter.php(326): CodeIgniter\CodeIgniter->handleRequest(NULL, Object(Config\Cache), false)
#8 C:\xampp\htdocs\DlhKotaCimahi-main\public\index.php(37): CodeIgniter\CodeIgniter->run()
#9 C:\xampp\htdocs\DlhKotaCimahi-main\vendor\codeigniter4\framework\system\Commands\Server\rewrite.php(43): require_once('C:\\xampp\\htdocs...')
#10 {main}
CRITICAL - 2022-03-27 23:47:45 --> Invalid file: gis/v_titikPantau.php
#0 C:\xampp\htdocs\DlhKotaCimahi-main\vendor\codeigniter4\framework\system\View\View.php(198): CodeIgniter\Exceptions\FrameworkException::forInvalidFile('gis/v_titikPant...')
#1 C:\xampp\htdocs\DlhKotaCimahi-main\vendor\codeigniter4\framework\system\Common.php(1089): CodeIgniter\View\View->render('gis/v_titikPant...', Array, true)
#2 C:\xampp\htdocs\DlhKotaCimahi-main\app\Views\layout\content.php(5): view('gis/v_titikPant...')
#3 C:\xampp\htdocs\DlhKotaCimahi-main\vendor\codeigniter4\framework\system\View\View.php(210): include('C:\\xampp\\htdocs...')
#4 C:\xampp\htdocs\DlhKotaCimahi-main\vendor\codeigniter4\framework\system\View\View.php(213): CodeIgniter\View\View->CodeIgniter\View\{closure}()
#5 C:\xampp\htdocs\DlhKotaCimahi-main\vendor\codeigniter4\framework\system\Common.php(1089): CodeIgniter\View\View->render('layout/content', Array, true)
#6 C:\xampp\htdocs\DlhKotaCimahi-main\app\Views\layout\wrapper.php(4): view('layout/content')
#7 C:\xampp\htdocs\DlhKotaCimahi-main\vendor\codeigniter4\framework\system\View\View.php(210): include('C:\\xampp\\htdocs...')
#8 C:\xampp\htdocs\DlhKotaCimahi-main\vendor\codeigniter4\framework\system\View\View.php(213): CodeIgniter\View\View->CodeIgniter\View\{closure}()
#9 C:\xampp\htdocs\DlhKotaCimahi-main\vendor\codeigniter4\framework\system\Common.php(1089): CodeIgniter\View\View->render('layout/wrapper', Array, true)
#10 C:\xampp\htdocs\DlhKotaCimahi-main\app\Controllers\dataTitikPantau.php(26): view('layout/wrapper', Array)
#11 C:\xampp\htdocs\DlhKotaCimahi-main\vendor\codeigniter4\framework\system\CodeIgniter.php(832): App\Controllers\dataTitikPantau->index()
#12 C:\xampp\htdocs\DlhKotaCimahi-main\vendor\codeigniter4\framework\system\CodeIgniter.php(419): CodeIgniter\CodeIgniter->runController(Object(App\Controllers\dataTitikPantau))
#13 C:\xampp\htdocs\DlhKotaCimahi-main\vendor\codeigniter4\framework\system\CodeIgniter.php(326): CodeIgniter\CodeIgniter->handleRequest(NULL, Object(Config\Cache), false)
#14 C:\xampp\htdocs\DlhKotaCimahi-main\public\index.php(37): CodeIgniter\CodeIgniter->run()
#15 C:\xampp\htdocs\DlhKotaCimahi-main\vendor\codeigniter4\framework\system\Commands\Server\rewrite.php(43): require_once('C:\\xampp\\htdocs...')
#16 {main}
