CRITICAL - 2022-05-01 08:57:45 --> Call to a member function getValue() on array
#0 C:\xampp\htdocs\DlhKotaCimahi\vendor\codeigniter4\framework\system\CodeIgniter.php(832): App\Controllers\BODEksisting->importexcel()
#1 C:\xampp\htdocs\DlhKotaCimahi\vendor\codeigniter4\framework\system\CodeIgniter.php(419): CodeIgniter\CodeIgniter->runController(Object(App\Controllers\BODEksisting))
#2 C:\xampp\htdocs\DlhKotaCimahi\vendor\codeigniter4\framework\system\CodeIgniter.php(326): CodeIgniter\CodeIgniter->handleRequest(NULL, Object(Config\Cache), false)
#3 C:\xampp\htdocs\DlhKotaCimahi\public\index.php(37): CodeIgniter\CodeIgniter->run()
#4 C:\xampp\htdocs\DlhKotaCimahi\vendor\codeigniter4\framework\system\Commands\Server\rewrite.php(43): require_once('C:\\xampp\\htdocs...')
#5 {main}
CRITICAL - 2022-05-01 08:57:50 --> Allowed memory size of 536870912 bytes exhausted (tried to allocate 264245248 bytes)
#0 [internal function]: CodeIgniter\Debug\Exceptions->shutdownHandler()
#1 {main}
CRITICAL - 2022-05-01 08:59:45 --> Call to a member function getValue() on array
#0 C:\xampp\htdocs\DlhKotaCimahi\vendor\codeigniter4\framework\system\CodeIgniter.php(832): App\Controllers\BODEksisting->importexcel()
#1 C:\xampp\htdocs\DlhKotaCimahi\vendor\codeigniter4\framework\system\CodeIgniter.php(419): CodeIgniter\CodeIgniter->runController(Object(App\Controllers\BODEksisting))
#2 C:\xampp\htdocs\DlhKotaCimahi\vendor\codeigniter4\framework\system\CodeIgniter.php(326): CodeIgniter\CodeIgniter->handleRequest(NULL, Object(Config\Cache), false)
#3 C:\xampp\htdocs\DlhKotaCimahi\public\index.php(37): CodeIgniter\CodeIgniter->run()
#4 C:\xampp\htdocs\DlhKotaCimahi\vendor\codeigniter4\framework\system\Commands\Server\rewrite.php(43): require_once('C:\\xampp\\htdocs...')
#5 {main}
CRITICAL - 2022-05-01 08:59:50 --> Allowed memory size of 536870912 bytes exhausted (tried to allocate 264245248 bytes)
#0 [internal function]: CodeIgniter\Debug\Exceptions->shutdownHandler()
#1 {main}
CRITICAL - 2022-05-01 09:00:22 --> Call to a member function getValue() on array
#0 C:\xampp\htdocs\DlhKotaCimahi\vendor\codeigniter4\framework\system\CodeIgniter.php(832): App\Controllers\BODEksisting->importexcel()
#1 C:\xampp\htdocs\DlhKotaCimahi\vendor\codeigniter4\framework\system\CodeIgniter.php(419): CodeIgniter\CodeIgniter->runController(Object(App\Controllers\BODEksisting))
#2 C:\xampp\htdocs\DlhKotaCimahi\vendor\codeigniter4\framework\system\CodeIgniter.php(326): CodeIgniter\CodeIgniter->handleRequest(NULL, Object(Config\Cache), false)
#3 C:\xampp\htdocs\DlhKotaCimahi\public\index.php(37): CodeIgniter\CodeIgniter->run()
#4 C:\xampp\htdocs\DlhKotaCimahi\vendor\codeigniter4\framework\system\Commands\Server\rewrite.php(43): require_once('C:\\xampp\\htdocs...')
#5 {main}
CRITICAL - 2022-05-01 09:00:26 --> Allowed memory size of 536870912 bytes exhausted (tried to allocate 264245248 bytes)
#0 [internal function]: CodeIgniter\Debug\Exceptions->shutdownHandler()
#1 {main}
CRITICAL - 2022-05-01 09:01:14 --> Call to a member function getValue() on string
#0 C:\xampp\htdocs\DlhKotaCimahi\vendor\codeigniter4\framework\system\CodeIgniter.php(832): App\Controllers\BODEksisting->importexcel()
#1 C:\xampp\htdocs\DlhKotaCimahi\vendor\codeigniter4\framework\system\CodeIgniter.php(419): CodeIgniter\CodeIgniter->runController(Object(App\Controllers\BODEksisting))
#2 C:\xampp\htdocs\DlhKotaCimahi\vendor\codeigniter4\framework\system\CodeIgniter.php(326): CodeIgniter\CodeIgniter->handleRequest(NULL, Object(Config\Cache), false)
#3 C:\xampp\htdocs\DlhKotaCimahi\public\index.php(37): CodeIgniter\CodeIgniter->run()
#4 C:\xampp\htdocs\DlhKotaCimahi\vendor\codeigniter4\framework\system\Commands\Server\rewrite.php(43): require_once('C:\\xampp\\htdocs...')
#5 {main}
CRITICAL - 2022-05-01 09:01:18 --> Allowed memory size of 536870912 bytes exhausted (tried to allocate 264245248 bytes)
#0 [internal function]: CodeIgniter\Debug\Exceptions->shutdownHandler()
#1 {main}
CRITICAL - 2022-05-01 09:07:10 --> Call to a member function getValue() on string
#0 C:\xampp\htdocs\DlhKotaCimahi\vendor\codeigniter4\framework\system\CodeIgniter.php(832): App\Controllers\BODEksisting->importexcel()
#1 C:\xampp\htdocs\DlhKotaCimahi\vendor\codeigniter4\framework\system\CodeIgniter.php(419): CodeIgniter\CodeIgniter->runController(Object(App\Controllers\BODEksisting))
#2 C:\xampp\htdocs\DlhKotaCimahi\vendor\codeigniter4\framework\system\CodeIgniter.php(326): CodeIgniter\CodeIgniter->handleRequest(NULL, Object(Config\Cache), false)
#3 C:\xampp\htdocs\DlhKotaCimahi\public\index.php(37): CodeIgniter\CodeIgniter->run()
#4 C:\xampp\htdocs\DlhKotaCimahi\vendor\codeigniter4\framework\system\Commands\Server\rewrite.php(43): require_once('C:\\xampp\\htdocs...')
#5 {main}
CRITICAL - 2022-05-01 09:07:15 --> Allowed memory size of 536870912 bytes exhausted (tried to allocate 266342400 bytes)
#0 [internal function]: CodeIgniter\Debug\Exceptions->shutdownHandler()
#1 {main}
CRITICAL - 2022-05-01 09:07:46 --> Call to a member function getValue() on string
#0 C:\xampp\htdocs\DlhKotaCimahi\vendor\codeigniter4\framework\system\CodeIgniter.php(832): App\Controllers\BODEksisting->importexcel()
#1 C:\xampp\htdocs\DlhKotaCimahi\vendor\codeigniter4\framework\system\CodeIgniter.php(419): CodeIgniter\CodeIgniter->runController(Object(App\Controllers\BODEksisting))
#2 C:\xampp\htdocs\DlhKotaCimahi\vendor\codeigniter4\framework\system\CodeIgniter.php(326): CodeIgniter\CodeIgniter->handleRequest(NULL, Object(Config\Cache), false)
#3 C:\xampp\htdocs\DlhKotaCimahi\public\index.php(37): CodeIgniter\CodeIgniter->run()
#4 C:\xampp\htdocs\DlhKotaCimahi\vendor\codeigniter4\framework\system\Commands\Server\rewrite.php(43): require_once('C:\\xampp\\htdocs...')
#5 {main}
CRITICAL - 2022-05-01 09:07:51 --> Allowed memory size of 536870912 bytes exhausted (tried to allocate 264245248 bytes)
#0 [internal function]: CodeIgniter\Debug\Exceptions->shutdownHandler()
#1 {main}
