ERROR - 2022-03-23 05:11:01 --> Error connecting to the database: Access denied for user ''@'localhost' (using password: NO)
CRITICAL - 2022-03-23 05:11:01 --> Unable to connect to the database.
Main connection [MySQLi]: Access denied for user ''@'localhost' (using password: NO)
#0 C:\xampp\htdocs\DlhKotaCimahi\vendor\codeigniter4\framework\system\Database\BaseConnection.php(577): CodeIgniter\Database\BaseConnection->initialize()
#1 C:\xampp\htdocs\DlhKotaCimahi\vendor\codeigniter4\framework\system\Database\BaseBuilder.php(1455): CodeIgniter\Database\BaseConnection->query('SELECT *\nFROM `...', Array, false)
#2 C:\xampp\htdocs\DlhKotaCimahi\vendor\codeigniter4\framework\system\Model.php(210): CodeIgniter\Database\BaseBuilder->get()
#3 C:\xampp\htdocs\DlhKotaCimahi\vendor\codeigniter4\framework\system\BaseModel.php(622): CodeIgniter\Model->doFirst()
#4 C:\xampp\htdocs\DlhKotaCimahi\app\Controllers\Auth.php(23): CodeIgniter\BaseModel->first()
#5 C:\xampp\htdocs\DlhKotaCimahi\vendor\codeigniter4\framework\system\CodeIgniter.php(832): App\Controllers\Auth->login()
#6 C:\xampp\htdocs\DlhKotaCimahi\vendor\codeigniter4\framework\system\CodeIgniter.php(419): CodeIgniter\CodeIgniter->runController(Object(App\Controllers\Auth))
#7 C:\xampp\htdocs\DlhKotaCimahi\vendor\codeigniter4\framework\system\CodeIgniter.php(326): CodeIgniter\CodeIgniter->handleRequest(NULL, Object(Config\Cache), false)
#8 C:\xampp\htdocs\DlhKotaCimahi\public\index.php(37): CodeIgniter\CodeIgniter->run()
#9 C:\xampp\htdocs\DlhKotaCimahi\vendor\codeigniter4\framework\system\Commands\Server\rewrite.php(43): require_once('C:\\xampp\\htdocs...')
#10 {main}
ERROR - 2022-03-23 05:11:14 --> Error connecting to the database: Access denied for user ''@'localhost' (using password: NO)
CRITICAL - 2022-03-23 05:11:14 --> Unable to connect to the database.
Main connection [MySQLi]: Access denied for user ''@'localhost' (using password: NO)
#0 C:\xampp\htdocs\DlhKotaCimahi\vendor\codeigniter4\framework\system\Database\BaseConnection.php(577): CodeIgniter\Database\BaseConnection->initialize()
#1 C:\xampp\htdocs\DlhKotaCimahi\vendor\codeigniter4\framework\system\Database\BaseBuilder.php(1455): CodeIgniter\Database\BaseConnection->query('SELECT *\nFROM `...', Array, false)
#2 C:\xampp\htdocs\DlhKotaCimahi\vendor\codeigniter4\framework\system\Model.php(210): CodeIgniter\Database\BaseBuilder->get()
#3 C:\xampp\htdocs\DlhKotaCimahi\vendor\codeigniter4\framework\system\BaseModel.php(622): CodeIgniter\Model->doFirst()
#4 C:\xampp\htdocs\DlhKotaCimahi\app\Controllers\Auth.php(23): CodeIgniter\BaseModel->first()
#5 C:\xampp\htdocs\DlhKotaCimahi\vendor\codeigniter4\framework\system\CodeIgniter.php(832): App\Controllers\Auth->login()
#6 C:\xampp\htdocs\DlhKotaCimahi\vendor\codeigniter4\framework\system\CodeIgniter.php(419): CodeIgniter\CodeIgniter->runController(Object(App\Controllers\Auth))
#7 C:\xampp\htdocs\DlhKotaCimahi\vendor\codeigniter4\framework\system\CodeIgniter.php(326): CodeIgniter\CodeIgniter->handleRequest(NULL, Object(Config\Cache), false)
#8 C:\xampp\htdocs\DlhKotaCimahi\public\index.php(37): CodeIgniter\CodeIgniter->run()
#9 C:\xampp\htdocs\DlhKotaCimahi\vendor\codeigniter4\framework\system\Commands\Server\rewrite.php(43): require_once('C:\\xampp\\htdocs...')
#10 {main}
ERROR - 2022-03-23 05:11:20 --> Error connecting to the database: Access denied for user ''@'localhost' (using password: NO)
CRITICAL - 2022-03-23 05:11:20 --> Unable to connect to the database.
Main connection [MySQLi]: Access denied for user ''@'localhost' (using password: NO)
#0 C:\xampp\htdocs\DlhKotaCimahi\vendor\codeigniter4\framework\system\Database\BaseConnection.php(577): CodeIgniter\Database\BaseConnection->initialize()
#1 C:\xampp\htdocs\DlhKotaCimahi\vendor\codeigniter4\framework\system\Database\BaseBuilder.php(1455): CodeIgniter\Database\BaseConnection->query('SELECT *\nFROM `...', Array, false)
#2 C:\xampp\htdocs\DlhKotaCimahi\vendor\codeigniter4\framework\system\Model.php(210): CodeIgniter\Database\BaseBuilder->get()
#3 C:\xampp\htdocs\DlhKotaCimahi\vendor\codeigniter4\framework\system\BaseModel.php(622): CodeIgniter\Model->doFirst()
#4 C:\xampp\htdocs\DlhKotaCimahi\app\Controllers\Auth.php(23): CodeIgniter\BaseModel->first()
#5 C:\xampp\htdocs\DlhKotaCimahi\vendor\codeigniter4\framework\system\CodeIgniter.php(832): App\Controllers\Auth->login()
#6 C:\xampp\htdocs\DlhKotaCimahi\vendor\codeigniter4\framework\system\CodeIgniter.php(419): CodeIgniter\CodeIgniter->runController(Object(App\Controllers\Auth))
#7 C:\xampp\htdocs\DlhKotaCimahi\vendor\codeigniter4\framework\system\CodeIgniter.php(326): CodeIgniter\CodeIgniter->handleRequest(NULL, Object(Config\Cache), false)
#8 C:\xampp\htdocs\DlhKotaCimahi\public\index.php(37): CodeIgniter\CodeIgniter->run()
#9 C:\xampp\htdocs\DlhKotaCimahi\vendor\codeigniter4\framework\system\Commands\Server\rewrite.php(43): require_once('C:\\xampp\\htdocs...')
#10 {main}
ERROR - 2022-03-23 05:11:29 --> Error connecting to the database: Access denied for user ''@'localhost' (using password: NO)
CRITICAL - 2022-03-23 05:11:29 --> Unable to connect to the database.
Main connection [MySQLi]: Access denied for user ''@'localhost' (using password: NO)
#0 C:\xampp\htdocs\DlhKotaCimahi\vendor\codeigniter4\framework\system\Database\BaseConnection.php(577): CodeIgniter\Database\BaseConnection->initialize()
#1 C:\xampp\htdocs\DlhKotaCimahi\vendor\codeigniter4\framework\system\Database\BaseBuilder.php(1455): CodeIgniter\Database\BaseConnection->query('SELECT *\nFROM `...', Array, false)
#2 C:\xampp\htdocs\DlhKotaCimahi\vendor\codeigniter4\framework\system\Model.php(210): CodeIgniter\Database\BaseBuilder->get()
#3 C:\xampp\htdocs\DlhKotaCimahi\vendor\codeigniter4\framework\system\BaseModel.php(622): CodeIgniter\Model->doFirst()
#4 C:\xampp\htdocs\DlhKotaCimahi\app\Controllers\Auth.php(23): CodeIgniter\BaseModel->first()
#5 C:\xampp\htdocs\DlhKotaCimahi\vendor\codeigniter4\framework\system\CodeIgniter.php(832): App\Controllers\Auth->login()
#6 C:\xampp\htdocs\DlhKotaCimahi\vendor\codeigniter4\framework\system\CodeIgniter.php(419): CodeIgniter\CodeIgniter->runController(Object(App\Controllers\Auth))
#7 C:\xampp\htdocs\DlhKotaCimahi\vendor\codeigniter4\framework\system\CodeIgniter.php(326): CodeIgniter\CodeIgniter->handleRequest(NULL, Object(Config\Cache), false)
#8 C:\xampp\htdocs\DlhKotaCimahi\public\index.php(37): CodeIgniter\CodeIgniter->run()
#9 C:\xampp\htdocs\DlhKotaCimahi\vendor\codeigniter4\framework\system\Commands\Server\rewrite.php(43): require_once('C:\\xampp\\htdocs...')
#10 {main}
ERROR - 2022-03-23 05:15:50 --> Error connecting to the database: Access denied for user ''@'localhost' (using password: NO)
CRITICAL - 2022-03-23 05:15:50 --> Unable to connect to the database.
Main connection [MySQLi]: Access denied for user ''@'localhost' (using password: NO)
#0 C:\xampp\htdocs\DlhKotaCimahi\vendor\codeigniter4\framework\system\Database\BaseConnection.php(577): CodeIgniter\Database\BaseConnection->initialize()
#1 C:\xampp\htdocs\DlhKotaCimahi\vendor\codeigniter4\framework\system\Database\BaseBuilder.php(1455): CodeIgniter\Database\BaseConnection->query('SELECT *\nFROM `...', Array, false)
#2 C:\xampp\htdocs\DlhKotaCimahi\vendor\codeigniter4\framework\system\Model.php(210): CodeIgniter\Database\BaseBuilder->get()
#3 C:\xampp\htdocs\DlhKotaCimahi\vendor\codeigniter4\framework\system\BaseModel.php(622): CodeIgniter\Model->doFirst()
#4 C:\xampp\htdocs\DlhKotaCimahi\app\Controllers\Auth.php(23): CodeIgniter\BaseModel->first()
#5 C:\xampp\htdocs\DlhKotaCimahi\vendor\codeigniter4\framework\system\CodeIgniter.php(832): App\Controllers\Auth->login()
#6 C:\xampp\htdocs\DlhKotaCimahi\vendor\codeigniter4\framework\system\CodeIgniter.php(419): CodeIgniter\CodeIgniter->runController(Object(App\Controllers\Auth))
#7 C:\xampp\htdocs\DlhKotaCimahi\vendor\codeigniter4\framework\system\CodeIgniter.php(326): CodeIgniter\CodeIgniter->handleRequest(NULL, Object(Config\Cache), false)
#8 C:\xampp\htdocs\DlhKotaCimahi\public\index.php(37): CodeIgniter\CodeIgniter->run()
#9 C:\xampp\htdocs\DlhKotaCimahi\vendor\codeigniter4\framework\system\Commands\Server\rewrite.php(43): require_once('C:\\xampp\\htdocs...')
#10 {main}
CRITICAL - 2022-03-23 05:43:56 --> Cannot declare class App\Models\BODEksisting, because the name is already in use
#0 [internal function]: CodeIgniter\Debug\Exceptions->shutdownHandler()
#1 {main}
CRITICAL - 2022-03-23 05:44:47 --> Cannot declare class App\Models\DB_BODEksisting, because the name is already in use
#0 [internal function]: CodeIgniter\Debug\Exceptions->shutdownHandler()
#1 {main}
CRITICAL - 2022-03-23 05:47:46 --> Call to undefined method App\Models\BODEksistingModel::getBodEksisting
#0 C:\xampp\htdocs\DlhKotaCimahi\app\Controllers\BODEksisting.php(25): CodeIgniter\Model->__call('getBodEksisting', Array)
#1 C:\xampp\htdocs\DlhKotaCimahi\vendor\codeigniter4\framework\system\CodeIgniter.php(832): App\Controllers\BODEksisting->create()
#2 C:\xampp\htdocs\DlhKotaCimahi\vendor\codeigniter4\framework\system\CodeIgniter.php(419): CodeIgniter\CodeIgniter->runController(Object(App\Controllers\BODEksisting))
#3 C:\xampp\htdocs\DlhKotaCimahi\vendor\codeigniter4\framework\system\CodeIgniter.php(326): CodeIgniter\CodeIgniter->handleRequest(NULL, Object(Config\Cache), false)
#4 C:\xampp\htdocs\DlhKotaCimahi\public\index.php(37): CodeIgniter\CodeIgniter->run()
#5 C:\xampp\htdocs\DlhKotaCimahi\vendor\codeigniter4\framework\system\Commands\Server\rewrite.php(43): require_once('C:\\xampp\\htdocs...')
#6 {main}
CRITICAL - 2022-03-23 06:08:04 --> Undefined variable: data
#0 C:\xampp\htdocs\DlhKotaCimahi\app\Views\pages\BODEksisting\index.php(74): CodeIgniter\Debug\Exceptions->errorHandler(8, 'Undefined varia...', 'C:\\xampp\\htdocs...', 74, Array)
#1 C:\xampp\htdocs\DlhKotaCimahi\vendor\codeigniter4\framework\system\View\View.php(210): include('C:\\xampp\\htdocs...')
#2 C:\xampp\htdocs\DlhKotaCimahi\vendor\codeigniter4\framework\system\View\View.php(213): CodeIgniter\View\View->CodeIgniter\View\{closure}()
#3 C:\xampp\htdocs\DlhKotaCimahi\vendor\codeigniter4\framework\system\Common.php(1089): CodeIgniter\View\View->render('/pages/BODEksis...', Array, true)
#4 C:\xampp\htdocs\DlhKotaCimahi\app\Controllers\Home.php(47): view('/pages/BODEksis...')
#5 C:\xampp\htdocs\DlhKotaCimahi\vendor\codeigniter4\framework\system\CodeIgniter.php(832): App\Controllers\Home->BODEksisting()
#6 C:\xampp\htdocs\DlhKotaCimahi\vendor\codeigniter4\framework\system\CodeIgniter.php(419): CodeIgniter\CodeIgniter->runController(Object(App\Controllers\Home))
#7 C:\xampp\htdocs\DlhKotaCimahi\vendor\codeigniter4\framework\system\CodeIgniter.php(326): CodeIgniter\CodeIgniter->handleRequest(NULL, Object(Config\Cache), false)
#8 C:\xampp\htdocs\DlhKotaCimahi\public\index.php(37): CodeIgniter\CodeIgniter->run()
#9 C:\xampp\htdocs\DlhKotaCimahi\vendor\codeigniter4\framework\system\Commands\Server\rewrite.php(43): require_once('C:\\xampp\\htdocs...')
#10 {main}
CRITICAL - 2022-03-23 06:08:51 --> Undefined variable: data
#0 C:\xampp\htdocs\DlhKotaCimahi\app\Views\pages\BODEksisting\index.php(74): CodeIgniter\Debug\Exceptions->errorHandler(8, 'Undefined varia...', 'C:\\xampp\\htdocs...', 74, Array)
#1 C:\xampp\htdocs\DlhKotaCimahi\vendor\codeigniter4\framework\system\View\View.php(210): include('C:\\xampp\\htdocs...')
#2 C:\xampp\htdocs\DlhKotaCimahi\vendor\codeigniter4\framework\system\View\View.php(213): CodeIgniter\View\View->CodeIgniter\View\{closure}()
#3 C:\xampp\htdocs\DlhKotaCimahi\vendor\codeigniter4\framework\system\Common.php(1089): CodeIgniter\View\View->render('/pages/BODEksis...', Array, true)
#4 C:\xampp\htdocs\DlhKotaCimahi\app\Controllers\Home.php(47): view('/pages/BODEksis...')
#5 C:\xampp\htdocs\DlhKotaCimahi\vendor\codeigniter4\framework\system\CodeIgniter.php(832): App\Controllers\Home->BODEksisting()
#6 C:\xampp\htdocs\DlhKotaCimahi\vendor\codeigniter4\framework\system\CodeIgniter.php(419): CodeIgniter\CodeIgniter->runController(Object(App\Controllers\Home))
#7 C:\xampp\htdocs\DlhKotaCimahi\vendor\codeigniter4\framework\system\CodeIgniter.php(326): CodeIgniter\CodeIgniter->handleRequest(NULL, Object(Config\Cache), false)
#8 C:\xampp\htdocs\DlhKotaCimahi\public\index.php(37): CodeIgniter\CodeIgniter->run()
#9 C:\xampp\htdocs\DlhKotaCimahi\vendor\codeigniter4\framework\system\Commands\Server\rewrite.php(43): require_once('C:\\xampp\\htdocs...')
#10 {main}
CRITICAL - 2022-03-23 06:08:53 --> Undefined variable: data
#0 C:\xampp\htdocs\DlhKotaCimahi\app\Views\pages\BODEksisting\index.php(74): CodeIgniter\Debug\Exceptions->errorHandler(8, 'Undefined varia...', 'C:\\xampp\\htdocs...', 74, Array)
#1 C:\xampp\htdocs\DlhKotaCimahi\vendor\codeigniter4\framework\system\View\View.php(210): include('C:\\xampp\\htdocs...')
#2 C:\xampp\htdocs\DlhKotaCimahi\vendor\codeigniter4\framework\system\View\View.php(213): CodeIgniter\View\View->CodeIgniter\View\{closure}()
#3 C:\xampp\htdocs\DlhKotaCimahi\vendor\codeigniter4\framework\system\Common.php(1089): CodeIgniter\View\View->render('/pages/BODEksis...', Array, true)
#4 C:\xampp\htdocs\DlhKotaCimahi\app\Controllers\Home.php(47): view('/pages/BODEksis...')
#5 C:\xampp\htdocs\DlhKotaCimahi\vendor\codeigniter4\framework\system\CodeIgniter.php(832): App\Controllers\Home->BODEksisting()
#6 C:\xampp\htdocs\DlhKotaCimahi\vendor\codeigniter4\framework\system\CodeIgniter.php(419): CodeIgniter\CodeIgniter->runController(Object(App\Controllers\Home))
#7 C:\xampp\htdocs\DlhKotaCimahi\vendor\codeigniter4\framework\system\CodeIgniter.php(326): CodeIgniter\CodeIgniter->handleRequest(NULL, Object(Config\Cache), false)
#8 C:\xampp\htdocs\DlhKotaCimahi\public\index.php(37): CodeIgniter\CodeIgniter->run()
#9 C:\xampp\htdocs\DlhKotaCimahi\vendor\codeigniter4\framework\system\Commands\Server\rewrite.php(43): require_once('C:\\xampp\\htdocs...')
#10 {main}
CRITICAL - 2022-03-23 06:09:27 --> Undefined variable: data
#0 C:\xampp\htdocs\DlhKotaCimahi\app\Views\pages\BODEksisting\index.php(74): CodeIgniter\Debug\Exceptions->errorHandler(8, 'Undefined varia...', 'C:\\xampp\\htdocs...', 74, Array)
#1 C:\xampp\htdocs\DlhKotaCimahi\vendor\codeigniter4\framework\system\View\View.php(210): include('C:\\xampp\\htdocs...')
#2 C:\xampp\htdocs\DlhKotaCimahi\vendor\codeigniter4\framework\system\View\View.php(213): CodeIgniter\View\View->CodeIgniter\View\{closure}()
#3 C:\xampp\htdocs\DlhKotaCimahi\vendor\codeigniter4\framework\system\Common.php(1089): CodeIgniter\View\View->render('/pages/BODEksis...', Array, true)
#4 C:\xampp\htdocs\DlhKotaCimahi\app\Controllers\Home.php(47): view('/pages/BODEksis...')
#5 C:\xampp\htdocs\DlhKotaCimahi\vendor\codeigniter4\framework\system\CodeIgniter.php(832): App\Controllers\Home->BODEksisting()
#6 C:\xampp\htdocs\DlhKotaCimahi\vendor\codeigniter4\framework\system\CodeIgniter.php(419): CodeIgniter\CodeIgniter->runController(Object(App\Controllers\Home))
#7 C:\xampp\htdocs\DlhKotaCimahi\vendor\codeigniter4\framework\system\CodeIgniter.php(326): CodeIgniter\CodeIgniter->handleRequest(NULL, Object(Config\Cache), false)
#8 C:\xampp\htdocs\DlhKotaCimahi\public\index.php(37): CodeIgniter\CodeIgniter->run()
#9 C:\xampp\htdocs\DlhKotaCimahi\vendor\codeigniter4\framework\system\Commands\Server\rewrite.php(43): require_once('C:\\xampp\\htdocs...')
#10 {main}
CRITICAL - 2022-03-23 06:09:50 --> Undefined variable: data
#0 C:\xampp\htdocs\DlhKotaCimahi\app\Views\pages\BODEksisting\index.php(74): CodeIgniter\Debug\Exceptions->errorHandler(8, 'Undefined varia...', 'C:\\xampp\\htdocs...', 74, Array)
#1 C:\xampp\htdocs\DlhKotaCimahi\vendor\codeigniter4\framework\system\View\View.php(210): include('C:\\xampp\\htdocs...')
#2 C:\xampp\htdocs\DlhKotaCimahi\vendor\codeigniter4\framework\system\View\View.php(213): CodeIgniter\View\View->CodeIgniter\View\{closure}()
#3 C:\xampp\htdocs\DlhKotaCimahi\vendor\codeigniter4\framework\system\Common.php(1089): CodeIgniter\View\View->render('/pages/BODEksis...', Array, true)
#4 C:\xampp\htdocs\DlhKotaCimahi\app\Controllers\Home.php(47): view('/pages/BODEksis...')
#5 C:\xampp\htdocs\DlhKotaCimahi\vendor\codeigniter4\framework\system\CodeIgniter.php(832): App\Controllers\Home->BODEksisting()
#6 C:\xampp\htdocs\DlhKotaCimahi\vendor\codeigniter4\framework\system\CodeIgniter.php(419): CodeIgniter\CodeIgniter->runController(Object(App\Controllers\Home))
#7 C:\xampp\htdocs\DlhKotaCimahi\vendor\codeigniter4\framework\system\CodeIgniter.php(326): CodeIgniter\CodeIgniter->handleRequest(NULL, Object(Config\Cache), false)
#8 C:\xampp\htdocs\DlhKotaCimahi\public\index.php(37): CodeIgniter\CodeIgniter->run()
#9 C:\xampp\htdocs\DlhKotaCimahi\vendor\codeigniter4\framework\system\Commands\Server\rewrite.php(43): require_once('C:\\xampp\\htdocs...')
#10 {main}
CRITICAL - 2022-03-23 06:26:25 --> Undefined variable: data
#0 C:\xampp\htdocs\DlhKotaCimahi\app\Views\pages\BODEksisting\index.php(74): CodeIgniter\Debug\Exceptions->errorHandler(8, 'Undefined varia...', 'C:\\xampp\\htdocs...', 74, Array)
#1 C:\xampp\htdocs\DlhKotaCimahi\vendor\codeigniter4\framework\system\View\View.php(210): include('C:\\xampp\\htdocs...')
#2 C:\xampp\htdocs\DlhKotaCimahi\vendor\codeigniter4\framework\system\View\View.php(213): CodeIgniter\View\View->CodeIgniter\View\{closure}()
#3 C:\xampp\htdocs\DlhKotaCimahi\vendor\codeigniter4\framework\system\Common.php(1089): CodeIgniter\View\View->render('/pages/BODEksis...', Array, true)
#4 C:\xampp\htdocs\DlhKotaCimahi\app\Controllers\Home.php(47): view('/pages/BODEksis...')
#5 C:\xampp\htdocs\DlhKotaCimahi\vendor\codeigniter4\framework\system\CodeIgniter.php(832): App\Controllers\Home->BODEksisting()
#6 C:\xampp\htdocs\DlhKotaCimahi\vendor\codeigniter4\framework\system\CodeIgniter.php(419): CodeIgniter\CodeIgniter->runController(Object(App\Controllers\Home))
#7 C:\xampp\htdocs\DlhKotaCimahi\vendor\codeigniter4\framework\system\CodeIgniter.php(326): CodeIgniter\CodeIgniter->handleRequest(NULL, Object(Config\Cache), false)
#8 C:\xampp\htdocs\DlhKotaCimahi\public\index.php(37): CodeIgniter\CodeIgniter->run()
#9 C:\xampp\htdocs\DlhKotaCimahi\vendor\codeigniter4\framework\system\Commands\Server\rewrite.php(43): require_once('C:\\xampp\\htdocs...')
#10 {main}
CRITICAL - 2022-03-23 06:26:27 --> Undefined variable: data
#0 C:\xampp\htdocs\DlhKotaCimahi\app\Views\pages\BODEksisting\index.php(74): CodeIgniter\Debug\Exceptions->errorHandler(8, 'Undefined varia...', 'C:\\xampp\\htdocs...', 74, Array)
#1 C:\xampp\htdocs\DlhKotaCimahi\vendor\codeigniter4\framework\system\View\View.php(210): include('C:\\xampp\\htdocs...')
#2 C:\xampp\htdocs\DlhKotaCimahi\vendor\codeigniter4\framework\system\View\View.php(213): CodeIgniter\View\View->CodeIgniter\View\{closure}()
#3 C:\xampp\htdocs\DlhKotaCimahi\vendor\codeigniter4\framework\system\Common.php(1089): CodeIgniter\View\View->render('/pages/BODEksis...', Array, true)
#4 C:\xampp\htdocs\DlhKotaCimahi\app\Controllers\Home.php(47): view('/pages/BODEksis...')
#5 C:\xampp\htdocs\DlhKotaCimahi\vendor\codeigniter4\framework\system\CodeIgniter.php(832): App\Controllers\Home->BODEksisting()
#6 C:\xampp\htdocs\DlhKotaCimahi\vendor\codeigniter4\framework\system\CodeIgniter.php(419): CodeIgniter\CodeIgniter->runController(Object(App\Controllers\Home))
#7 C:\xampp\htdocs\DlhKotaCimahi\vendor\codeigniter4\framework\system\CodeIgniter.php(326): CodeIgniter\CodeIgniter->handleRequest(NULL, Object(Config\Cache), false)
#8 C:\xampp\htdocs\DlhKotaCimahi\public\index.php(37): CodeIgniter\CodeIgniter->run()
#9 C:\xampp\htdocs\DlhKotaCimahi\vendor\codeigniter4\framework\system\Commands\Server\rewrite.php(43): require_once('C:\\xampp\\htdocs...')
#10 {main}
CRITICAL - 2022-03-23 06:26:29 --> Undefined variable: data
#0 C:\xampp\htdocs\DlhKotaCimahi\app\Views\pages\BODEksisting\index.php(74): CodeIgniter\Debug\Exceptions->errorHandler(8, 'Undefined varia...', 'C:\\xampp\\htdocs...', 74, Array)
#1 C:\xampp\htdocs\DlhKotaCimahi\vendor\codeigniter4\framework\system\View\View.php(210): include('C:\\xampp\\htdocs...')
#2 C:\xampp\htdocs\DlhKotaCimahi\vendor\codeigniter4\framework\system\View\View.php(213): CodeIgniter\View\View->CodeIgniter\View\{closure}()
#3 C:\xampp\htdocs\DlhKotaCimahi\vendor\codeigniter4\framework\system\Common.php(1089): CodeIgniter\View\View->render('/pages/BODEksis...', Array, true)
#4 C:\xampp\htdocs\DlhKotaCimahi\app\Controllers\Home.php(47): view('/pages/BODEksis...')
#5 C:\xampp\htdocs\DlhKotaCimahi\vendor\codeigniter4\framework\system\CodeIgniter.php(832): App\Controllers\Home->BODEksisting()
#6 C:\xampp\htdocs\DlhKotaCimahi\vendor\codeigniter4\framework\system\CodeIgniter.php(419): CodeIgniter\CodeIgniter->runController(Object(App\Controllers\Home))
#7 C:\xampp\htdocs\DlhKotaCimahi\vendor\codeigniter4\framework\system\CodeIgniter.php(326): CodeIgniter\CodeIgniter->handleRequest(NULL, Object(Config\Cache), false)
#8 C:\xampp\htdocs\DlhKotaCimahi\public\index.php(37): CodeIgniter\CodeIgniter->run()
#9 C:\xampp\htdocs\DlhKotaCimahi\vendor\codeigniter4\framework\system\Commands\Server\rewrite.php(43): require_once('C:\\xampp\\htdocs...')
#10 {main}
CRITICAL - 2022-03-23 06:28:07 --> Undefined variable: data
#0 C:\xampp\htdocs\DlhKotaCimahi\app\Views\pages\BODEksisting\index.php(74): CodeIgniter\Debug\Exceptions->errorHandler(8, 'Undefined varia...', 'C:\\xampp\\htdocs...', 74, Array)
#1 C:\xampp\htdocs\DlhKotaCimahi\vendor\codeigniter4\framework\system\View\View.php(210): include('C:\\xampp\\htdocs...')
#2 C:\xampp\htdocs\DlhKotaCimahi\vendor\codeigniter4\framework\system\View\View.php(213): CodeIgniter\View\View->CodeIgniter\View\{closure}()
#3 C:\xampp\htdocs\DlhKotaCimahi\vendor\codeigniter4\framework\system\Common.php(1089): CodeIgniter\View\View->render('/pages/BODEksis...', Array, true)
#4 C:\xampp\htdocs\DlhKotaCimahi\app\Controllers\Home.php(47): view('/pages/BODEksis...')
#5 C:\xampp\htdocs\DlhKotaCimahi\vendor\codeigniter4\framework\system\CodeIgniter.php(832): App\Controllers\Home->BODEksisting()
#6 C:\xampp\htdocs\DlhKotaCimahi\vendor\codeigniter4\framework\system\CodeIgniter.php(419): CodeIgniter\CodeIgniter->runController(Object(App\Controllers\Home))
#7 C:\xampp\htdocs\DlhKotaCimahi\vendor\codeigniter4\framework\system\CodeIgniter.php(326): CodeIgniter\CodeIgniter->handleRequest(NULL, Object(Config\Cache), false)
#8 C:\xampp\htdocs\DlhKotaCimahi\public\index.php(37): CodeIgniter\CodeIgniter->run()
#9 C:\xampp\htdocs\DlhKotaCimahi\vendor\codeigniter4\framework\system\Commands\Server\rewrite.php(43): require_once('C:\\xampp\\htdocs...')
#10 {main}
CRITICAL - 2022-03-23 06:28:08 --> Undefined variable: data
#0 C:\xampp\htdocs\DlhKotaCimahi\app\Views\pages\BODEksisting\index.php(74): CodeIgniter\Debug\Exceptions->errorHandler(8, 'Undefined varia...', 'C:\\xampp\\htdocs...', 74, Array)
#1 C:\xampp\htdocs\DlhKotaCimahi\vendor\codeigniter4\framework\system\View\View.php(210): include('C:\\xampp\\htdocs...')
#2 C:\xampp\htdocs\DlhKotaCimahi\vendor\codeigniter4\framework\system\View\View.php(213): CodeIgniter\View\View->CodeIgniter\View\{closure}()
#3 C:\xampp\htdocs\DlhKotaCimahi\vendor\codeigniter4\framework\system\Common.php(1089): CodeIgniter\View\View->render('/pages/BODEksis...', Array, true)
#4 C:\xampp\htdocs\DlhKotaCimahi\app\Controllers\Home.php(47): view('/pages/BODEksis...')
#5 C:\xampp\htdocs\DlhKotaCimahi\vendor\codeigniter4\framework\system\CodeIgniter.php(832): App\Controllers\Home->BODEksisting()
#6 C:\xampp\htdocs\DlhKotaCimahi\vendor\codeigniter4\framework\system\CodeIgniter.php(419): CodeIgniter\CodeIgniter->runController(Object(App\Controllers\Home))
#7 C:\xampp\htdocs\DlhKotaCimahi\vendor\codeigniter4\framework\system\CodeIgniter.php(326): CodeIgniter\CodeIgniter->handleRequest(NULL, Object(Config\Cache), false)
#8 C:\xampp\htdocs\DlhKotaCimahi\public\index.php(37): CodeIgniter\CodeIgniter->run()
#9 C:\xampp\htdocs\DlhKotaCimahi\vendor\codeigniter4\framework\system\Commands\Server\rewrite.php(43): require_once('C:\\xampp\\htdocs...')
#10 {main}
CRITICAL - 2022-03-23 06:28:09 --> Undefined variable: data
#0 C:\xampp\htdocs\DlhKotaCimahi\app\Views\pages\BODEksisting\index.php(74): CodeIgniter\Debug\Exceptions->errorHandler(8, 'Undefined varia...', 'C:\\xampp\\htdocs...', 74, Array)
#1 C:\xampp\htdocs\DlhKotaCimahi\vendor\codeigniter4\framework\system\View\View.php(210): include('C:\\xampp\\htdocs...')
#2 C:\xampp\htdocs\DlhKotaCimahi\vendor\codeigniter4\framework\system\View\View.php(213): CodeIgniter\View\View->CodeIgniter\View\{closure}()
#3 C:\xampp\htdocs\DlhKotaCimahi\vendor\codeigniter4\framework\system\Common.php(1089): CodeIgniter\View\View->render('/pages/BODEksis...', Array, true)
#4 C:\xampp\htdocs\DlhKotaCimahi\app\Controllers\Home.php(47): view('/pages/BODEksis...')
#5 C:\xampp\htdocs\DlhKotaCimahi\vendor\codeigniter4\framework\system\CodeIgniter.php(832): App\Controllers\Home->BODEksisting()
#6 C:\xampp\htdocs\DlhKotaCimahi\vendor\codeigniter4\framework\system\CodeIgniter.php(419): CodeIgniter\CodeIgniter->runController(Object(App\Controllers\Home))
#7 C:\xampp\htdocs\DlhKotaCimahi\vendor\codeigniter4\framework\system\CodeIgniter.php(326): CodeIgniter\CodeIgniter->handleRequest(NULL, Object(Config\Cache), false)
#8 C:\xampp\htdocs\DlhKotaCimahi\public\index.php(37): CodeIgniter\CodeIgniter->run()
#9 C:\xampp\htdocs\DlhKotaCimahi\vendor\codeigniter4\framework\system\Commands\Server\rewrite.php(43): require_once('C:\\xampp\\htdocs...')
#10 {main}
CRITICAL - 2022-03-23 06:28:10 --> Undefined variable: data
#0 C:\xampp\htdocs\DlhKotaCimahi\app\Views\pages\BODEksisting\index.php(74): CodeIgniter\Debug\Exceptions->errorHandler(8, 'Undefined varia...', 'C:\\xampp\\htdocs...', 74, Array)
#1 C:\xampp\htdocs\DlhKotaCimahi\vendor\codeigniter4\framework\system\View\View.php(210): include('C:\\xampp\\htdocs...')
#2 C:\xampp\htdocs\DlhKotaCimahi\vendor\codeigniter4\framework\system\View\View.php(213): CodeIgniter\View\View->CodeIgniter\View\{closure}()
#3 C:\xampp\htdocs\DlhKotaCimahi\vendor\codeigniter4\framework\system\Common.php(1089): CodeIgniter\View\View->render('/pages/BODEksis...', Array, true)
#4 C:\xampp\htdocs\DlhKotaCimahi\app\Controllers\Home.php(47): view('/pages/BODEksis...')
#5 C:\xampp\htdocs\DlhKotaCimahi\vendor\codeigniter4\framework\system\CodeIgniter.php(832): App\Controllers\Home->BODEksisting()
#6 C:\xampp\htdocs\DlhKotaCimahi\vendor\codeigniter4\framework\system\CodeIgniter.php(419): CodeIgniter\CodeIgniter->runController(Object(App\Controllers\Home))
#7 C:\xampp\htdocs\DlhKotaCimahi\vendor\codeigniter4\framework\system\CodeIgniter.php(326): CodeIgniter\CodeIgniter->handleRequest(NULL, Object(Config\Cache), false)
#8 C:\xampp\htdocs\DlhKotaCimahi\public\index.php(37): CodeIgniter\CodeIgniter->run()
#9 C:\xampp\htdocs\DlhKotaCimahi\vendor\codeigniter4\framework\system\Commands\Server\rewrite.php(43): require_once('C:\\xampp\\htdocs...')
#10 {main}
CRITICAL - 2022-03-23 06:28:11 --> Undefined variable: data
#0 C:\xampp\htdocs\DlhKotaCimahi\app\Views\pages\BODEksisting\index.php(74): CodeIgniter\Debug\Exceptions->errorHandler(8, 'Undefined varia...', 'C:\\xampp\\htdocs...', 74, Array)
#1 C:\xampp\htdocs\DlhKotaCimahi\vendor\codeigniter4\framework\system\View\View.php(210): include('C:\\xampp\\htdocs...')
#2 C:\xampp\htdocs\DlhKotaCimahi\vendor\codeigniter4\framework\system\View\View.php(213): CodeIgniter\View\View->CodeIgniter\View\{closure}()
#3 C:\xampp\htdocs\DlhKotaCimahi\vendor\codeigniter4\framework\system\Common.php(1089): CodeIgniter\View\View->render('/pages/BODEksis...', Array, true)
#4 C:\xampp\htdocs\DlhKotaCimahi\app\Controllers\Home.php(47): view('/pages/BODEksis...')
#5 C:\xampp\htdocs\DlhKotaCimahi\vendor\codeigniter4\framework\system\CodeIgniter.php(832): App\Controllers\Home->BODEksisting()
#6 C:\xampp\htdocs\DlhKotaCimahi\vendor\codeigniter4\framework\system\CodeIgniter.php(419): CodeIgniter\CodeIgniter->runController(Object(App\Controllers\Home))
#7 C:\xampp\htdocs\DlhKotaCimahi\vendor\codeigniter4\framework\system\CodeIgniter.php(326): CodeIgniter\CodeIgniter->handleRequest(NULL, Object(Config\Cache), false)
#8 C:\xampp\htdocs\DlhKotaCimahi\public\index.php(37): CodeIgniter\CodeIgniter->run()
#9 C:\xampp\htdocs\DlhKotaCimahi\vendor\codeigniter4\framework\system\Commands\Server\rewrite.php(43): require_once('C:\\xampp\\htdocs...')
#10 {main}
CRITICAL - 2022-03-23 06:28:36 --> Undefined variable: data
#0 C:\xampp\htdocs\DlhKotaCimahi\app\Views\pages\BODEksisting\index.php(74): CodeIgniter\Debug\Exceptions->errorHandler(8, 'Undefined varia...', 'C:\\xampp\\htdocs...', 74, Array)
#1 C:\xampp\htdocs\DlhKotaCimahi\vendor\codeigniter4\framework\system\View\View.php(210): include('C:\\xampp\\htdocs...')
#2 C:\xampp\htdocs\DlhKotaCimahi\vendor\codeigniter4\framework\system\View\View.php(213): CodeIgniter\View\View->CodeIgniter\View\{closure}()
#3 C:\xampp\htdocs\DlhKotaCimahi\vendor\codeigniter4\framework\system\Common.php(1089): CodeIgniter\View\View->render('/pages/BODEksis...', Array, true)
#4 C:\xampp\htdocs\DlhKotaCimahi\app\Controllers\Home.php(47): view('/pages/BODEksis...')
#5 C:\xampp\htdocs\DlhKotaCimahi\vendor\codeigniter4\framework\system\CodeIgniter.php(832): App\Controllers\Home->BODEksisting()
#6 C:\xampp\htdocs\DlhKotaCimahi\vendor\codeigniter4\framework\system\CodeIgniter.php(419): CodeIgniter\CodeIgniter->runController(Object(App\Controllers\Home))
#7 C:\xampp\htdocs\DlhKotaCimahi\vendor\codeigniter4\framework\system\CodeIgniter.php(326): CodeIgniter\CodeIgniter->handleRequest(NULL, Object(Config\Cache), false)
#8 C:\xampp\htdocs\DlhKotaCimahi\public\index.php(37): CodeIgniter\CodeIgniter->run()
#9 C:\xampp\htdocs\DlhKotaCimahi\vendor\codeigniter4\framework\system\Commands\Server\rewrite.php(43): require_once('C:\\xampp\\htdocs...')
#10 {main}
CRITICAL - 2022-03-23 06:28:40 --> Undefined variable: data
#0 C:\xampp\htdocs\DlhKotaCimahi\app\Views\pages\BODEksisting\index.php(74): CodeIgniter\Debug\Exceptions->errorHandler(8, 'Undefined varia...', 'C:\\xampp\\htdocs...', 74, Array)
#1 C:\xampp\htdocs\DlhKotaCimahi\vendor\codeigniter4\framework\system\View\View.php(210): include('C:\\xampp\\htdocs...')
#2 C:\xampp\htdocs\DlhKotaCimahi\vendor\codeigniter4\framework\system\View\View.php(213): CodeIgniter\View\View->CodeIgniter\View\{closure}()
#3 C:\xampp\htdocs\DlhKotaCimahi\vendor\codeigniter4\framework\system\Common.php(1089): CodeIgniter\View\View->render('/pages/BODEksis...', Array, true)
#4 C:\xampp\htdocs\DlhKotaCimahi\app\Controllers\Home.php(47): view('/pages/BODEksis...')
#5 C:\xampp\htdocs\DlhKotaCimahi\vendor\codeigniter4\framework\system\CodeIgniter.php(832): App\Controllers\Home->BODEksisting()
#6 C:\xampp\htdocs\DlhKotaCimahi\vendor\codeigniter4\framework\system\CodeIgniter.php(419): CodeIgniter\CodeIgniter->runController(Object(App\Controllers\Home))
#7 C:\xampp\htdocs\DlhKotaCimahi\vendor\codeigniter4\framework\system\CodeIgniter.php(326): CodeIgniter\CodeIgniter->handleRequest(NULL, Object(Config\Cache), false)
#8 C:\xampp\htdocs\DlhKotaCimahi\public\index.php(37): CodeIgniter\CodeIgniter->run()
#9 C:\xampp\htdocs\DlhKotaCimahi\vendor\codeigniter4\framework\system\Commands\Server\rewrite.php(43): require_once('C:\\xampp\\htdocs...')
#10 {main}
CRITICAL - 2022-03-23 06:32:10 --> Undefined variable: data
#0 C:\xampp\htdocs\DlhKotaCimahi\app\Views\pages\BODEksisting\index.php(74): CodeIgniter\Debug\Exceptions->errorHandler(8, 'Undefined varia...', 'C:\\xampp\\htdocs...', 74, Array)
#1 C:\xampp\htdocs\DlhKotaCimahi\vendor\codeigniter4\framework\system\View\View.php(210): include('C:\\xampp\\htdocs...')
#2 C:\xampp\htdocs\DlhKotaCimahi\vendor\codeigniter4\framework\system\View\View.php(213): CodeIgniter\View\View->CodeIgniter\View\{closure}()
#3 C:\xampp\htdocs\DlhKotaCimahi\vendor\codeigniter4\framework\system\Common.php(1089): CodeIgniter\View\View->render('/pages/BODEksis...', Array, true)
#4 C:\xampp\htdocs\DlhKotaCimahi\app\Controllers\Home.php(47): view('/pages/BODEksis...')
#5 C:\xampp\htdocs\DlhKotaCimahi\vendor\codeigniter4\framework\system\CodeIgniter.php(832): App\Controllers\Home->BODEksisting()
#6 C:\xampp\htdocs\DlhKotaCimahi\vendor\codeigniter4\framework\system\CodeIgniter.php(419): CodeIgniter\CodeIgniter->runController(Object(App\Controllers\Home))
#7 C:\xampp\htdocs\DlhKotaCimahi\vendor\codeigniter4\framework\system\CodeIgniter.php(326): CodeIgniter\CodeIgniter->handleRequest(NULL, Object(Config\Cache), false)
#8 C:\xampp\htdocs\DlhKotaCimahi\public\index.php(37): CodeIgniter\CodeIgniter->run()
#9 C:\xampp\htdocs\DlhKotaCimahi\vendor\codeigniter4\framework\system\Commands\Server\rewrite.php(43): require_once('C:\\xampp\\htdocs...')
#10 {main}
CRITICAL - 2022-03-23 06:32:52 --> Invalid file: /pages/BODEksisting/index.php
#0 C:\xampp\htdocs\DlhKotaCimahi\vendor\codeigniter4\framework\system\View\View.php(198): CodeIgniter\Exceptions\FrameworkException::forInvalidFile('/pages/BODEksis...')
#1 C:\xampp\htdocs\DlhKotaCimahi\vendor\codeigniter4\framework\system\Common.php(1089): CodeIgniter\View\View->render('/pages/BODEksis...', Array, true)
#2 C:\xampp\htdocs\DlhKotaCimahi\app\Controllers\Home.php(47): view('/pages/BODEksis...')
#3 C:\xampp\htdocs\DlhKotaCimahi\vendor\codeigniter4\framework\system\CodeIgniter.php(832): App\Controllers\Home->BODEksisting()
#4 C:\xampp\htdocs\DlhKotaCimahi\vendor\codeigniter4\framework\system\CodeIgniter.php(419): CodeIgniter\CodeIgniter->runController(Object(App\Controllers\Home))
#5 C:\xampp\htdocs\DlhKotaCimahi\vendor\codeigniter4\framework\system\CodeIgniter.php(326): CodeIgniter\CodeIgniter->handleRequest(NULL, Object(Config\Cache), false)
#6 C:\xampp\htdocs\DlhKotaCimahi\public\index.php(37): CodeIgniter\CodeIgniter->run()
#7 C:\xampp\htdocs\DlhKotaCimahi\vendor\codeigniter4\framework\system\Commands\Server\rewrite.php(43): require_once('C:\\xampp\\htdocs...')
#8 {main}
CRITICAL - 2022-03-23 06:33:21 --> Invalid file: /pages/BODEksisting/index.php
#0 C:\xampp\htdocs\DlhKotaCimahi\vendor\codeigniter4\framework\system\View\View.php(198): CodeIgniter\Exceptions\FrameworkException::forInvalidFile('/pages/BODEksis...')
#1 C:\xampp\htdocs\DlhKotaCimahi\vendor\codeigniter4\framework\system\Common.php(1089): CodeIgniter\View\View->render('/pages/BODEksis...', Array, true)
#2 C:\xampp\htdocs\DlhKotaCimahi\app\Controllers\Home.php(47): view('/pages/BODEksis...')
#3 C:\xampp\htdocs\DlhKotaCimahi\vendor\codeigniter4\framework\system\CodeIgniter.php(832): App\Controllers\Home->BODEksisting()
#4 C:\xampp\htdocs\DlhKotaCimahi\vendor\codeigniter4\framework\system\CodeIgniter.php(419): CodeIgniter\CodeIgniter->runController(Object(App\Controllers\Home))
#5 C:\xampp\htdocs\DlhKotaCimahi\vendor\codeigniter4\framework\system\CodeIgniter.php(326): CodeIgniter\CodeIgniter->handleRequest(NULL, Object(Config\Cache), false)
#6 C:\xampp\htdocs\DlhKotaCimahi\public\index.php(37): CodeIgniter\CodeIgniter->run()
#7 C:\xampp\htdocs\DlhKotaCimahi\vendor\codeigniter4\framework\system\Commands\Server\rewrite.php(43): require_once('C:\\xampp\\htdocs...')
#8 {main}
CRITICAL - 2022-03-23 06:36:39 --> Undefined variable: data
#0 C:\xampp\htdocs\DlhKotaCimahi\app\Views\pages\BODEksisting\bodlist.php(74): CodeIgniter\Debug\Exceptions->errorHandler(8, 'Undefined varia...', 'C:\\xampp\\htdocs...', 74, Array)
#1 C:\xampp\htdocs\DlhKotaCimahi\vendor\codeigniter4\framework\system\View\View.php(210): include('C:\\xampp\\htdocs...')
#2 C:\xampp\htdocs\DlhKotaCimahi\vendor\codeigniter4\framework\system\View\View.php(213): CodeIgniter\View\View->CodeIgniter\View\{closure}()
#3 C:\xampp\htdocs\DlhKotaCimahi\vendor\codeigniter4\framework\system\Common.php(1089): CodeIgniter\View\View->render('pages/BODEksist...', Array, true)
#4 C:\xampp\htdocs\DlhKotaCimahi\app\Controllers\BODEksisting.php(25): view('pages/BODEksist...', Array)
#5 C:\xampp\htdocs\DlhKotaCimahi\vendor\codeigniter4\framework\system\CodeIgniter.php(832): App\Controllers\BODEksisting->listbod()
#6 C:\xampp\htdocs\DlhKotaCimahi\vendor\codeigniter4\framework\system\CodeIgniter.php(419): CodeIgniter\CodeIgniter->runController(Object(App\Controllers\BODEksisting))
#7 C:\xampp\htdocs\DlhKotaCimahi\vendor\codeigniter4\framework\system\CodeIgniter.php(326): CodeIgniter\CodeIgniter->handleRequest(NULL, Object(Config\Cache), false)
#8 C:\xampp\htdocs\DlhKotaCimahi\public\index.php(37): CodeIgniter\CodeIgniter->run()
#9 C:\xampp\htdocs\DlhKotaCimahi\vendor\codeigniter4\framework\system\Commands\Server\rewrite.php(43): require_once('C:\\xampp\\htdocs...')
#10 {main}
CRITICAL - 2022-03-23 06:37:12 --> Undefined variable: data
#0 C:\xampp\htdocs\DlhKotaCimahi\app\Views\pages\BODEksisting\bodlist.php(74): CodeIgniter\Debug\Exceptions->errorHandler(8, 'Undefined varia...', 'C:\\xampp\\htdocs...', 74, Array)
#1 C:\xampp\htdocs\DlhKotaCimahi\vendor\codeigniter4\framework\system\View\View.php(210): include('C:\\xampp\\htdocs...')
#2 C:\xampp\htdocs\DlhKotaCimahi\vendor\codeigniter4\framework\system\View\View.php(213): CodeIgniter\View\View->CodeIgniter\View\{closure}()
#3 C:\xampp\htdocs\DlhKotaCimahi\vendor\codeigniter4\framework\system\Common.php(1089): CodeIgniter\View\View->render('pages/BODEksist...', Array, true)
#4 C:\xampp\htdocs\DlhKotaCimahi\app\Controllers\BODEksisting.php(25): view('pages/BODEksist...', Array)
#5 C:\xampp\htdocs\DlhKotaCimahi\vendor\codeigniter4\framework\system\CodeIgniter.php(832): App\Controllers\BODEksisting->listbod()
#6 C:\xampp\htdocs\DlhKotaCimahi\vendor\codeigniter4\framework\system\CodeIgniter.php(419): CodeIgniter\CodeIgniter->runController(Object(App\Controllers\BODEksisting))
#7 C:\xampp\htdocs\DlhKotaCimahi\vendor\codeigniter4\framework\system\CodeIgniter.php(326): CodeIgniter\CodeIgniter->handleRequest(NULL, Object(Config\Cache), false)
#8 C:\xampp\htdocs\DlhKotaCimahi\public\index.php(37): CodeIgniter\CodeIgniter->run()
#9 C:\xampp\htdocs\DlhKotaCimahi\vendor\codeigniter4\framework\system\Commands\Server\rewrite.php(43): require_once('C:\\xampp\\htdocs...')
#10 {main}
CRITICAL - 2022-03-23 06:37:13 --> Undefined variable: data
#0 C:\xampp\htdocs\DlhKotaCimahi\app\Views\pages\BODEksisting\bodlist.php(74): CodeIgniter\Debug\Exceptions->errorHandler(8, 'Undefined varia...', 'C:\\xampp\\htdocs...', 74, Array)
#1 C:\xampp\htdocs\DlhKotaCimahi\vendor\codeigniter4\framework\system\View\View.php(210): include('C:\\xampp\\htdocs...')
#2 C:\xampp\htdocs\DlhKotaCimahi\vendor\codeigniter4\framework\system\View\View.php(213): CodeIgniter\View\View->CodeIgniter\View\{closure}()
#3 C:\xampp\htdocs\DlhKotaCimahi\vendor\codeigniter4\framework\system\Common.php(1089): CodeIgniter\View\View->render('pages/BODEksist...', Array, true)
#4 C:\xampp\htdocs\DlhKotaCimahi\app\Controllers\BODEksisting.php(25): view('pages/BODEksist...', Array)
#5 C:\xampp\htdocs\DlhKotaCimahi\vendor\codeigniter4\framework\system\CodeIgniter.php(832): App\Controllers\BODEksisting->listbod()
#6 C:\xampp\htdocs\DlhKotaCimahi\vendor\codeigniter4\framework\system\CodeIgniter.php(419): CodeIgniter\CodeIgniter->runController(Object(App\Controllers\BODEksisting))
#7 C:\xampp\htdocs\DlhKotaCimahi\vendor\codeigniter4\framework\system\CodeIgniter.php(326): CodeIgniter\CodeIgniter->handleRequest(NULL, Object(Config\Cache), false)
#8 C:\xampp\htdocs\DlhKotaCimahi\public\index.php(37): CodeIgniter\CodeIgniter->run()
#9 C:\xampp\htdocs\DlhKotaCimahi\vendor\codeigniter4\framework\system\Commands\Server\rewrite.php(43): require_once('C:\\xampp\\htdocs...')
#10 {main}
CRITICAL - 2022-03-23 06:37:14 --> Undefined variable: data
#0 C:\xampp\htdocs\DlhKotaCimahi\app\Views\pages\BODEksisting\bodlist.php(74): CodeIgniter\Debug\Exceptions->errorHandler(8, 'Undefined varia...', 'C:\\xampp\\htdocs...', 74, Array)
#1 C:\xampp\htdocs\DlhKotaCimahi\vendor\codeigniter4\framework\system\View\View.php(210): include('C:\\xampp\\htdocs...')
#2 C:\xampp\htdocs\DlhKotaCimahi\vendor\codeigniter4\framework\system\View\View.php(213): CodeIgniter\View\View->CodeIgniter\View\{closure}()
#3 C:\xampp\htdocs\DlhKotaCimahi\vendor\codeigniter4\framework\system\Common.php(1089): CodeIgniter\View\View->render('pages/BODEksist...', Array, true)
#4 C:\xampp\htdocs\DlhKotaCimahi\app\Controllers\BODEksisting.php(25): view('pages/BODEksist...', Array)
#5 C:\xampp\htdocs\DlhKotaCimahi\vendor\codeigniter4\framework\system\CodeIgniter.php(832): App\Controllers\BODEksisting->listbod()
#6 C:\xampp\htdocs\DlhKotaCimahi\vendor\codeigniter4\framework\system\CodeIgniter.php(419): CodeIgniter\CodeIgniter->runController(Object(App\Controllers\BODEksisting))
#7 C:\xampp\htdocs\DlhKotaCimahi\vendor\codeigniter4\framework\system\CodeIgniter.php(326): CodeIgniter\CodeIgniter->handleRequest(NULL, Object(Config\Cache), false)
#8 C:\xampp\htdocs\DlhKotaCimahi\public\index.php(37): CodeIgniter\CodeIgniter->run()
#9 C:\xampp\htdocs\DlhKotaCimahi\vendor\codeigniter4\framework\system\Commands\Server\rewrite.php(43): require_once('C:\\xampp\\htdocs...')
#10 {main}
CRITICAL - 2022-03-23 06:37:14 --> Undefined variable: data
#0 C:\xampp\htdocs\DlhKotaCimahi\app\Views\pages\BODEksisting\bodlist.php(74): CodeIgniter\Debug\Exceptions->errorHandler(8, 'Undefined varia...', 'C:\\xampp\\htdocs...', 74, Array)
#1 C:\xampp\htdocs\DlhKotaCimahi\vendor\codeigniter4\framework\system\View\View.php(210): include('C:\\xampp\\htdocs...')
#2 C:\xampp\htdocs\DlhKotaCimahi\vendor\codeigniter4\framework\system\View\View.php(213): CodeIgniter\View\View->CodeIgniter\View\{closure}()
#3 C:\xampp\htdocs\DlhKotaCimahi\vendor\codeigniter4\framework\system\Common.php(1089): CodeIgniter\View\View->render('pages/BODEksist...', Array, true)
#4 C:\xampp\htdocs\DlhKotaCimahi\app\Controllers\BODEksisting.php(25): view('pages/BODEksist...', Array)
#5 C:\xampp\htdocs\DlhKotaCimahi\vendor\codeigniter4\framework\system\CodeIgniter.php(832): App\Controllers\BODEksisting->listbod()
#6 C:\xampp\htdocs\DlhKotaCimahi\vendor\codeigniter4\framework\system\CodeIgniter.php(419): CodeIgniter\CodeIgniter->runController(Object(App\Controllers\BODEksisting))
#7 C:\xampp\htdocs\DlhKotaCimahi\vendor\codeigniter4\framework\system\CodeIgniter.php(326): CodeIgniter\CodeIgniter->handleRequest(NULL, Object(Config\Cache), false)
#8 C:\xampp\htdocs\DlhKotaCimahi\public\index.php(37): CodeIgniter\CodeIgniter->run()
#9 C:\xampp\htdocs\DlhKotaCimahi\vendor\codeigniter4\framework\system\Commands\Server\rewrite.php(43): require_once('C:\\xampp\\htdocs...')
#10 {main}
CRITICAL - 2022-03-23 06:37:26 --> Undefined variable: data
#0 C:\xampp\htdocs\DlhKotaCimahi\app\Views\pages\BODEksisting\bodlist.php(74): CodeIgniter\Debug\Exceptions->errorHandler(8, 'Undefined varia...', 'C:\\xampp\\htdocs...', 74, Array)
#1 C:\xampp\htdocs\DlhKotaCimahi\vendor\codeigniter4\framework\system\View\View.php(210): include('C:\\xampp\\htdocs...')
#2 C:\xampp\htdocs\DlhKotaCimahi\vendor\codeigniter4\framework\system\View\View.php(213): CodeIgniter\View\View->CodeIgniter\View\{closure}()
#3 C:\xampp\htdocs\DlhKotaCimahi\vendor\codeigniter4\framework\system\Common.php(1089): CodeIgniter\View\View->render('pages/BODEksist...', Array, true)
#4 C:\xampp\htdocs\DlhKotaCimahi\app\Controllers\BODEksisting.php(25): view('pages/BODEksist...', Array)
#5 C:\xampp\htdocs\DlhKotaCimahi\vendor\codeigniter4\framework\system\CodeIgniter.php(832): App\Controllers\BODEksisting->listbod()
#6 C:\xampp\htdocs\DlhKotaCimahi\vendor\codeigniter4\framework\system\CodeIgniter.php(419): CodeIgniter\CodeIgniter->runController(Object(App\Controllers\BODEksisting))
#7 C:\xampp\htdocs\DlhKotaCimahi\vendor\codeigniter4\framework\system\CodeIgniter.php(326): CodeIgniter\CodeIgniter->handleRequest(NULL, Object(Config\Cache), false)
#8 C:\xampp\htdocs\DlhKotaCimahi\public\index.php(37): CodeIgniter\CodeIgniter->run()
#9 C:\xampp\htdocs\DlhKotaCimahi\vendor\codeigniter4\framework\system\Commands\Server\rewrite.php(43): require_once('C:\\xampp\\htdocs...')
#10 {main}
CRITICAL - 2022-03-23 06:37:27 --> Undefined variable: data
#0 C:\xampp\htdocs\DlhKotaCimahi\app\Views\pages\BODEksisting\bodlist.php(74): CodeIgniter\Debug\Exceptions->errorHandler(8, 'Undefined varia...', 'C:\\xampp\\htdocs...', 74, Array)
#1 C:\xampp\htdocs\DlhKotaCimahi\vendor\codeigniter4\framework\system\View\View.php(210): include('C:\\xampp\\htdocs...')
#2 C:\xampp\htdocs\DlhKotaCimahi\vendor\codeigniter4\framework\system\View\View.php(213): CodeIgniter\View\View->CodeIgniter\View\{closure}()
#3 C:\xampp\htdocs\DlhKotaCimahi\vendor\codeigniter4\framework\system\Common.php(1089): CodeIgniter\View\View->render('pages/BODEksist...', Array, true)
#4 C:\xampp\htdocs\DlhKotaCimahi\app\Controllers\BODEksisting.php(25): view('pages/BODEksist...', Array)
#5 C:\xampp\htdocs\DlhKotaCimahi\vendor\codeigniter4\framework\system\CodeIgniter.php(832): App\Controllers\BODEksisting->listbod()
#6 C:\xampp\htdocs\DlhKotaCimahi\vendor\codeigniter4\framework\system\CodeIgniter.php(419): CodeIgniter\CodeIgniter->runController(Object(App\Controllers\BODEksisting))
#7 C:\xampp\htdocs\DlhKotaCimahi\vendor\codeigniter4\framework\system\CodeIgniter.php(326): CodeIgniter\CodeIgniter->handleRequest(NULL, Object(Config\Cache), false)
#8 C:\xampp\htdocs\DlhKotaCimahi\public\index.php(37): CodeIgniter\CodeIgniter->run()
#9 C:\xampp\htdocs\DlhKotaCimahi\vendor\codeigniter4\framework\system\Commands\Server\rewrite.php(43): require_once('C:\\xampp\\htdocs...')
#10 {main}
CRITICAL - 2022-03-23 06:41:11 --> Undefined variable: bod
#0 C:\xampp\htdocs\DlhKotaCimahi\app\Views\pages\BODEksisting\bodlist.php(74): CodeIgniter\Debug\Exceptions->errorHandler(8, 'Undefined varia...', 'C:\\xampp\\htdocs...', 74, Array)
#1 C:\xampp\htdocs\DlhKotaCimahi\vendor\codeigniter4\framework\system\View\View.php(210): include('C:\\xampp\\htdocs...')
#2 C:\xampp\htdocs\DlhKotaCimahi\vendor\codeigniter4\framework\system\View\View.php(213): CodeIgniter\View\View->CodeIgniter\View\{closure}()
#3 C:\xampp\htdocs\DlhKotaCimahi\vendor\codeigniter4\framework\system\Common.php(1089): CodeIgniter\View\View->render('pages/BODEksist...', Array, true)
#4 C:\xampp\htdocs\DlhKotaCimahi\app\Controllers\BODEksisting.php(25): view('pages/BODEksist...', Array)
#5 C:\xampp\htdocs\DlhKotaCimahi\vendor\codeigniter4\framework\system\CodeIgniter.php(832): App\Controllers\BODEksisting->listbod()
#6 C:\xampp\htdocs\DlhKotaCimahi\vendor\codeigniter4\framework\system\CodeIgniter.php(419): CodeIgniter\CodeIgniter->runController(Object(App\Controllers\BODEksisting))
#7 C:\xampp\htdocs\DlhKotaCimahi\vendor\codeigniter4\framework\system\CodeIgniter.php(326): CodeIgniter\CodeIgniter->handleRequest(NULL, Object(Config\Cache), false)
#8 C:\xampp\htdocs\DlhKotaCimahi\public\index.php(37): CodeIgniter\CodeIgniter->run()
#9 C:\xampp\htdocs\DlhKotaCimahi\vendor\codeigniter4\framework\system\Commands\Server\rewrite.php(43): require_once('C:\\xampp\\htdocs...')
#10 {main}
CRITICAL - 2022-03-23 06:41:13 --> Undefined variable: bod
#0 C:\xampp\htdocs\DlhKotaCimahi\app\Views\pages\BODEksisting\bodlist.php(74): CodeIgniter\Debug\Exceptions->errorHandler(8, 'Undefined varia...', 'C:\\xampp\\htdocs...', 74, Array)
#1 C:\xampp\htdocs\DlhKotaCimahi\vendor\codeigniter4\framework\system\View\View.php(210): include('C:\\xampp\\htdocs...')
#2 C:\xampp\htdocs\DlhKotaCimahi\vendor\codeigniter4\framework\system\View\View.php(213): CodeIgniter\View\View->CodeIgniter\View\{closure}()
#3 C:\xampp\htdocs\DlhKotaCimahi\vendor\codeigniter4\framework\system\Common.php(1089): CodeIgniter\View\View->render('pages/BODEksist...', Array, true)
#4 C:\xampp\htdocs\DlhKotaCimahi\app\Controllers\BODEksisting.php(25): view('pages/BODEksist...', Array)
#5 C:\xampp\htdocs\DlhKotaCimahi\vendor\codeigniter4\framework\system\CodeIgniter.php(832): App\Controllers\BODEksisting->listbod()
#6 C:\xampp\htdocs\DlhKotaCimahi\vendor\codeigniter4\framework\system\CodeIgniter.php(419): CodeIgniter\CodeIgniter->runController(Object(App\Controllers\BODEksisting))
#7 C:\xampp\htdocs\DlhKotaCimahi\vendor\codeigniter4\framework\system\CodeIgniter.php(326): CodeIgniter\CodeIgniter->handleRequest(NULL, Object(Config\Cache), false)
#8 C:\xampp\htdocs\DlhKotaCimahi\public\index.php(37): CodeIgniter\CodeIgniter->run()
#9 C:\xampp\htdocs\DlhKotaCimahi\vendor\codeigniter4\framework\system\Commands\Server\rewrite.php(43): require_once('C:\\xampp\\htdocs...')
#10 {main}
CRITICAL - 2022-03-23 09:23:38 --> Undefined property: App\Controllers\BODEksisting::$BODEksistingModel
#0 C:\xampp\htdocs\DlhKotaCimahi\app\Controllers\BODEksisting.php(74): CodeIgniter\Debug\Exceptions->errorHandler(8, 'Undefined prope...', 'C:\\xampp\\htdocs...', 74, Array)
#1 C:\xampp\htdocs\DlhKotaCimahi\vendor\codeigniter4\framework\system\CodeIgniter.php(832): App\Controllers\BODEksisting->create()
#2 C:\xampp\htdocs\DlhKotaCimahi\vendor\codeigniter4\framework\system\CodeIgniter.php(419): CodeIgniter\CodeIgniter->runController(Object(App\Controllers\BODEksisting))
#3 C:\xampp\htdocs\DlhKotaCimahi\vendor\codeigniter4\framework\system\CodeIgniter.php(326): CodeIgniter\CodeIgniter->handleRequest(NULL, Object(Config\Cache), false)
#4 C:\xampp\htdocs\DlhKotaCimahi\public\index.php(37): CodeIgniter\CodeIgniter->run()
#5 C:\xampp\htdocs\DlhKotaCimahi\vendor\codeigniter4\framework\system\Commands\Server\rewrite.php(43): require_once('C:\\xampp\\htdocs...')
#6 {main}
CRITICAL - 2022-03-23 09:27:50 --> Undefined property: App\Controllers\BODEksisting::$BODEksistingModel
#0 C:\xampp\htdocs\DlhKotaCimahi\app\Controllers\BODEksisting.php(80): CodeIgniter\Debug\Exceptions->errorHandler(8, 'Undefined prope...', 'C:\\xampp\\htdocs...', 80, Array)
#1 C:\xampp\htdocs\DlhKotaCimahi\vendor\codeigniter4\framework\system\CodeIgniter.php(832): App\Controllers\BODEksisting->create()
#2 C:\xampp\htdocs\DlhKotaCimahi\vendor\codeigniter4\framework\system\CodeIgniter.php(419): CodeIgniter\CodeIgniter->runController(Object(App\Controllers\BODEksisting))
#3 C:\xampp\htdocs\DlhKotaCimahi\vendor\codeigniter4\framework\system\CodeIgniter.php(326): CodeIgniter\CodeIgniter->handleRequest(NULL, Object(Config\Cache), false)
#4 C:\xampp\htdocs\DlhKotaCimahi\public\index.php(37): CodeIgniter\CodeIgniter->run()
#5 C:\xampp\htdocs\DlhKotaCimahi\vendor\codeigniter4\framework\system\Commands\Server\rewrite.php(43): require_once('C:\\xampp\\htdocs...')
#6 {main}
ERROR - 2022-03-23 09:29:40 --> Unknown column 'title' in 'field list'
CRITICAL - 2022-03-23 09:29:40 --> Unknown column 'title' in 'field list'
#0 C:\xampp\htdocs\DlhKotaCimahi\vendor\codeigniter4\framework\system\Database\MySQLi\Connection.php(292): mysqli->query('INSERT INTO `bo...', 0)
#1 C:\xampp\htdocs\DlhKotaCimahi\vendor\codeigniter4\framework\system\Database\BaseConnection.php(670): CodeIgniter\Database\MySQLi\Connection->execute('INSERT INTO `bo...')
#2 C:\xampp\htdocs\DlhKotaCimahi\vendor\codeigniter4\framework\system\Database\BaseConnection.php(598): CodeIgniter\Database\BaseConnection->simpleQuery('INSERT INTO `bo...')
#3 C:\xampp\htdocs\DlhKotaCimahi\vendor\codeigniter4\framework\system\Database\BaseBuilder.php(1771): CodeIgniter\Database\BaseConnection->query('INSERT INTO `bo...', Array, false)
#4 C:\xampp\htdocs\DlhKotaCimahi\app\Models\BODEksistingModel.php(28): CodeIgniter\Database\BaseBuilder->insert(Array)
#5 C:\xampp\htdocs\DlhKotaCimahi\app\Controllers\BODEksisting.php(80): App\Models\BODEksistingModel->bod_eksisting_post(Array)
#6 C:\xampp\htdocs\DlhKotaCimahi\vendor\codeigniter4\framework\system\CodeIgniter.php(832): App\Controllers\BODEksisting->create()
#7 C:\xampp\htdocs\DlhKotaCimahi\vendor\codeigniter4\framework\system\CodeIgniter.php(419): CodeIgniter\CodeIgniter->runController(Object(App\Controllers\BODEksisting))
#8 C:\xampp\htdocs\DlhKotaCimahi\vendor\codeigniter4\framework\system\CodeIgniter.php(326): CodeIgniter\CodeIgniter->handleRequest(NULL, Object(Config\Cache), false)
#9 C:\xampp\htdocs\DlhKotaCimahi\public\index.php(37): CodeIgniter\CodeIgniter->run()
#10 C:\xampp\htdocs\DlhKotaCimahi\vendor\codeigniter4\framework\system\Commands\Server\rewrite.php(43): require_once('C:\\xampp\\htdocs...')
#11 {main}
ERROR - 2022-03-23 09:29:53 --> Column 'nama_sungai' cannot be null
CRITICAL - 2022-03-23 09:29:53 --> Column 'nama_sungai' cannot be null
#0 C:\xampp\htdocs\DlhKotaCimahi\vendor\codeigniter4\framework\system\Database\MySQLi\Connection.php(292): mysqli->query('INSERT INTO `bo...', 0)
#1 C:\xampp\htdocs\DlhKotaCimahi\vendor\codeigniter4\framework\system\Database\BaseConnection.php(670): CodeIgniter\Database\MySQLi\Connection->execute('INSERT INTO `bo...')
#2 C:\xampp\htdocs\DlhKotaCimahi\vendor\codeigniter4\framework\system\Database\BaseConnection.php(598): CodeIgniter\Database\BaseConnection->simpleQuery('INSERT INTO `bo...')
#3 C:\xampp\htdocs\DlhKotaCimahi\vendor\codeigniter4\framework\system\Database\BaseBuilder.php(1771): CodeIgniter\Database\BaseConnection->query('INSERT INTO `bo...', Array, false)
#4 C:\xampp\htdocs\DlhKotaCimahi\app\Models\BODEksistingModel.php(28): CodeIgniter\Database\BaseBuilder->insert(Array)
#5 C:\xampp\htdocs\DlhKotaCimahi\app\Controllers\BODEksisting.php(78): App\Models\BODEksistingModel->bod_eksisting_post(Array)
#6 C:\xampp\htdocs\DlhKotaCimahi\vendor\codeigniter4\framework\system\CodeIgniter.php(832): App\Controllers\BODEksisting->create()
#7 C:\xampp\htdocs\DlhKotaCimahi\vendor\codeigniter4\framework\system\CodeIgniter.php(419): CodeIgniter\CodeIgniter->runController(Object(App\Controllers\BODEksisting))
#8 C:\xampp\htdocs\DlhKotaCimahi\vendor\codeigniter4\framework\system\CodeIgniter.php(326): CodeIgniter\CodeIgniter->handleRequest(NULL, Object(Config\Cache), false)
#9 C:\xampp\htdocs\DlhKotaCimahi\public\index.php(37): CodeIgniter\CodeIgniter->run()
#10 C:\xampp\htdocs\DlhKotaCimahi\vendor\codeigniter4\framework\system\Commands\Server\rewrite.php(43): require_once('C:\\xampp\\htdocs...')
#11 {main}
ERROR - 2022-03-23 09:31:37 --> Column 'nama_sungai' cannot be null
CRITICAL - 2022-03-23 09:31:37 --> Column 'nama_sungai' cannot be null
#0 C:\xampp\htdocs\DlhKotaCimahi\vendor\codeigniter4\framework\system\Database\MySQLi\Connection.php(292): mysqli->query('INSERT INTO `bo...', 0)
#1 C:\xampp\htdocs\DlhKotaCimahi\vendor\codeigniter4\framework\system\Database\BaseConnection.php(670): CodeIgniter\Database\MySQLi\Connection->execute('INSERT INTO `bo...')
#2 C:\xampp\htdocs\DlhKotaCimahi\vendor\codeigniter4\framework\system\Database\BaseConnection.php(598): CodeIgniter\Database\BaseConnection->simpleQuery('INSERT INTO `bo...')
#3 C:\xampp\htdocs\DlhKotaCimahi\vendor\codeigniter4\framework\system\Database\BaseBuilder.php(1771): CodeIgniter\Database\BaseConnection->query('INSERT INTO `bo...', Array, false)
#4 C:\xampp\htdocs\DlhKotaCimahi\app\Models\BODEksistingModel.php(28): CodeIgniter\Database\BaseBuilder->insert(Array)
#5 C:\xampp\htdocs\DlhKotaCimahi\app\Controllers\BODEksisting.php(78): App\Models\BODEksistingModel->bod_eksisting_post(Array)
#6 C:\xampp\htdocs\DlhKotaCimahi\vendor\codeigniter4\framework\system\CodeIgniter.php(832): App\Controllers\BODEksisting->create()
#7 C:\xampp\htdocs\DlhKotaCimahi\vendor\codeigniter4\framework\system\CodeIgniter.php(419): CodeIgniter\CodeIgniter->runController(Object(App\Controllers\BODEksisting))
#8 C:\xampp\htdocs\DlhKotaCimahi\vendor\codeigniter4\framework\system\CodeIgniter.php(326): CodeIgniter\CodeIgniter->handleRequest(NULL, Object(Config\Cache), false)
#9 C:\xampp\htdocs\DlhKotaCimahi\public\index.php(37): CodeIgniter\CodeIgniter->run()
#10 C:\xampp\htdocs\DlhKotaCimahi\vendor\codeigniter4\framework\system\Commands\Server\rewrite.php(43): require_once('C:\\xampp\\htdocs...')
#11 {main}
ERROR - 2022-03-23 09:31:38 --> Column 'nama_sungai' cannot be null
CRITICAL - 2022-03-23 09:31:38 --> Column 'nama_sungai' cannot be null
#0 C:\xampp\htdocs\DlhKotaCimahi\vendor\codeigniter4\framework\system\Database\MySQLi\Connection.php(292): mysqli->query('INSERT INTO `bo...', 0)
#1 C:\xampp\htdocs\DlhKotaCimahi\vendor\codeigniter4\framework\system\Database\BaseConnection.php(670): CodeIgniter\Database\MySQLi\Connection->execute('INSERT INTO `bo...')
#2 C:\xampp\htdocs\DlhKotaCimahi\vendor\codeigniter4\framework\system\Database\BaseConnection.php(598): CodeIgniter\Database\BaseConnection->simpleQuery('INSERT INTO `bo...')
#3 C:\xampp\htdocs\DlhKotaCimahi\vendor\codeigniter4\framework\system\Database\BaseBuilder.php(1771): CodeIgniter\Database\BaseConnection->query('INSERT INTO `bo...', Array, false)
#4 C:\xampp\htdocs\DlhKotaCimahi\app\Models\BODEksistingModel.php(28): CodeIgniter\Database\BaseBuilder->insert(Array)
#5 C:\xampp\htdocs\DlhKotaCimahi\app\Controllers\BODEksisting.php(78): App\Models\BODEksistingModel->bod_eksisting_post(Array)
#6 C:\xampp\htdocs\DlhKotaCimahi\vendor\codeigniter4\framework\system\CodeIgniter.php(832): App\Controllers\BODEksisting->create()
#7 C:\xampp\htdocs\DlhKotaCimahi\vendor\codeigniter4\framework\system\CodeIgniter.php(419): CodeIgniter\CodeIgniter->runController(Object(App\Controllers\BODEksisting))
#8 C:\xampp\htdocs\DlhKotaCimahi\vendor\codeigniter4\framework\system\CodeIgniter.php(326): CodeIgniter\CodeIgniter->handleRequest(NULL, Object(Config\Cache), false)
#9 C:\xampp\htdocs\DlhKotaCimahi\public\index.php(37): CodeIgniter\CodeIgniter->run()
#10 C:\xampp\htdocs\DlhKotaCimahi\vendor\codeigniter4\framework\system\Commands\Server\rewrite.php(43): require_once('C:\\xampp\\htdocs...')
#11 {main}
ERROR - 2022-03-23 09:31:39 --> Column 'nama_sungai' cannot be null
CRITICAL - 2022-03-23 09:31:39 --> Column 'nama_sungai' cannot be null
#0 C:\xampp\htdocs\DlhKotaCimahi\vendor\codeigniter4\framework\system\Database\MySQLi\Connection.php(292): mysqli->query('INSERT INTO `bo...', 0)
#1 C:\xampp\htdocs\DlhKotaCimahi\vendor\codeigniter4\framework\system\Database\BaseConnection.php(670): CodeIgniter\Database\MySQLi\Connection->execute('INSERT INTO `bo...')
#2 C:\xampp\htdocs\DlhKotaCimahi\vendor\codeigniter4\framework\system\Database\BaseConnection.php(598): CodeIgniter\Database\BaseConnection->simpleQuery('INSERT INTO `bo...')
#3 C:\xampp\htdocs\DlhKotaCimahi\vendor\codeigniter4\framework\system\Database\BaseBuilder.php(1771): CodeIgniter\Database\BaseConnection->query('INSERT INTO `bo...', Array, false)
#4 C:\xampp\htdocs\DlhKotaCimahi\app\Models\BODEksistingModel.php(28): CodeIgniter\Database\BaseBuilder->insert(Array)
#5 C:\xampp\htdocs\DlhKotaCimahi\app\Controllers\BODEksisting.php(78): App\Models\BODEksistingModel->bod_eksisting_post(Array)
#6 C:\xampp\htdocs\DlhKotaCimahi\vendor\codeigniter4\framework\system\CodeIgniter.php(832): App\Controllers\BODEksisting->create()
#7 C:\xampp\htdocs\DlhKotaCimahi\vendor\codeigniter4\framework\system\CodeIgniter.php(419): CodeIgniter\CodeIgniter->runController(Object(App\Controllers\BODEksisting))
#8 C:\xampp\htdocs\DlhKotaCimahi\vendor\codeigniter4\framework\system\CodeIgniter.php(326): CodeIgniter\CodeIgniter->handleRequest(NULL, Object(Config\Cache), false)
#9 C:\xampp\htdocs\DlhKotaCimahi\public\index.php(37): CodeIgniter\CodeIgniter->run()
#10 C:\xampp\htdocs\DlhKotaCimahi\vendor\codeigniter4\framework\system\Commands\Server\rewrite.php(43): require_once('C:\\xampp\\htdocs...')
#11 {main}
ERROR - 2022-03-23 09:35:36 --> Column 'BOD' cannot be null
CRITICAL - 2022-03-23 09:35:36 --> Column 'BOD' cannot be null
#0 C:\xampp\htdocs\DlhKotaCimahi\vendor\codeigniter4\framework\system\Database\MySQLi\Connection.php(292): mysqli->query('INSERT INTO `bo...', 0)
#1 C:\xampp\htdocs\DlhKotaCimahi\vendor\codeigniter4\framework\system\Database\BaseConnection.php(670): CodeIgniter\Database\MySQLi\Connection->execute('INSERT INTO `bo...')
#2 C:\xampp\htdocs\DlhKotaCimahi\vendor\codeigniter4\framework\system\Database\BaseConnection.php(598): CodeIgniter\Database\BaseConnection->simpleQuery('INSERT INTO `bo...')
#3 C:\xampp\htdocs\DlhKotaCimahi\vendor\codeigniter4\framework\system\Database\BaseBuilder.php(1771): CodeIgniter\Database\BaseConnection->query('INSERT INTO `bo...', Array, false)
#4 C:\xampp\htdocs\DlhKotaCimahi\app\Models\BODEksistingModel.php(28): CodeIgniter\Database\BaseBuilder->insert(Array)
#5 C:\xampp\htdocs\DlhKotaCimahi\app\Controllers\BODEksisting.php(78): App\Models\BODEksistingModel->bod_eksisting_post(Array)
#6 C:\xampp\htdocs\DlhKotaCimahi\vendor\codeigniter4\framework\system\CodeIgniter.php(832): App\Controllers\BODEksisting->create()
#7 C:\xampp\htdocs\DlhKotaCimahi\vendor\codeigniter4\framework\system\CodeIgniter.php(419): CodeIgniter\CodeIgniter->runController(Object(App\Controllers\BODEksisting))
#8 C:\xampp\htdocs\DlhKotaCimahi\vendor\codeigniter4\framework\system\CodeIgniter.php(326): CodeIgniter\CodeIgniter->handleRequest(NULL, Object(Config\Cache), false)
#9 C:\xampp\htdocs\DlhKotaCimahi\public\index.php(37): CodeIgniter\CodeIgniter->run()
#10 C:\xampp\htdocs\DlhKotaCimahi\vendor\codeigniter4\framework\system\Commands\Server\rewrite.php(43): require_once('C:\\xampp\\htdocs...')
#11 {main}
CRITICAL - 2022-03-23 09:47:03 --> Undefined variable: validation
#0 C:\xampp\htdocs\DlhKotaCimahi\app\Views\pages\BODEksisting\create.php(93): CodeIgniter\Debug\Exceptions->errorHandler(8, 'Undefined varia...', 'C:\\xampp\\htdocs...', 93, Array)
#1 C:\xampp\htdocs\DlhKotaCimahi\vendor\codeigniter4\framework\system\View\View.php(210): include('C:\\xampp\\htdocs...')
#2 C:\xampp\htdocs\DlhKotaCimahi\vendor\codeigniter4\framework\system\View\View.php(213): CodeIgniter\View\View->CodeIgniter\View\{closure}()
#3 C:\xampp\htdocs\DlhKotaCimahi\vendor\codeigniter4\framework\system\Common.php(1089): CodeIgniter\View\View->render('pages/BODEksist...', Array, true)
#4 C:\xampp\htdocs\DlhKotaCimahi\app\Controllers\BODEksisting.php(30): view('pages/BODEksist...')
#5 C:\xampp\htdocs\DlhKotaCimahi\vendor\codeigniter4\framework\system\CodeIgniter.php(832): App\Controllers\BODEksisting->create()
#6 C:\xampp\htdocs\DlhKotaCimahi\vendor\codeigniter4\framework\system\CodeIgniter.php(419): CodeIgniter\CodeIgniter->runController(Object(App\Controllers\BODEksisting))
#7 C:\xampp\htdocs\DlhKotaCimahi\vendor\codeigniter4\framework\system\CodeIgniter.php(326): CodeIgniter\CodeIgniter->handleRequest(NULL, Object(Config\Cache), false)
#8 C:\xampp\htdocs\DlhKotaCimahi\public\index.php(37): CodeIgniter\CodeIgniter->run()
#9 C:\xampp\htdocs\DlhKotaCimahi\vendor\codeigniter4\framework\system\Commands\Server\rewrite.php(43): require_once('C:\\xampp\\htdocs...')
#10 {main}
CRITICAL - 2022-03-23 10:58:21 --> Undefined variable: validation
#0 C:\xampp\htdocs\DlhKotaCimahi\app\Views\pages\BODEksisting\create.php(52): CodeIgniter\Debug\Exceptions->errorHandler(8, 'Undefined varia...', 'C:\\xampp\\htdocs...', 52, Array)
#1 C:\xampp\htdocs\DlhKotaCimahi\vendor\codeigniter4\framework\system\View\View.php(210): include('C:\\xampp\\htdocs...')
#2 C:\xampp\htdocs\DlhKotaCimahi\vendor\codeigniter4\framework\system\View\View.php(213): CodeIgniter\View\View->CodeIgniter\View\{closure}()
#3 C:\xampp\htdocs\DlhKotaCimahi\vendor\codeigniter4\framework\system\Common.php(1089): CodeIgniter\View\View->render('/pages/BODEksis...', Array, true)
#4 C:\xampp\htdocs\DlhKotaCimahi\app\Controllers\BODEksisting.php(93): view('/pages/BODEksis...')
#5 C:\xampp\htdocs\DlhKotaCimahi\vendor\codeigniter4\framework\system\CodeIgniter.php(832): App\Controllers\BODEksisting->create_bod()
#6 C:\xampp\htdocs\DlhKotaCimahi\vendor\codeigniter4\framework\system\CodeIgniter.php(419): CodeIgniter\CodeIgniter->runController(Object(App\Controllers\BODEksisting))
#7 C:\xampp\htdocs\DlhKotaCimahi\vendor\codeigniter4\framework\system\CodeIgniter.php(326): CodeIgniter\CodeIgniter->handleRequest(NULL, Object(Config\Cache), false)
#8 C:\xampp\htdocs\DlhKotaCimahi\public\index.php(37): CodeIgniter\CodeIgniter->run()
#9 C:\xampp\htdocs\DlhKotaCimahi\vendor\codeigniter4\framework\system\Commands\Server\rewrite.php(43): require_once('C:\\xampp\\htdocs...')
#10 {main}
CRITICAL - 2022-03-23 10:59:12 --> Undefined variable: validation
#0 C:\xampp\htdocs\DlhKotaCimahi\app\Views\pages\BODEksisting\create.php(91): CodeIgniter\Debug\Exceptions->errorHandler(8, 'Undefined varia...', 'C:\\xampp\\htdocs...', 91, Array)
#1 C:\xampp\htdocs\DlhKotaCimahi\vendor\codeigniter4\framework\system\View\View.php(210): include('C:\\xampp\\htdocs...')
#2 C:\xampp\htdocs\DlhKotaCimahi\vendor\codeigniter4\framework\system\View\View.php(213): CodeIgniter\View\View->CodeIgniter\View\{closure}()
#3 C:\xampp\htdocs\DlhKotaCimahi\vendor\codeigniter4\framework\system\Common.php(1089): CodeIgniter\View\View->render('/pages/BODEksis...', Array, true)
#4 C:\xampp\htdocs\DlhKotaCimahi\app\Controllers\BODEksisting.php(93): view('/pages/BODEksis...')
#5 C:\xampp\htdocs\DlhKotaCimahi\vendor\codeigniter4\framework\system\CodeIgniter.php(832): App\Controllers\BODEksisting->create_bod()
#6 C:\xampp\htdocs\DlhKotaCimahi\vendor\codeigniter4\framework\system\CodeIgniter.php(419): CodeIgniter\CodeIgniter->runController(Object(App\Controllers\BODEksisting))
#7 C:\xampp\htdocs\DlhKotaCimahi\vendor\codeigniter4\framework\system\CodeIgniter.php(326): CodeIgniter\CodeIgniter->handleRequest(NULL, Object(Config\Cache), false)
#8 C:\xampp\htdocs\DlhKotaCimahi\public\index.php(37): CodeIgniter\CodeIgniter->run()
#9 C:\xampp\htdocs\DlhKotaCimahi\vendor\codeigniter4\framework\system\Commands\Server\rewrite.php(43): require_once('C:\\xampp\\htdocs...')
#10 {main}
CRITICAL - 2022-03-23 11:02:46 --> Object of class CodeIgniter\Validation\Validation could not be converted to string
#0 [internal function]: CodeIgniter\Debug\Exceptions->errorHandler(4096, 'Object of class...', 'C:\\xampp\\htdocs...', 318, Array)
#1 C:\xampp\htdocs\DlhKotaCimahi\vendor\codeigniter4\framework\system\Database\Query.php(318): strtr('INSERT INTO `bo...', Array)
#2 C:\xampp\htdocs\DlhKotaCimahi\vendor\codeigniter4\framework\system\Database\Query.php(293): CodeIgniter\Database\Query->matchNamedBinds('INSERT INTO `bo...', Array)
#3 C:\xampp\htdocs\DlhKotaCimahi\vendor\codeigniter4\framework\system\Database\Query.php(150): CodeIgniter\Database\Query->compileBinds()
#4 C:\xampp\htdocs\DlhKotaCimahi\vendor\codeigniter4\framework\system\Database\BaseConnection.php(598): CodeIgniter\Database\Query->getQuery()
#5 C:\xampp\htdocs\DlhKotaCimahi\vendor\codeigniter4\framework\system\Database\BaseBuilder.php(1771): CodeIgniter\Database\BaseConnection->query('INSERT INTO `bo...', Array, false)
#6 C:\xampp\htdocs\DlhKotaCimahi\app\Models\BODEksistingModel.php(28): CodeIgniter\Database\BaseBuilder->insert(Array)
#7 C:\xampp\htdocs\DlhKotaCimahi\app\Controllers\BODEksisting.php(90): App\Models\BODEksistingModel->bod_eksisting_post(Array)
#8 C:\xampp\htdocs\DlhKotaCimahi\vendor\codeigniter4\framework\system\CodeIgniter.php(832): App\Controllers\BODEksisting->create_bod()
#9 C:\xampp\htdocs\DlhKotaCimahi\vendor\codeigniter4\framework\system\CodeIgniter.php(419): CodeIgniter\CodeIgniter->runController(Object(App\Controllers\BODEksisting))
#10 C:\xampp\htdocs\DlhKotaCimahi\vendor\codeigniter4\framework\system\CodeIgniter.php(326): CodeIgniter\CodeIgniter->handleRequest(NULL, Object(Config\Cache), false)
#11 C:\xampp\htdocs\DlhKotaCimahi\public\index.php(37): CodeIgniter\CodeIgniter->run()
#12 C:\xampp\htdocs\DlhKotaCimahi\vendor\codeigniter4\framework\system\Commands\Server\rewrite.php(43): require_once('C:\\xampp\\htdocs...')
#13 {main}
CRITICAL - 2022-03-23 11:04:16 --> Object of class CodeIgniter\Validation\Validation could not be converted to string
#0 [internal function]: CodeIgniter\Debug\Exceptions->errorHandler(4096, 'Object of class...', 'C:\\xampp\\htdocs...', 318, Array)
#1 C:\xampp\htdocs\DlhKotaCimahi\vendor\codeigniter4\framework\system\Database\Query.php(318): strtr('INSERT INTO `bo...', Array)
#2 C:\xampp\htdocs\DlhKotaCimahi\vendor\codeigniter4\framework\system\Database\Query.php(293): CodeIgniter\Database\Query->matchNamedBinds('INSERT INTO `bo...', Array)
#3 C:\xampp\htdocs\DlhKotaCimahi\vendor\codeigniter4\framework\system\Database\Query.php(150): CodeIgniter\Database\Query->compileBinds()
#4 C:\xampp\htdocs\DlhKotaCimahi\vendor\codeigniter4\framework\system\Database\BaseConnection.php(598): CodeIgniter\Database\Query->getQuery()
#5 C:\xampp\htdocs\DlhKotaCimahi\vendor\codeigniter4\framework\system\Database\BaseBuilder.php(1771): CodeIgniter\Database\BaseConnection->query('INSERT INTO `bo...', Array, false)
#6 C:\xampp\htdocs\DlhKotaCimahi\app\Models\BODEksistingModel.php(28): CodeIgniter\Database\BaseBuilder->insert(Array)
#7 C:\xampp\htdocs\DlhKotaCimahi\app\Controllers\BODEksisting.php(90): App\Models\BODEksistingModel->bod_eksisting_post(Array)
#8 C:\xampp\htdocs\DlhKotaCimahi\vendor\codeigniter4\framework\system\CodeIgniter.php(832): App\Controllers\BODEksisting->create_bod()
#9 C:\xampp\htdocs\DlhKotaCimahi\vendor\codeigniter4\framework\system\CodeIgniter.php(419): CodeIgniter\CodeIgniter->runController(Object(App\Controllers\BODEksisting))
#10 C:\xampp\htdocs\DlhKotaCimahi\vendor\codeigniter4\framework\system\CodeIgniter.php(326): CodeIgniter\CodeIgniter->handleRequest(NULL, Object(Config\Cache), false)
#11 C:\xampp\htdocs\DlhKotaCimahi\public\index.php(37): CodeIgniter\CodeIgniter->run()
#12 C:\xampp\htdocs\DlhKotaCimahi\vendor\codeigniter4\framework\system\Commands\Server\rewrite.php(43): require_once('C:\\xampp\\htdocs...')
#13 {main}
CRITICAL - 2022-03-23 11:06:40 --> Object of class CodeIgniter\Validation\Validation could not be converted to string
#0 [internal function]: CodeIgniter\Debug\Exceptions->errorHandler(4096, 'Object of class...', 'C:\\xampp\\htdocs...', 318, Array)
#1 C:\xampp\htdocs\DlhKotaCimahi\vendor\codeigniter4\framework\system\Database\Query.php(318): strtr('INSERT INTO `bo...', Array)
#2 C:\xampp\htdocs\DlhKotaCimahi\vendor\codeigniter4\framework\system\Database\Query.php(293): CodeIgniter\Database\Query->matchNamedBinds('INSERT INTO `bo...', Array)
#3 C:\xampp\htdocs\DlhKotaCimahi\vendor\codeigniter4\framework\system\Database\Query.php(150): CodeIgniter\Database\Query->compileBinds()
#4 C:\xampp\htdocs\DlhKotaCimahi\vendor\codeigniter4\framework\system\Database\BaseConnection.php(598): CodeIgniter\Database\Query->getQuery()
#5 C:\xampp\htdocs\DlhKotaCimahi\vendor\codeigniter4\framework\system\Database\BaseBuilder.php(1771): CodeIgniter\Database\BaseConnection->query('INSERT INTO `bo...', Array, false)
#6 C:\xampp\htdocs\DlhKotaCimahi\app\Models\BODEksistingModel.php(28): CodeIgniter\Database\BaseBuilder->insert(Array)
#7 C:\xampp\htdocs\DlhKotaCimahi\app\Controllers\BODEksisting.php(90): App\Models\BODEksistingModel->bod_eksisting_post(Array)
#8 C:\xampp\htdocs\DlhKotaCimahi\vendor\codeigniter4\framework\system\CodeIgniter.php(832): App\Controllers\BODEksisting->create_bod()
#9 C:\xampp\htdocs\DlhKotaCimahi\vendor\codeigniter4\framework\system\CodeIgniter.php(419): CodeIgniter\CodeIgniter->runController(Object(App\Controllers\BODEksisting))
#10 C:\xampp\htdocs\DlhKotaCimahi\vendor\codeigniter4\framework\system\CodeIgniter.php(326): CodeIgniter\CodeIgniter->handleRequest(NULL, Object(Config\Cache), false)
#11 C:\xampp\htdocs\DlhKotaCimahi\public\index.php(37): CodeIgniter\CodeIgniter->run()
#12 C:\xampp\htdocs\DlhKotaCimahi\vendor\codeigniter4\framework\system\Commands\Server\rewrite.php(43): require_once('C:\\xampp\\htdocs...')
#13 {main}
CRITICAL - 2022-03-23 11:07:07 --> Undefined variable: validation
#0 C:\xampp\htdocs\DlhKotaCimahi\app\Views\pages\BODEksisting\create.php(93): CodeIgniter\Debug\Exceptions->errorHandler(8, 'Undefined varia...', 'C:\\xampp\\htdocs...', 93, Array)
#1 C:\xampp\htdocs\DlhKotaCimahi\vendor\codeigniter4\framework\system\View\View.php(210): include('C:\\xampp\\htdocs...')
#2 C:\xampp\htdocs\DlhKotaCimahi\vendor\codeigniter4\framework\system\View\View.php(213): CodeIgniter\View\View->CodeIgniter\View\{closure}()
#3 C:\xampp\htdocs\DlhKotaCimahi\vendor\codeigniter4\framework\system\Common.php(1089): CodeIgniter\View\View->render('/pages/BODEksis...', Array, true)
#4 C:\xampp\htdocs\DlhKotaCimahi\app\Controllers\BODEksisting.php(92): view('/pages/BODEksis...')
#5 C:\xampp\htdocs\DlhKotaCimahi\vendor\codeigniter4\framework\system\CodeIgniter.php(832): App\Controllers\BODEksisting->create_bod()
#6 C:\xampp\htdocs\DlhKotaCimahi\vendor\codeigniter4\framework\system\CodeIgniter.php(419): CodeIgniter\CodeIgniter->runController(Object(App\Controllers\BODEksisting))
#7 C:\xampp\htdocs\DlhKotaCimahi\vendor\codeigniter4\framework\system\CodeIgniter.php(326): CodeIgniter\CodeIgniter->handleRequest(NULL, Object(Config\Cache), false)
#8 C:\xampp\htdocs\DlhKotaCimahi\public\index.php(37): CodeIgniter\CodeIgniter->run()
#9 C:\xampp\htdocs\DlhKotaCimahi\vendor\codeigniter4\framework\system\Commands\Server\rewrite.php(43): require_once('C:\\xampp\\htdocs...')
#10 {main}
