ERROR - 2022-04-03 19:29:22 --> Error connecting to the database: MySQL server has gone away
CRITICAL - 2022-04-03 19:29:22 --> Unable to connect to the database.
Main connection [MySQLi]: MySQL server has gone away
#0 C:\xampp\htdocs\DlhKotaCimahi-main\vendor\codeigniter4\framework\system\Database\BaseConnection.php(577): CodeIgniter\Database\BaseConnection->initialize()
#1 C:\xampp\htdocs\DlhKotaCimahi-main\vendor\codeigniter4\framework\system\Database\BaseBuilder.php(1455): CodeIgniter\Database\BaseConnection->query('SELECT *\nFROM `...', Array, false)
#2 C:\xampp\htdocs\DlhKotaCimahi-main\vendor\codeigniter4\framework\system\Model.php(210): CodeIgniter\Database\BaseBuilder->get()
#3 C:\xampp\htdocs\DlhKotaCimahi-main\vendor\codeigniter4\framework\system\BaseModel.php(622): CodeIgniter\Model->doFirst()
#4 C:\xampp\htdocs\DlhKotaCimahi-main\app\Controllers\Auth.php(23): CodeIgniter\BaseModel->first()
#5 C:\xampp\htdocs\DlhKotaCimahi-main\vendor\codeigniter4\framework\system\CodeIgniter.php(832): App\Controllers\Auth->login()
#6 C:\xampp\htdocs\DlhKotaCimahi-main\vendor\codeigniter4\framework\system\CodeIgniter.php(419): CodeIgniter\CodeIgniter->runController(Object(App\Controllers\Auth))
#7 C:\xampp\htdocs\DlhKotaCimahi-main\vendor\codeigniter4\framework\system\CodeIgniter.php(326): CodeIgniter\CodeIgniter->handleRequest(NULL, Object(Config\Cache), false)
#8 C:\xampp\htdocs\DlhKotaCimahi-main\public\index.php(37): CodeIgniter\CodeIgniter->run()
#9 C:\xampp\htdocs\DlhKotaCimahi-main\vendor\codeigniter4\framework\system\Commands\Server\rewrite.php(43): require_once('C:\\xampp\\htdocs...')
#10 {main}
ERROR - 2022-04-03 19:29:34 --> Error connecting to the database: No connection could be made because the target machine actively refused it.

CRITICAL - 2022-04-03 19:29:34 --> Unable to connect to the database.
Main connection [MySQLi]: No connection could be made because the target machine actively refused it.

#0 C:\xampp\htdocs\DlhKotaCimahi-main\vendor\codeigniter4\framework\system\Database\BaseConnection.php(577): CodeIgniter\Database\BaseConnection->initialize()
#1 C:\xampp\htdocs\DlhKotaCimahi-main\vendor\codeigniter4\framework\system\Database\BaseBuilder.php(1455): CodeIgniter\Database\BaseConnection->query('SELECT *\nFROM `...', Array, false)
#2 C:\xampp\htdocs\DlhKotaCimahi-main\vendor\codeigniter4\framework\system\Model.php(210): CodeIgniter\Database\BaseBuilder->get()
#3 C:\xampp\htdocs\DlhKotaCimahi-main\vendor\codeigniter4\framework\system\BaseModel.php(622): CodeIgniter\Model->doFirst()
#4 C:\xampp\htdocs\DlhKotaCimahi-main\app\Controllers\Auth.php(23): CodeIgniter\BaseModel->first()
#5 C:\xampp\htdocs\DlhKotaCimahi-main\vendor\codeigniter4\framework\system\CodeIgniter.php(832): App\Controllers\Auth->login()
#6 C:\xampp\htdocs\DlhKotaCimahi-main\vendor\codeigniter4\framework\system\CodeIgniter.php(419): CodeIgniter\CodeIgniter->runController(Object(App\Controllers\Auth))
#7 C:\xampp\htdocs\DlhKotaCimahi-main\vendor\codeigniter4\framework\system\CodeIgniter.php(326): CodeIgniter\CodeIgniter->handleRequest(NULL, Object(Config\Cache), false)
#8 C:\xampp\htdocs\DlhKotaCimahi-main\public\index.php(37): CodeIgniter\CodeIgniter->run()
#9 C:\xampp\htdocs\DlhKotaCimahi-main\vendor\codeigniter4\framework\system\Commands\Server\rewrite.php(43): require_once('C:\\xampp\\htdocs...')
#10 {main}
ERROR - 2022-04-03 19:29:38 --> Error connecting to the database: No connection could be made because the target machine actively refused it.

CRITICAL - 2022-04-03 19:29:38 --> Unable to connect to the database.
Main connection [MySQLi]: No connection could be made because the target machine actively refused it.

#0 C:\xampp\htdocs\DlhKotaCimahi-main\vendor\codeigniter4\framework\system\Database\BaseConnection.php(577): CodeIgniter\Database\BaseConnection->initialize()
#1 C:\xampp\htdocs\DlhKotaCimahi-main\vendor\codeigniter4\framework\system\Database\BaseBuilder.php(1455): CodeIgniter\Database\BaseConnection->query('SELECT *\nFROM `...', Array, false)
#2 C:\xampp\htdocs\DlhKotaCimahi-main\vendor\codeigniter4\framework\system\Model.php(210): CodeIgniter\Database\BaseBuilder->get()
#3 C:\xampp\htdocs\DlhKotaCimahi-main\vendor\codeigniter4\framework\system\BaseModel.php(622): CodeIgniter\Model->doFirst()
#4 C:\xampp\htdocs\DlhKotaCimahi-main\app\Controllers\Auth.php(23): CodeIgniter\BaseModel->first()
#5 C:\xampp\htdocs\DlhKotaCimahi-main\vendor\codeigniter4\framework\system\CodeIgniter.php(832): App\Controllers\Auth->login()
#6 C:\xampp\htdocs\DlhKotaCimahi-main\vendor\codeigniter4\framework\system\CodeIgniter.php(419): CodeIgniter\CodeIgniter->runController(Object(App\Controllers\Auth))
#7 C:\xampp\htdocs\DlhKotaCimahi-main\vendor\codeigniter4\framework\system\CodeIgniter.php(326): CodeIgniter\CodeIgniter->handleRequest(NULL, Object(Config\Cache), false)
#8 C:\xampp\htdocs\DlhKotaCimahi-main\public\index.php(37): CodeIgniter\CodeIgniter->run()
#9 C:\xampp\htdocs\DlhKotaCimahi-main\vendor\codeigniter4\framework\system\Commands\Server\rewrite.php(43): require_once('C:\\xampp\\htdocs...')
#10 {main}
