CRITICAL - 2022-03-28 00:01:13 --> Invalid file: gis/v_edittitikPantau.php
#0 C:\xampp\htdocs\DlhKotaCimahi-main\vendor\codeigniter4\framework\system\View\View.php(198): CodeIgniter\Exceptions\FrameworkException::forInvalidFile('gis/v_edittitik...')
#1 C:\xampp\htdocs\DlhKotaCimahi-main\vendor\codeigniter4\framework\system\Common.php(1089): CodeIgniter\View\View->render('gis/v_edittitik...', Array, true)
#2 C:\xampp\htdocs\DlhKotaCimahi-main\app\Views\layout\content.php(5): view('gis/v_edittitik...')
#3 C:\xampp\htdocs\DlhKotaCimahi-main\vendor\codeigniter4\framework\system\View\View.php(210): include('C:\\xampp\\htdocs...')
#4 C:\xampp\htdocs\DlhKotaCimahi-main\vendor\codeigniter4\framework\system\View\View.php(213): CodeIgniter\View\View->CodeIgniter\View\{closure}()
#5 C:\xampp\htdocs\DlhKotaCimahi-main\vendor\codeigniter4\framework\system\Common.php(1089): CodeIgniter\View\View->render('layout/content', Array, true)
#6 C:\xampp\htdocs\DlhKotaCimahi-main\app\Views\layout\wrapper.php(4): view('layout/content')
#7 C:\xampp\htdocs\DlhKotaCimahi-main\vendor\codeigniter4\framework\system\View\View.php(210): include('C:\\xampp\\htdocs...')
#8 C:\xampp\htdocs\DlhKotaCimahi-main\vendor\codeigniter4\framework\system\View\View.php(213): CodeIgniter\View\View->CodeIgniter\View\{closure}()
#9 C:\xampp\htdocs\DlhKotaCimahi-main\vendor\codeigniter4\framework\system\Common.php(1089): CodeIgniter\View\View->render('layout/wrapper', Array, true)
#10 C:\xampp\htdocs\DlhKotaCimahi-main\app\Controllers\dataTitikPantau.php(119): view('layout/wrapper', Array)
#11 C:\xampp\htdocs\DlhKotaCimahi-main\vendor\codeigniter4\framework\system\CodeIgniter.php(832): App\Controllers\dataTitikPantau->edit('1')
#12 C:\xampp\htdocs\DlhKotaCimahi-main\vendor\codeigniter4\framework\system\CodeIgniter.php(419): CodeIgniter\CodeIgniter->runController(Object(App\Controllers\dataTitikPantau))
#13 C:\xampp\htdocs\DlhKotaCimahi-main\vendor\codeigniter4\framework\system\CodeIgniter.php(326): CodeIgniter\CodeIgniter->handleRequest(NULL, Object(Config\Cache), false)
#14 C:\xampp\htdocs\DlhKotaCimahi-main\public\index.php(37): CodeIgniter\CodeIgniter->run()
#15 C:\xampp\htdocs\DlhKotaCimahi-main\vendor\codeigniter4\framework\system\Commands\Server\rewrite.php(43): require_once('C:\\xampp\\htdocs...')
#16 {main}
CRITICAL - 2022-03-28 00:01:14 --> Invalid file: gis/v_edittitikPantau.php
#0 C:\xampp\htdocs\DlhKotaCimahi-main\vendor\codeigniter4\framework\system\View\View.php(198): CodeIgniter\Exceptions\FrameworkException::forInvalidFile('gis/v_edittitik...')
#1 C:\xampp\htdocs\DlhKotaCimahi-main\vendor\codeigniter4\framework\system\Common.php(1089): CodeIgniter\View\View->render('gis/v_edittitik...', Array, true)
#2 C:\xampp\htdocs\DlhKotaCimahi-main\app\Views\layout\content.php(5): view('gis/v_edittitik...')
#3 C:\xampp\htdocs\DlhKotaCimahi-main\vendor\codeigniter4\framework\system\View\View.php(210): include('C:\\xampp\\htdocs...')
#4 C:\xampp\htdocs\DlhKotaCimahi-main\vendor\codeigniter4\framework\system\View\View.php(213): CodeIgniter\View\View->CodeIgniter\View\{closure}()
#5 C:\xampp\htdocs\DlhKotaCimahi-main\vendor\codeigniter4\framework\system\Common.php(1089): CodeIgniter\View\View->render('layout/content', Array, true)
#6 C:\xampp\htdocs\DlhKotaCimahi-main\app\Views\layout\wrapper.php(4): view('layout/content')
#7 C:\xampp\htdocs\DlhKotaCimahi-main\vendor\codeigniter4\framework\system\View\View.php(210): include('C:\\xampp\\htdocs...')
#8 C:\xampp\htdocs\DlhKotaCimahi-main\vendor\codeigniter4\framework\system\View\View.php(213): CodeIgniter\View\View->CodeIgniter\View\{closure}()
#9 C:\xampp\htdocs\DlhKotaCimahi-main\vendor\codeigniter4\framework\system\Common.php(1089): CodeIgniter\View\View->render('layout/wrapper', Array, true)
#10 C:\xampp\htdocs\DlhKotaCimahi-main\app\Controllers\dataTitikPantau.php(119): view('layout/wrapper', Array)
#11 C:\xampp\htdocs\DlhKotaCimahi-main\vendor\codeigniter4\framework\system\CodeIgniter.php(832): App\Controllers\dataTitikPantau->edit('assets', 'vendor', 'js', 'metisMenu.min.j...')
#12 C:\xampp\htdocs\DlhKotaCimahi-main\vendor\codeigniter4\framework\system\CodeIgniter.php(419): CodeIgniter\CodeIgniter->runController(Object(App\Controllers\dataTitikPantau))
#13 C:\xampp\htdocs\DlhKotaCimahi-main\vendor\codeigniter4\framework\system\CodeIgniter.php(326): CodeIgniter\CodeIgniter->handleRequest(NULL, Object(Config\Cache), false)
#14 C:\xampp\htdocs\DlhKotaCimahi-main\public\index.php(37): CodeIgniter\CodeIgniter->run()
#15 C:\xampp\htdocs\DlhKotaCimahi-main\vendor\codeigniter4\framework\system\Commands\Server\rewrite.php(43): require_once('C:\\xampp\\htdocs...')
#16 {main}
CRITICAL - 2022-03-28 00:03:21 --> Invalid file: gis/v_edittitikPantau.php
#0 C:\xampp\htdocs\DlhKotaCimahi-main\vendor\codeigniter4\framework\system\View\View.php(198): CodeIgniter\Exceptions\FrameworkException::forInvalidFile('gis/v_edittitik...')
#1 C:\xampp\htdocs\DlhKotaCimahi-main\vendor\codeigniter4\framework\system\Common.php(1089): CodeIgniter\View\View->render('gis/v_edittitik...', Array, true)
#2 C:\xampp\htdocs\DlhKotaCimahi-main\app\Views\layout\content.php(5): view('gis/v_edittitik...')
#3 C:\xampp\htdocs\DlhKotaCimahi-main\vendor\codeigniter4\framework\system\View\View.php(210): include('C:\\xampp\\htdocs...')
#4 C:\xampp\htdocs\DlhKotaCimahi-main\vendor\codeigniter4\framework\system\View\View.php(213): CodeIgniter\View\View->CodeIgniter\View\{closure}()
#5 C:\xampp\htdocs\DlhKotaCimahi-main\vendor\codeigniter4\framework\system\Common.php(1089): CodeIgniter\View\View->render('layout/content', Array, true)
#6 C:\xampp\htdocs\DlhKotaCimahi-main\app\Views\layout\wrapper.php(4): view('layout/content')
#7 C:\xampp\htdocs\DlhKotaCimahi-main\vendor\codeigniter4\framework\system\View\View.php(210): include('C:\\xampp\\htdocs...')
#8 C:\xampp\htdocs\DlhKotaCimahi-main\vendor\codeigniter4\framework\system\View\View.php(213): CodeIgniter\View\View->CodeIgniter\View\{closure}()
#9 C:\xampp\htdocs\DlhKotaCimahi-main\vendor\codeigniter4\framework\system\Common.php(1089): CodeIgniter\View\View->render('layout/wrapper', Array, true)
#10 C:\xampp\htdocs\DlhKotaCimahi-main\app\Controllers\dataTitikPantau.php(119): view('layout/wrapper', Array)
#11 C:\xampp\htdocs\DlhKotaCimahi-main\vendor\codeigniter4\framework\system\CodeIgniter.php(832): App\Controllers\dataTitikPantau->edit('1')
#12 C:\xampp\htdocs\DlhKotaCimahi-main\vendor\codeigniter4\framework\system\CodeIgniter.php(419): CodeIgniter\CodeIgniter->runController(Object(App\Controllers\dataTitikPantau))
#13 C:\xampp\htdocs\DlhKotaCimahi-main\vendor\codeigniter4\framework\system\CodeIgniter.php(326): CodeIgniter\CodeIgniter->handleRequest(NULL, Object(Config\Cache), false)
#14 C:\xampp\htdocs\DlhKotaCimahi-main\public\index.php(37): CodeIgniter\CodeIgniter->run()
#15 C:\xampp\htdocs\DlhKotaCimahi-main\vendor\codeigniter4\framework\system\Commands\Server\rewrite.php(43): require_once('C:\\xampp\\htdocs...')
#16 {main}
CRITICAL - 2022-03-28 00:03:21 --> Invalid file: gis/v_edittitikPantau.php
#0 C:\xampp\htdocs\DlhKotaCimahi-main\vendor\codeigniter4\framework\system\View\View.php(198): CodeIgniter\Exceptions\FrameworkException::forInvalidFile('gis/v_edittitik...')
#1 C:\xampp\htdocs\DlhKotaCimahi-main\vendor\codeigniter4\framework\system\Common.php(1089): CodeIgniter\View\View->render('gis/v_edittitik...', Array, true)
#2 C:\xampp\htdocs\DlhKotaCimahi-main\app\Views\layout\content.php(5): view('gis/v_edittitik...')
#3 C:\xampp\htdocs\DlhKotaCimahi-main\vendor\codeigniter4\framework\system\View\View.php(210): include('C:\\xampp\\htdocs...')
#4 C:\xampp\htdocs\DlhKotaCimahi-main\vendor\codeigniter4\framework\system\View\View.php(213): CodeIgniter\View\View->CodeIgniter\View\{closure}()
#5 C:\xampp\htdocs\DlhKotaCimahi-main\vendor\codeigniter4\framework\system\Common.php(1089): CodeIgniter\View\View->render('layout/content', Array, true)
#6 C:\xampp\htdocs\DlhKotaCimahi-main\app\Views\layout\wrapper.php(4): view('layout/content')
#7 C:\xampp\htdocs\DlhKotaCimahi-main\vendor\codeigniter4\framework\system\View\View.php(210): include('C:\\xampp\\htdocs...')
#8 C:\xampp\htdocs\DlhKotaCimahi-main\vendor\codeigniter4\framework\system\View\View.php(213): CodeIgniter\View\View->CodeIgniter\View\{closure}()
#9 C:\xampp\htdocs\DlhKotaCimahi-main\vendor\codeigniter4\framework\system\Common.php(1089): CodeIgniter\View\View->render('layout/wrapper', Array, true)
#10 C:\xampp\htdocs\DlhKotaCimahi-main\app\Controllers\dataTitikPantau.php(119): view('layout/wrapper', Array)
#11 C:\xampp\htdocs\DlhKotaCimahi-main\vendor\codeigniter4\framework\system\CodeIgniter.php(832): App\Controllers\dataTitikPantau->edit('assets', 'vendor', 'js', 'metisMenu.min.j...')
#12 C:\xampp\htdocs\DlhKotaCimahi-main\vendor\codeigniter4\framework\system\CodeIgniter.php(419): CodeIgniter\CodeIgniter->runController(Object(App\Controllers\dataTitikPantau))
#13 C:\xampp\htdocs\DlhKotaCimahi-main\vendor\codeigniter4\framework\system\CodeIgniter.php(326): CodeIgniter\CodeIgniter->handleRequest(NULL, Object(Config\Cache), false)
#14 C:\xampp\htdocs\DlhKotaCimahi-main\public\index.php(37): CodeIgniter\CodeIgniter->run()
#15 C:\xampp\htdocs\DlhKotaCimahi-main\vendor\codeigniter4\framework\system\Commands\Server\rewrite.php(43): require_once('C:\\xampp\\htdocs...')
#16 {main}
CRITICAL - 2022-03-28 00:10:48 --> View themes, no current section.
#0 C:\xampp\htdocs\DlhKotaCimahi-main\app\Views\main\bebanpencemaran.php(39): CodeIgniter\View\View->endSection()
#1 C:\xampp\htdocs\DlhKotaCimahi-main\vendor\codeigniter4\framework\system\View\View.php(210): include('C:\\xampp\\htdocs...')
#2 C:\xampp\htdocs\DlhKotaCimahi-main\vendor\codeigniter4\framework\system\View\View.php(213): CodeIgniter\View\View->CodeIgniter\View\{closure}()
#3 C:\xampp\htdocs\DlhKotaCimahi-main\vendor\codeigniter4\framework\system\Common.php(1089): CodeIgniter\View\View->render('/main/bebanpenc...', Array, true)
#4 C:\xampp\htdocs\DlhKotaCimahi-main\app\Controllers\Home.php(42): view('/main/bebanpenc...')
#5 C:\xampp\htdocs\DlhKotaCimahi-main\vendor\codeigniter4\framework\system\CodeIgniter.php(832): App\Controllers\Home->bnpencemaran()
#6 C:\xampp\htdocs\DlhKotaCimahi-main\vendor\codeigniter4\framework\system\CodeIgniter.php(419): CodeIgniter\CodeIgniter->runController(Object(App\Controllers\Home))
#7 C:\xampp\htdocs\DlhKotaCimahi-main\vendor\codeigniter4\framework\system\CodeIgniter.php(326): CodeIgniter\CodeIgniter->handleRequest(NULL, Object(Config\Cache), false)
#8 C:\xampp\htdocs\DlhKotaCimahi-main\public\index.php(37): CodeIgniter\CodeIgniter->run()
#9 C:\xampp\htdocs\DlhKotaCimahi-main\vendor\codeigniter4\framework\system\Commands\Server\rewrite.php(43): require_once('C:\\xampp\\htdocs...')
#10 {main}
CRITICAL - 2022-03-28 00:10:52 --> View themes, no current section.
#0 C:\xampp\htdocs\DlhKotaCimahi-main\app\Views\main\bebanpencemaran.php(39): CodeIgniter\View\View->endSection()
#1 C:\xampp\htdocs\DlhKotaCimahi-main\vendor\codeigniter4\framework\system\View\View.php(210): include('C:\\xampp\\htdocs...')
#2 C:\xampp\htdocs\DlhKotaCimahi-main\vendor\codeigniter4\framework\system\View\View.php(213): CodeIgniter\View\View->CodeIgniter\View\{closure}()
#3 C:\xampp\htdocs\DlhKotaCimahi-main\vendor\codeigniter4\framework\system\Common.php(1089): CodeIgniter\View\View->render('/main/bebanpenc...', Array, true)
#4 C:\xampp\htdocs\DlhKotaCimahi-main\app\Controllers\Home.php(42): view('/main/bebanpenc...')
#5 C:\xampp\htdocs\DlhKotaCimahi-main\vendor\codeigniter4\framework\system\CodeIgniter.php(832): App\Controllers\Home->bnpencemaran()
#6 C:\xampp\htdocs\DlhKotaCimahi-main\vendor\codeigniter4\framework\system\CodeIgniter.php(419): CodeIgniter\CodeIgniter->runController(Object(App\Controllers\Home))
#7 C:\xampp\htdocs\DlhKotaCimahi-main\vendor\codeigniter4\framework\system\CodeIgniter.php(326): CodeIgniter\CodeIgniter->handleRequest(NULL, Object(Config\Cache), false)
#8 C:\xampp\htdocs\DlhKotaCimahi-main\public\index.php(37): CodeIgniter\CodeIgniter->run()
#9 C:\xampp\htdocs\DlhKotaCimahi-main\vendor\codeigniter4\framework\system\Commands\Server\rewrite.php(43): require_once('C:\\xampp\\htdocs...')
#10 {main}
CRITICAL - 2022-03-28 00:11:00 --> View themes, no current section.
#0 C:\xampp\htdocs\DlhKotaCimahi-main\app\Views\main\bebanpencemaran.php(39): CodeIgniter\View\View->endSection()
#1 C:\xampp\htdocs\DlhKotaCimahi-main\vendor\codeigniter4\framework\system\View\View.php(210): include('C:\\xampp\\htdocs...')
#2 C:\xampp\htdocs\DlhKotaCimahi-main\vendor\codeigniter4\framework\system\View\View.php(213): CodeIgniter\View\View->CodeIgniter\View\{closure}()
#3 C:\xampp\htdocs\DlhKotaCimahi-main\vendor\codeigniter4\framework\system\Common.php(1089): CodeIgniter\View\View->render('/main/bebanpenc...', Array, true)
#4 C:\xampp\htdocs\DlhKotaCimahi-main\app\Controllers\Home.php(42): view('/main/bebanpenc...')
#5 C:\xampp\htdocs\DlhKotaCimahi-main\vendor\codeigniter4\framework\system\CodeIgniter.php(832): App\Controllers\Home->bnpencemaran()
#6 C:\xampp\htdocs\DlhKotaCimahi-main\vendor\codeigniter4\framework\system\CodeIgniter.php(419): CodeIgniter\CodeIgniter->runController(Object(App\Controllers\Home))
#7 C:\xampp\htdocs\DlhKotaCimahi-main\vendor\codeigniter4\framework\system\CodeIgniter.php(326): CodeIgniter\CodeIgniter->handleRequest(NULL, Object(Config\Cache), false)
#8 C:\xampp\htdocs\DlhKotaCimahi-main\public\index.php(37): CodeIgniter\CodeIgniter->run()
#9 C:\xampp\htdocs\DlhKotaCimahi-main\vendor\codeigniter4\framework\system\Commands\Server\rewrite.php(43): require_once('C:\\xampp\\htdocs...')
#10 {main}
CRITICAL - 2022-03-28 00:11:08 --> View themes, no current section.
#0 C:\xampp\htdocs\DlhKotaCimahi-main\app\Views\main\bebanpencemaran.php(39): CodeIgniter\View\View->endSection()
#1 C:\xampp\htdocs\DlhKotaCimahi-main\vendor\codeigniter4\framework\system\View\View.php(210): include('C:\\xampp\\htdocs...')
#2 C:\xampp\htdocs\DlhKotaCimahi-main\vendor\codeigniter4\framework\system\View\View.php(213): CodeIgniter\View\View->CodeIgniter\View\{closure}()
#3 C:\xampp\htdocs\DlhKotaCimahi-main\vendor\codeigniter4\framework\system\Common.php(1089): CodeIgniter\View\View->render('/main/bebanpenc...', Array, true)
#4 C:\xampp\htdocs\DlhKotaCimahi-main\app\Controllers\Home.php(42): view('/main/bebanpenc...')
#5 C:\xampp\htdocs\DlhKotaCimahi-main\vendor\codeigniter4\framework\system\CodeIgniter.php(832): App\Controllers\Home->bnpencemaran()
#6 C:\xampp\htdocs\DlhKotaCimahi-main\vendor\codeigniter4\framework\system\CodeIgniter.php(419): CodeIgniter\CodeIgniter->runController(Object(App\Controllers\Home))
#7 C:\xampp\htdocs\DlhKotaCimahi-main\vendor\codeigniter4\framework\system\CodeIgniter.php(326): CodeIgniter\CodeIgniter->handleRequest(NULL, Object(Config\Cache), false)
#8 C:\xampp\htdocs\DlhKotaCimahi-main\public\index.php(37): CodeIgniter\CodeIgniter->run()
#9 C:\xampp\htdocs\DlhKotaCimahi-main\vendor\codeigniter4\framework\system\Commands\Server\rewrite.php(43): require_once('C:\\xampp\\htdocs...')
#10 {main}
CRITICAL - 2022-03-28 00:12:09 --> View themes, no current section.
#0 C:\xampp\htdocs\DlhKotaCimahi-main\app\Views\main\bebanpencemaran.php(39): CodeIgniter\View\View->endSection()
#1 C:\xampp\htdocs\DlhKotaCimahi-main\vendor\codeigniter4\framework\system\View\View.php(210): include('C:\\xampp\\htdocs...')
#2 C:\xampp\htdocs\DlhKotaCimahi-main\vendor\codeigniter4\framework\system\View\View.php(213): CodeIgniter\View\View->CodeIgniter\View\{closure}()
#3 C:\xampp\htdocs\DlhKotaCimahi-main\vendor\codeigniter4\framework\system\Common.php(1089): CodeIgniter\View\View->render('/main/bebanpenc...', Array, true)
#4 C:\xampp\htdocs\DlhKotaCimahi-main\app\Controllers\Home.php(42): view('/main/bebanpenc...')
#5 C:\xampp\htdocs\DlhKotaCimahi-main\vendor\codeigniter4\framework\system\CodeIgniter.php(832): App\Controllers\Home->bnpencemaran()
#6 C:\xampp\htdocs\DlhKotaCimahi-main\vendor\codeigniter4\framework\system\CodeIgniter.php(419): CodeIgniter\CodeIgniter->runController(Object(App\Controllers\Home))
#7 C:\xampp\htdocs\DlhKotaCimahi-main\vendor\codeigniter4\framework\system\CodeIgniter.php(326): CodeIgniter\CodeIgniter->handleRequest(NULL, Object(Config\Cache), false)
#8 C:\xampp\htdocs\DlhKotaCimahi-main\public\index.php(37): CodeIgniter\CodeIgniter->run()
#9 C:\xampp\htdocs\DlhKotaCimahi-main\vendor\codeigniter4\framework\system\Commands\Server\rewrite.php(43): require_once('C:\\xampp\\htdocs...')
#10 {main}
CRITICAL - 2022-03-28 00:13:43 --> View themes, no current section.
#0 C:\xampp\htdocs\DlhKotaCimahi-main\app\Views\main\bebanpencemaran.php(39): CodeIgniter\View\View->endSection()
#1 C:\xampp\htdocs\DlhKotaCimahi-main\vendor\codeigniter4\framework\system\View\View.php(210): include('C:\\xampp\\htdocs...')
#2 C:\xampp\htdocs\DlhKotaCimahi-main\vendor\codeigniter4\framework\system\View\View.php(213): CodeIgniter\View\View->CodeIgniter\View\{closure}()
#3 C:\xampp\htdocs\DlhKotaCimahi-main\vendor\codeigniter4\framework\system\Common.php(1089): CodeIgniter\View\View->render('/main/bebanpenc...', Array, true)
#4 C:\xampp\htdocs\DlhKotaCimahi-main\app\Controllers\Home.php(42): view('/main/bebanpenc...')
#5 C:\xampp\htdocs\DlhKotaCimahi-main\vendor\codeigniter4\framework\system\CodeIgniter.php(832): App\Controllers\Home->bnpencemaran()
#6 C:\xampp\htdocs\DlhKotaCimahi-main\vendor\codeigniter4\framework\system\CodeIgniter.php(419): CodeIgniter\CodeIgniter->runController(Object(App\Controllers\Home))
#7 C:\xampp\htdocs\DlhKotaCimahi-main\vendor\codeigniter4\framework\system\CodeIgniter.php(326): CodeIgniter\CodeIgniter->handleRequest(NULL, Object(Config\Cache), false)
#8 C:\xampp\htdocs\DlhKotaCimahi-main\public\index.php(37): CodeIgniter\CodeIgniter->run()
#9 C:\xampp\htdocs\DlhKotaCimahi-main\vendor\codeigniter4\framework\system\Commands\Server\rewrite.php(43): require_once('C:\\xampp\\htdocs...')
#10 {main}
CRITICAL - 2022-03-28 00:26:31 --> View themes, no current section.
#0 C:\xampp\htdocs\DlhKotaCimahi-main\app\Views\main\bebanpencemaran.php(39): CodeIgniter\View\View->endSection()
#1 C:\xampp\htdocs\DlhKotaCimahi-main\vendor\codeigniter4\framework\system\View\View.php(210): include('C:\\xampp\\htdocs...')
#2 C:\xampp\htdocs\DlhKotaCimahi-main\vendor\codeigniter4\framework\system\View\View.php(213): CodeIgniter\View\View->CodeIgniter\View\{closure}()
#3 C:\xampp\htdocs\DlhKotaCimahi-main\vendor\codeigniter4\framework\system\Common.php(1089): CodeIgniter\View\View->render('/main/bebanpenc...', Array, true)
#4 C:\xampp\htdocs\DlhKotaCimahi-main\app\Controllers\Home.php(42): view('/main/bebanpenc...')
#5 C:\xampp\htdocs\DlhKotaCimahi-main\vendor\codeigniter4\framework\system\CodeIgniter.php(832): App\Controllers\Home->bnpencemaran()
#6 C:\xampp\htdocs\DlhKotaCimahi-main\vendor\codeigniter4\framework\system\CodeIgniter.php(419): CodeIgniter\CodeIgniter->runController(Object(App\Controllers\Home))
#7 C:\xampp\htdocs\DlhKotaCimahi-main\vendor\codeigniter4\framework\system\CodeIgniter.php(326): CodeIgniter\CodeIgniter->handleRequest(NULL, Object(Config\Cache), false)
#8 C:\xampp\htdocs\DlhKotaCimahi-main\public\index.php(37): CodeIgniter\CodeIgniter->run()
#9 C:\xampp\htdocs\DlhKotaCimahi-main\vendor\codeigniter4\framework\system\Commands\Server\rewrite.php(43): require_once('C:\\xampp\\htdocs...')
#10 {main}
CRITICAL - 2022-03-28 00:28:20 --> View themes, no current section.
#0 C:\xampp\htdocs\DlhKotaCimahi-main\app\Views\main\bebanpencemaran.php(39): CodeIgniter\View\View->endSection()
#1 C:\xampp\htdocs\DlhKotaCimahi-main\vendor\codeigniter4\framework\system\View\View.php(210): include('C:\\xampp\\htdocs...')
#2 C:\xampp\htdocs\DlhKotaCimahi-main\vendor\codeigniter4\framework\system\View\View.php(213): CodeIgniter\View\View->CodeIgniter\View\{closure}()
#3 C:\xampp\htdocs\DlhKotaCimahi-main\vendor\codeigniter4\framework\system\Common.php(1089): CodeIgniter\View\View->render('/main/bebanpenc...', Array, true)
#4 C:\xampp\htdocs\DlhKotaCimahi-main\app\Controllers\Home.php(42): view('/main/bebanpenc...')
#5 C:\xampp\htdocs\DlhKotaCimahi-main\vendor\codeigniter4\framework\system\CodeIgniter.php(832): App\Controllers\Home->bnpencemaran()
#6 C:\xampp\htdocs\DlhKotaCimahi-main\vendor\codeigniter4\framework\system\CodeIgniter.php(419): CodeIgniter\CodeIgniter->runController(Object(App\Controllers\Home))
#7 C:\xampp\htdocs\DlhKotaCimahi-main\vendor\codeigniter4\framework\system\CodeIgniter.php(326): CodeIgniter\CodeIgniter->handleRequest(NULL, Object(Config\Cache), false)
#8 C:\xampp\htdocs\DlhKotaCimahi-main\public\index.php(37): CodeIgniter\CodeIgniter->run()
#9 C:\xampp\htdocs\DlhKotaCimahi-main\vendor\codeigniter4\framework\system\Commands\Server\rewrite.php(43): require_once('C:\\xampp\\htdocs...')
#10 {main}
CRITICAL - 2022-03-28 00:28:32 --> View themes, no current section.
#0 C:\xampp\htdocs\DlhKotaCimahi-main\app\Views\main\bebanpencemaran.php(39): CodeIgniter\View\View->endSection()
#1 C:\xampp\htdocs\DlhKotaCimahi-main\vendor\codeigniter4\framework\system\View\View.php(210): include('C:\\xampp\\htdocs...')
#2 C:\xampp\htdocs\DlhKotaCimahi-main\vendor\codeigniter4\framework\system\View\View.php(213): CodeIgniter\View\View->CodeIgniter\View\{closure}()
#3 C:\xampp\htdocs\DlhKotaCimahi-main\vendor\codeigniter4\framework\system\Common.php(1089): CodeIgniter\View\View->render('/main/bebanpenc...', Array, true)
#4 C:\xampp\htdocs\DlhKotaCimahi-main\app\Controllers\Home.php(42): view('/main/bebanpenc...')
#5 C:\xampp\htdocs\DlhKotaCimahi-main\vendor\codeigniter4\framework\system\CodeIgniter.php(832): App\Controllers\Home->bnpencemaran()
#6 C:\xampp\htdocs\DlhKotaCimahi-main\vendor\codeigniter4\framework\system\CodeIgniter.php(419): CodeIgniter\CodeIgniter->runController(Object(App\Controllers\Home))
#7 C:\xampp\htdocs\DlhKotaCimahi-main\vendor\codeigniter4\framework\system\CodeIgniter.php(326): CodeIgniter\CodeIgniter->handleRequest(NULL, Object(Config\Cache), false)
#8 C:\xampp\htdocs\DlhKotaCimahi-main\public\index.php(37): CodeIgniter\CodeIgniter->run()
#9 C:\xampp\htdocs\DlhKotaCimahi-main\vendor\codeigniter4\framework\system\Commands\Server\rewrite.php(43): require_once('C:\\xampp\\htdocs...')
#10 {main}
CRITICAL - 2022-03-28 00:28:41 --> View themes, no current section.
#0 C:\xampp\htdocs\DlhKotaCimahi-main\app\Views\main\bebanpencemaran.php(39): CodeIgniter\View\View->endSection()
#1 C:\xampp\htdocs\DlhKotaCimahi-main\vendor\codeigniter4\framework\system\View\View.php(210): include('C:\\xampp\\htdocs...')
#2 C:\xampp\htdocs\DlhKotaCimahi-main\vendor\codeigniter4\framework\system\View\View.php(213): CodeIgniter\View\View->CodeIgniter\View\{closure}()
#3 C:\xampp\htdocs\DlhKotaCimahi-main\vendor\codeigniter4\framework\system\Common.php(1089): CodeIgniter\View\View->render('/main/bebanpenc...', Array, true)
#4 C:\xampp\htdocs\DlhKotaCimahi-main\app\Controllers\Home.php(42): view('/main/bebanpenc...')
#5 C:\xampp\htdocs\DlhKotaCimahi-main\vendor\codeigniter4\framework\system\CodeIgniter.php(832): App\Controllers\Home->bnpencemaran()
#6 C:\xampp\htdocs\DlhKotaCimahi-main\vendor\codeigniter4\framework\system\CodeIgniter.php(419): CodeIgniter\CodeIgniter->runController(Object(App\Controllers\Home))
#7 C:\xampp\htdocs\DlhKotaCimahi-main\vendor\codeigniter4\framework\system\CodeIgniter.php(326): CodeIgniter\CodeIgniter->handleRequest(NULL, Object(Config\Cache), false)
#8 C:\xampp\htdocs\DlhKotaCimahi-main\public\index.php(37): CodeIgniter\CodeIgniter->run()
#9 C:\xampp\htdocs\DlhKotaCimahi-main\vendor\codeigniter4\framework\system\Commands\Server\rewrite.php(43): require_once('C:\\xampp\\htdocs...')
#10 {main}
CRITICAL - 2022-03-28 00:28:58 --> View themes, no current section.
#0 C:\xampp\htdocs\DlhKotaCimahi-main\app\Views\main\bebanpencemaran.php(39): CodeIgniter\View\View->endSection()
#1 C:\xampp\htdocs\DlhKotaCimahi-main\vendor\codeigniter4\framework\system\View\View.php(210): include('C:\\xampp\\htdocs...')
#2 C:\xampp\htdocs\DlhKotaCimahi-main\vendor\codeigniter4\framework\system\View\View.php(213): CodeIgniter\View\View->CodeIgniter\View\{closure}()
#3 C:\xampp\htdocs\DlhKotaCimahi-main\vendor\codeigniter4\framework\system\Common.php(1089): CodeIgniter\View\View->render('/main/bebanpenc...', Array, true)
#4 C:\xampp\htdocs\DlhKotaCimahi-main\app\Controllers\Home.php(42): view('/main/bebanpenc...')
#5 C:\xampp\htdocs\DlhKotaCimahi-main\vendor\codeigniter4\framework\system\CodeIgniter.php(832): App\Controllers\Home->bnpencemaran()
#6 C:\xampp\htdocs\DlhKotaCimahi-main\vendor\codeigniter4\framework\system\CodeIgniter.php(419): CodeIgniter\CodeIgniter->runController(Object(App\Controllers\Home))
#7 C:\xampp\htdocs\DlhKotaCimahi-main\vendor\codeigniter4\framework\system\CodeIgniter.php(326): CodeIgniter\CodeIgniter->handleRequest(NULL, Object(Config\Cache), false)
#8 C:\xampp\htdocs\DlhKotaCimahi-main\public\index.php(37): CodeIgniter\CodeIgniter->run()
#9 C:\xampp\htdocs\DlhKotaCimahi-main\vendor\codeigniter4\framework\system\Commands\Server\rewrite.php(43): require_once('C:\\xampp\\htdocs...')
#10 {main}
CRITICAL - 2022-03-28 00:36:39 --> Undefined variable: titikPantau
#0 C:\xampp\htdocs\DlhKotaCimahi-main\app\Views\pages\gis\v_maps.php(127): CodeIgniter\Debug\Exceptions->errorHandler(8, 'Undefined varia...', 'C:\\xampp\\htdocs...', 127, Array)
#1 C:\xampp\htdocs\DlhKotaCimahi-main\vendor\codeigniter4\framework\system\View\View.php(210): include('C:\\xampp\\htdocs...')
#2 C:\xampp\htdocs\DlhKotaCimahi-main\vendor\codeigniter4\framework\system\View\View.php(213): CodeIgniter\View\View->CodeIgniter\View\{closure}()
#3 C:\xampp\htdocs\DlhKotaCimahi-main\vendor\codeigniter4\framework\system\Common.php(1089): CodeIgniter\View\View->render('/pages/gis/v_ma...', Array, true)
#4 C:\xampp\htdocs\DlhKotaCimahi-main\app\Controllers\Home.php(61): view('/pages/gis/v_ma...')
#5 C:\xampp\htdocs\DlhKotaCimahi-main\vendor\codeigniter4\framework\system\CodeIgniter.php(832): App\Controllers\Home->gisTitikPantau()
#6 C:\xampp\htdocs\DlhKotaCimahi-main\vendor\codeigniter4\framework\system\CodeIgniter.php(419): CodeIgniter\CodeIgniter->runController(Object(App\Controllers\Home))
#7 C:\xampp\htdocs\DlhKotaCimahi-main\vendor\codeigniter4\framework\system\CodeIgniter.php(326): CodeIgniter\CodeIgniter->handleRequest(NULL, Object(Config\Cache), false)
#8 C:\xampp\htdocs\DlhKotaCimahi-main\public\index.php(37): CodeIgniter\CodeIgniter->run()
#9 C:\xampp\htdocs\DlhKotaCimahi-main\vendor\codeigniter4\framework\system\Commands\Server\rewrite.php(43): require_once('C:\\xampp\\htdocs...')
#10 {main}
CRITICAL - 2022-03-28 00:36:48 --> Undefined variable: titikPantau
#0 C:\xampp\htdocs\DlhKotaCimahi-main\app\Views\pages\gis\v_maps.php(127): CodeIgniter\Debug\Exceptions->errorHandler(8, 'Undefined varia...', 'C:\\xampp\\htdocs...', 127, Array)
#1 C:\xampp\htdocs\DlhKotaCimahi-main\vendor\codeigniter4\framework\system\View\View.php(210): include('C:\\xampp\\htdocs...')
#2 C:\xampp\htdocs\DlhKotaCimahi-main\vendor\codeigniter4\framework\system\View\View.php(213): CodeIgniter\View\View->CodeIgniter\View\{closure}()
#3 C:\xampp\htdocs\DlhKotaCimahi-main\vendor\codeigniter4\framework\system\Common.php(1089): CodeIgniter\View\View->render('/pages/gis/v_ma...', Array, true)
#4 C:\xampp\htdocs\DlhKotaCimahi-main\app\Controllers\Home.php(61): view('/pages/gis/v_ma...')
#5 C:\xampp\htdocs\DlhKotaCimahi-main\vendor\codeigniter4\framework\system\CodeIgniter.php(832): App\Controllers\Home->gisTitikPantau()
#6 C:\xampp\htdocs\DlhKotaCimahi-main\vendor\codeigniter4\framework\system\CodeIgniter.php(419): CodeIgniter\CodeIgniter->runController(Object(App\Controllers\Home))
#7 C:\xampp\htdocs\DlhKotaCimahi-main\vendor\codeigniter4\framework\system\CodeIgniter.php(326): CodeIgniter\CodeIgniter->handleRequest(NULL, Object(Config\Cache), false)
#8 C:\xampp\htdocs\DlhKotaCimahi-main\public\index.php(37): CodeIgniter\CodeIgniter->run()
#9 C:\xampp\htdocs\DlhKotaCimahi-main\vendor\codeigniter4\framework\system\Commands\Server\rewrite.php(43): require_once('C:\\xampp\\htdocs...')
#10 {main}
CRITICAL - 2022-03-28 00:36:52 --> Undefined variable: titikPantau
#0 C:\xampp\htdocs\DlhKotaCimahi-main\app\Views\pages\gis\v_maps.php(127): CodeIgniter\Debug\Exceptions->errorHandler(8, 'Undefined varia...', 'C:\\xampp\\htdocs...', 127, Array)
#1 C:\xampp\htdocs\DlhKotaCimahi-main\vendor\codeigniter4\framework\system\View\View.php(210): include('C:\\xampp\\htdocs...')
#2 C:\xampp\htdocs\DlhKotaCimahi-main\vendor\codeigniter4\framework\system\View\View.php(213): CodeIgniter\View\View->CodeIgniter\View\{closure}()
#3 C:\xampp\htdocs\DlhKotaCimahi-main\vendor\codeigniter4\framework\system\Common.php(1089): CodeIgniter\View\View->render('/pages/gis/v_ma...', Array, true)
#4 C:\xampp\htdocs\DlhKotaCimahi-main\app\Controllers\Home.php(61): view('/pages/gis/v_ma...')
#5 C:\xampp\htdocs\DlhKotaCimahi-main\vendor\codeigniter4\framework\system\CodeIgniter.php(832): App\Controllers\Home->gisTitikPantau()
#6 C:\xampp\htdocs\DlhKotaCimahi-main\vendor\codeigniter4\framework\system\CodeIgniter.php(419): CodeIgniter\CodeIgniter->runController(Object(App\Controllers\Home))
#7 C:\xampp\htdocs\DlhKotaCimahi-main\vendor\codeigniter4\framework\system\CodeIgniter.php(326): CodeIgniter\CodeIgniter->handleRequest(NULL, Object(Config\Cache), false)
#8 C:\xampp\htdocs\DlhKotaCimahi-main\public\index.php(37): CodeIgniter\CodeIgniter->run()
#9 C:\xampp\htdocs\DlhKotaCimahi-main\vendor\codeigniter4\framework\system\Commands\Server\rewrite.php(43): require_once('C:\\xampp\\htdocs...')
#10 {main}
CRITICAL - 2022-03-28 00:37:49 --> Undefined variable: tbltitikpantau
#0 C:\xampp\htdocs\DlhKotaCimahi-main\app\Views\pages\gis\v_maps.php(127): CodeIgniter\Debug\Exceptions->errorHandler(8, 'Undefined varia...', 'C:\\xampp\\htdocs...', 127, Array)
#1 C:\xampp\htdocs\DlhKotaCimahi-main\vendor\codeigniter4\framework\system\View\View.php(210): include('C:\\xampp\\htdocs...')
#2 C:\xampp\htdocs\DlhKotaCimahi-main\vendor\codeigniter4\framework\system\View\View.php(213): CodeIgniter\View\View->CodeIgniter\View\{closure}()
#3 C:\xampp\htdocs\DlhKotaCimahi-main\vendor\codeigniter4\framework\system\Common.php(1089): CodeIgniter\View\View->render('/pages/gis/v_ma...', Array, true)
#4 C:\xampp\htdocs\DlhKotaCimahi-main\app\Controllers\Home.php(61): view('/pages/gis/v_ma...')
#5 C:\xampp\htdocs\DlhKotaCimahi-main\vendor\codeigniter4\framework\system\CodeIgniter.php(832): App\Controllers\Home->gisTitikPantau()
#6 C:\xampp\htdocs\DlhKotaCimahi-main\vendor\codeigniter4\framework\system\CodeIgniter.php(419): CodeIgniter\CodeIgniter->runController(Object(App\Controllers\Home))
#7 C:\xampp\htdocs\DlhKotaCimahi-main\vendor\codeigniter4\framework\system\CodeIgniter.php(326): CodeIgniter\CodeIgniter->handleRequest(NULL, Object(Config\Cache), false)
#8 C:\xampp\htdocs\DlhKotaCimahi-main\public\index.php(37): CodeIgniter\CodeIgniter->run()
#9 C:\xampp\htdocs\DlhKotaCimahi-main\vendor\codeigniter4\framework\system\Commands\Server\rewrite.php(43): require_once('C:\\xampp\\htdocs...')
#10 {main}
CRITICAL - 2022-03-28 00:37:50 --> Undefined variable: tbltitikpantau
#0 C:\xampp\htdocs\DlhKotaCimahi-main\app\Views\pages\gis\v_maps.php(127): CodeIgniter\Debug\Exceptions->errorHandler(8, 'Undefined varia...', 'C:\\xampp\\htdocs...', 127, Array)
#1 C:\xampp\htdocs\DlhKotaCimahi-main\vendor\codeigniter4\framework\system\View\View.php(210): include('C:\\xampp\\htdocs...')
#2 C:\xampp\htdocs\DlhKotaCimahi-main\vendor\codeigniter4\framework\system\View\View.php(213): CodeIgniter\View\View->CodeIgniter\View\{closure}()
#3 C:\xampp\htdocs\DlhKotaCimahi-main\vendor\codeigniter4\framework\system\Common.php(1089): CodeIgniter\View\View->render('/pages/gis/v_ma...', Array, true)
#4 C:\xampp\htdocs\DlhKotaCimahi-main\app\Controllers\Home.php(61): view('/pages/gis/v_ma...')
#5 C:\xampp\htdocs\DlhKotaCimahi-main\vendor\codeigniter4\framework\system\CodeIgniter.php(832): App\Controllers\Home->gisTitikPantau()
#6 C:\xampp\htdocs\DlhKotaCimahi-main\vendor\codeigniter4\framework\system\CodeIgniter.php(419): CodeIgniter\CodeIgniter->runController(Object(App\Controllers\Home))
#7 C:\xampp\htdocs\DlhKotaCimahi-main\vendor\codeigniter4\framework\system\CodeIgniter.php(326): CodeIgniter\CodeIgniter->handleRequest(NULL, Object(Config\Cache), false)
#8 C:\xampp\htdocs\DlhKotaCimahi-main\public\index.php(37): CodeIgniter\CodeIgniter->run()
#9 C:\xampp\htdocs\DlhKotaCimahi-main\vendor\codeigniter4\framework\system\Commands\Server\rewrite.php(43): require_once('C:\\xampp\\htdocs...')
#10 {main}
CRITICAL - 2022-03-28 00:37:53 --> Undefined variable: tbltitikpantau
#0 C:\xampp\htdocs\DlhKotaCimahi-main\app\Views\pages\gis\v_maps.php(127): CodeIgniter\Debug\Exceptions->errorHandler(8, 'Undefined varia...', 'C:\\xampp\\htdocs...', 127, Array)
#1 C:\xampp\htdocs\DlhKotaCimahi-main\vendor\codeigniter4\framework\system\View\View.php(210): include('C:\\xampp\\htdocs...')
#2 C:\xampp\htdocs\DlhKotaCimahi-main\vendor\codeigniter4\framework\system\View\View.php(213): CodeIgniter\View\View->CodeIgniter\View\{closure}()
#3 C:\xampp\htdocs\DlhKotaCimahi-main\vendor\codeigniter4\framework\system\Common.php(1089): CodeIgniter\View\View->render('/pages/gis/v_ma...', Array, true)
#4 C:\xampp\htdocs\DlhKotaCimahi-main\app\Controllers\Home.php(61): view('/pages/gis/v_ma...')
#5 C:\xampp\htdocs\DlhKotaCimahi-main\vendor\codeigniter4\framework\system\CodeIgniter.php(832): App\Controllers\Home->gisTitikPantau()
#6 C:\xampp\htdocs\DlhKotaCimahi-main\vendor\codeigniter4\framework\system\CodeIgniter.php(419): CodeIgniter\CodeIgniter->runController(Object(App\Controllers\Home))
#7 C:\xampp\htdocs\DlhKotaCimahi-main\vendor\codeigniter4\framework\system\CodeIgniter.php(326): CodeIgniter\CodeIgniter->handleRequest(NULL, Object(Config\Cache), false)
#8 C:\xampp\htdocs\DlhKotaCimahi-main\public\index.php(37): CodeIgniter\CodeIgniter->run()
#9 C:\xampp\htdocs\DlhKotaCimahi-main\vendor\codeigniter4\framework\system\Commands\Server\rewrite.php(43): require_once('C:\\xampp\\htdocs...')
#10 {main}
CRITICAL - 2022-03-28 00:38:11 --> Undefined variable: titikPantau
#0 C:\xampp\htdocs\DlhKotaCimahi-main\app\Views\pages\gis\v_maps.php(127): CodeIgniter\Debug\Exceptions->errorHandler(8, 'Undefined varia...', 'C:\\xampp\\htdocs...', 127, Array)
#1 C:\xampp\htdocs\DlhKotaCimahi-main\vendor\codeigniter4\framework\system\View\View.php(210): include('C:\\xampp\\htdocs...')
#2 C:\xampp\htdocs\DlhKotaCimahi-main\vendor\codeigniter4\framework\system\View\View.php(213): CodeIgniter\View\View->CodeIgniter\View\{closure}()
#3 C:\xampp\htdocs\DlhKotaCimahi-main\vendor\codeigniter4\framework\system\Common.php(1089): CodeIgniter\View\View->render('/pages/gis/v_ma...', Array, true)
#4 C:\xampp\htdocs\DlhKotaCimahi-main\app\Controllers\Home.php(61): view('/pages/gis/v_ma...')
#5 C:\xampp\htdocs\DlhKotaCimahi-main\vendor\codeigniter4\framework\system\CodeIgniter.php(832): App\Controllers\Home->gisTitikPantau()
#6 C:\xampp\htdocs\DlhKotaCimahi-main\vendor\codeigniter4\framework\system\CodeIgniter.php(419): CodeIgniter\CodeIgniter->runController(Object(App\Controllers\Home))
#7 C:\xampp\htdocs\DlhKotaCimahi-main\vendor\codeigniter4\framework\system\CodeIgniter.php(326): CodeIgniter\CodeIgniter->handleRequest(NULL, Object(Config\Cache), false)
#8 C:\xampp\htdocs\DlhKotaCimahi-main\public\index.php(37): CodeIgniter\CodeIgniter->run()
#9 C:\xampp\htdocs\DlhKotaCimahi-main\vendor\codeigniter4\framework\system\Commands\Server\rewrite.php(43): require_once('C:\\xampp\\htdocs...')
#10 {main}
CRITICAL - 2022-03-28 00:38:57 --> Undefined variable: titikPantau
#0 C:\xampp\htdocs\DlhKotaCimahi-main\app\Views\pages\gis\v_maps.php(127): CodeIgniter\Debug\Exceptions->errorHandler(8, 'Undefined varia...', 'C:\\xampp\\htdocs...', 127, Array)
#1 C:\xampp\htdocs\DlhKotaCimahi-main\vendor\codeigniter4\framework\system\View\View.php(210): include('C:\\xampp\\htdocs...')
#2 C:\xampp\htdocs\DlhKotaCimahi-main\vendor\codeigniter4\framework\system\View\View.php(213): CodeIgniter\View\View->CodeIgniter\View\{closure}()
#3 C:\xampp\htdocs\DlhKotaCimahi-main\vendor\codeigniter4\framework\system\Common.php(1089): CodeIgniter\View\View->render('/pages/gis/v_ma...', Array, true)
#4 C:\xampp\htdocs\DlhKotaCimahi-main\app\Controllers\Home.php(61): view('/pages/gis/v_ma...')
#5 C:\xampp\htdocs\DlhKotaCimahi-main\vendor\codeigniter4\framework\system\CodeIgniter.php(832): App\Controllers\Home->gisTitikPantau()
#6 C:\xampp\htdocs\DlhKotaCimahi-main\vendor\codeigniter4\framework\system\CodeIgniter.php(419): CodeIgniter\CodeIgniter->runController(Object(App\Controllers\Home))
#7 C:\xampp\htdocs\DlhKotaCimahi-main\vendor\codeigniter4\framework\system\CodeIgniter.php(326): CodeIgniter\CodeIgniter->handleRequest(NULL, Object(Config\Cache), false)
#8 C:\xampp\htdocs\DlhKotaCimahi-main\public\index.php(37): CodeIgniter\CodeIgniter->run()
#9 C:\xampp\htdocs\DlhKotaCimahi-main\vendor\codeigniter4\framework\system\Commands\Server\rewrite.php(43): require_once('C:\\xampp\\htdocs...')
#10 {main}
CRITICAL - 2022-03-28 00:38:58 --> Undefined variable: titikPantau
#0 C:\xampp\htdocs\DlhKotaCimahi-main\app\Views\pages\gis\v_maps.php(127): CodeIgniter\Debug\Exceptions->errorHandler(8, 'Undefined varia...', 'C:\\xampp\\htdocs...', 127, Array)
#1 C:\xampp\htdocs\DlhKotaCimahi-main\vendor\codeigniter4\framework\system\View\View.php(210): include('C:\\xampp\\htdocs...')
#2 C:\xampp\htdocs\DlhKotaCimahi-main\vendor\codeigniter4\framework\system\View\View.php(213): CodeIgniter\View\View->CodeIgniter\View\{closure}()
#3 C:\xampp\htdocs\DlhKotaCimahi-main\vendor\codeigniter4\framework\system\Common.php(1089): CodeIgniter\View\View->render('/pages/gis/v_ma...', Array, true)
#4 C:\xampp\htdocs\DlhKotaCimahi-main\app\Controllers\Home.php(61): view('/pages/gis/v_ma...')
#5 C:\xampp\htdocs\DlhKotaCimahi-main\vendor\codeigniter4\framework\system\CodeIgniter.php(832): App\Controllers\Home->gisTitikPantau()
#6 C:\xampp\htdocs\DlhKotaCimahi-main\vendor\codeigniter4\framework\system\CodeIgniter.php(419): CodeIgniter\CodeIgniter->runController(Object(App\Controllers\Home))
#7 C:\xampp\htdocs\DlhKotaCimahi-main\vendor\codeigniter4\framework\system\CodeIgniter.php(326): CodeIgniter\CodeIgniter->handleRequest(NULL, Object(Config\Cache), false)
#8 C:\xampp\htdocs\DlhKotaCimahi-main\public\index.php(37): CodeIgniter\CodeIgniter->run()
#9 C:\xampp\htdocs\DlhKotaCimahi-main\vendor\codeigniter4\framework\system\Commands\Server\rewrite.php(43): require_once('C:\\xampp\\htdocs...')
#10 {main}
CRITICAL - 2022-03-28 00:38:58 --> Undefined variable: titikPantau
#0 C:\xampp\htdocs\DlhKotaCimahi-main\app\Views\pages\gis\v_maps.php(127): CodeIgniter\Debug\Exceptions->errorHandler(8, 'Undefined varia...', 'C:\\xampp\\htdocs...', 127, Array)
#1 C:\xampp\htdocs\DlhKotaCimahi-main\vendor\codeigniter4\framework\system\View\View.php(210): include('C:\\xampp\\htdocs...')
#2 C:\xampp\htdocs\DlhKotaCimahi-main\vendor\codeigniter4\framework\system\View\View.php(213): CodeIgniter\View\View->CodeIgniter\View\{closure}()
#3 C:\xampp\htdocs\DlhKotaCimahi-main\vendor\codeigniter4\framework\system\Common.php(1089): CodeIgniter\View\View->render('/pages/gis/v_ma...', Array, true)
#4 C:\xampp\htdocs\DlhKotaCimahi-main\app\Controllers\Home.php(61): view('/pages/gis/v_ma...')
#5 C:\xampp\htdocs\DlhKotaCimahi-main\vendor\codeigniter4\framework\system\CodeIgniter.php(832): App\Controllers\Home->gisTitikPantau()
#6 C:\xampp\htdocs\DlhKotaCimahi-main\vendor\codeigniter4\framework\system\CodeIgniter.php(419): CodeIgniter\CodeIgniter->runController(Object(App\Controllers\Home))
#7 C:\xampp\htdocs\DlhKotaCimahi-main\vendor\codeigniter4\framework\system\CodeIgniter.php(326): CodeIgniter\CodeIgniter->handleRequest(NULL, Object(Config\Cache), false)
#8 C:\xampp\htdocs\DlhKotaCimahi-main\public\index.php(37): CodeIgniter\CodeIgniter->run()
#9 C:\xampp\htdocs\DlhKotaCimahi-main\vendor\codeigniter4\framework\system\Commands\Server\rewrite.php(43): require_once('C:\\xampp\\htdocs...')
#10 {main}
CRITICAL - 2022-03-28 00:38:58 --> Undefined variable: titikPantau
#0 C:\xampp\htdocs\DlhKotaCimahi-main\app\Views\pages\gis\v_maps.php(127): CodeIgniter\Debug\Exceptions->errorHandler(8, 'Undefined varia...', 'C:\\xampp\\htdocs...', 127, Array)
#1 C:\xampp\htdocs\DlhKotaCimahi-main\vendor\codeigniter4\framework\system\View\View.php(210): include('C:\\xampp\\htdocs...')
#2 C:\xampp\htdocs\DlhKotaCimahi-main\vendor\codeigniter4\framework\system\View\View.php(213): CodeIgniter\View\View->CodeIgniter\View\{closure}()
#3 C:\xampp\htdocs\DlhKotaCimahi-main\vendor\codeigniter4\framework\system\Common.php(1089): CodeIgniter\View\View->render('/pages/gis/v_ma...', Array, true)
#4 C:\xampp\htdocs\DlhKotaCimahi-main\app\Controllers\Home.php(61): view('/pages/gis/v_ma...')
#5 C:\xampp\htdocs\DlhKotaCimahi-main\vendor\codeigniter4\framework\system\CodeIgniter.php(832): App\Controllers\Home->gisTitikPantau()
#6 C:\xampp\htdocs\DlhKotaCimahi-main\vendor\codeigniter4\framework\system\CodeIgniter.php(419): CodeIgniter\CodeIgniter->runController(Object(App\Controllers\Home))
#7 C:\xampp\htdocs\DlhKotaCimahi-main\vendor\codeigniter4\framework\system\CodeIgniter.php(326): CodeIgniter\CodeIgniter->handleRequest(NULL, Object(Config\Cache), false)
#8 C:\xampp\htdocs\DlhKotaCimahi-main\public\index.php(37): CodeIgniter\CodeIgniter->run()
#9 C:\xampp\htdocs\DlhKotaCimahi-main\vendor\codeigniter4\framework\system\Commands\Server\rewrite.php(43): require_once('C:\\xampp\\htdocs...')
#10 {main}
CRITICAL - 2022-03-28 00:38:58 --> Undefined variable: titikPantau
#0 C:\xampp\htdocs\DlhKotaCimahi-main\app\Views\pages\gis\v_maps.php(127): CodeIgniter\Debug\Exceptions->errorHandler(8, 'Undefined varia...', 'C:\\xampp\\htdocs...', 127, Array)
#1 C:\xampp\htdocs\DlhKotaCimahi-main\vendor\codeigniter4\framework\system\View\View.php(210): include('C:\\xampp\\htdocs...')
#2 C:\xampp\htdocs\DlhKotaCimahi-main\vendor\codeigniter4\framework\system\View\View.php(213): CodeIgniter\View\View->CodeIgniter\View\{closure}()
#3 C:\xampp\htdocs\DlhKotaCimahi-main\vendor\codeigniter4\framework\system\Common.php(1089): CodeIgniter\View\View->render('/pages/gis/v_ma...', Array, true)
#4 C:\xampp\htdocs\DlhKotaCimahi-main\app\Controllers\Home.php(61): view('/pages/gis/v_ma...')
#5 C:\xampp\htdocs\DlhKotaCimahi-main\vendor\codeigniter4\framework\system\CodeIgniter.php(832): App\Controllers\Home->gisTitikPantau()
#6 C:\xampp\htdocs\DlhKotaCimahi-main\vendor\codeigniter4\framework\system\CodeIgniter.php(419): CodeIgniter\CodeIgniter->runController(Object(App\Controllers\Home))
#7 C:\xampp\htdocs\DlhKotaCimahi-main\vendor\codeigniter4\framework\system\CodeIgniter.php(326): CodeIgniter\CodeIgniter->handleRequest(NULL, Object(Config\Cache), false)
#8 C:\xampp\htdocs\DlhKotaCimahi-main\public\index.php(37): CodeIgniter\CodeIgniter->run()
#9 C:\xampp\htdocs\DlhKotaCimahi-main\vendor\codeigniter4\framework\system\Commands\Server\rewrite.php(43): require_once('C:\\xampp\\htdocs...')
#10 {main}
CRITICAL - 2022-03-28 00:38:58 --> Undefined variable: titikPantau
#0 C:\xampp\htdocs\DlhKotaCimahi-main\app\Views\pages\gis\v_maps.php(127): CodeIgniter\Debug\Exceptions->errorHandler(8, 'Undefined varia...', 'C:\\xampp\\htdocs...', 127, Array)
#1 C:\xampp\htdocs\DlhKotaCimahi-main\vendor\codeigniter4\framework\system\View\View.php(210): include('C:\\xampp\\htdocs...')
#2 C:\xampp\htdocs\DlhKotaCimahi-main\vendor\codeigniter4\framework\system\View\View.php(213): CodeIgniter\View\View->CodeIgniter\View\{closure}()
#3 C:\xampp\htdocs\DlhKotaCimahi-main\vendor\codeigniter4\framework\system\Common.php(1089): CodeIgniter\View\View->render('/pages/gis/v_ma...', Array, true)
#4 C:\xampp\htdocs\DlhKotaCimahi-main\app\Controllers\Home.php(61): view('/pages/gis/v_ma...')
#5 C:\xampp\htdocs\DlhKotaCimahi-main\vendor\codeigniter4\framework\system\CodeIgniter.php(832): App\Controllers\Home->gisTitikPantau()
#6 C:\xampp\htdocs\DlhKotaCimahi-main\vendor\codeigniter4\framework\system\CodeIgniter.php(419): CodeIgniter\CodeIgniter->runController(Object(App\Controllers\Home))
#7 C:\xampp\htdocs\DlhKotaCimahi-main\vendor\codeigniter4\framework\system\CodeIgniter.php(326): CodeIgniter\CodeIgniter->handleRequest(NULL, Object(Config\Cache), false)
#8 C:\xampp\htdocs\DlhKotaCimahi-main\public\index.php(37): CodeIgniter\CodeIgniter->run()
#9 C:\xampp\htdocs\DlhKotaCimahi-main\vendor\codeigniter4\framework\system\Commands\Server\rewrite.php(43): require_once('C:\\xampp\\htdocs...')
#10 {main}
CRITICAL - 2022-03-28 00:38:59 --> Undefined variable: titikPantau
#0 C:\xampp\htdocs\DlhKotaCimahi-main\app\Views\pages\gis\v_maps.php(127): CodeIgniter\Debug\Exceptions->errorHandler(8, 'Undefined varia...', 'C:\\xampp\\htdocs...', 127, Array)
#1 C:\xampp\htdocs\DlhKotaCimahi-main\vendor\codeigniter4\framework\system\View\View.php(210): include('C:\\xampp\\htdocs...')
#2 C:\xampp\htdocs\DlhKotaCimahi-main\vendor\codeigniter4\framework\system\View\View.php(213): CodeIgniter\View\View->CodeIgniter\View\{closure}()
#3 C:\xampp\htdocs\DlhKotaCimahi-main\vendor\codeigniter4\framework\system\Common.php(1089): CodeIgniter\View\View->render('/pages/gis/v_ma...', Array, true)
#4 C:\xampp\htdocs\DlhKotaCimahi-main\app\Controllers\Home.php(61): view('/pages/gis/v_ma...')
#5 C:\xampp\htdocs\DlhKotaCimahi-main\vendor\codeigniter4\framework\system\CodeIgniter.php(832): App\Controllers\Home->gisTitikPantau()
#6 C:\xampp\htdocs\DlhKotaCimahi-main\vendor\codeigniter4\framework\system\CodeIgniter.php(419): CodeIgniter\CodeIgniter->runController(Object(App\Controllers\Home))
#7 C:\xampp\htdocs\DlhKotaCimahi-main\vendor\codeigniter4\framework\system\CodeIgniter.php(326): CodeIgniter\CodeIgniter->handleRequest(NULL, Object(Config\Cache), false)
#8 C:\xampp\htdocs\DlhKotaCimahi-main\public\index.php(37): CodeIgniter\CodeIgniter->run()
#9 C:\xampp\htdocs\DlhKotaCimahi-main\vendor\codeigniter4\framework\system\Commands\Server\rewrite.php(43): require_once('C:\\xampp\\htdocs...')
#10 {main}
CRITICAL - 2022-03-28 00:38:59 --> Undefined variable: titikPantau
#0 C:\xampp\htdocs\DlhKotaCimahi-main\app\Views\pages\gis\v_maps.php(127): CodeIgniter\Debug\Exceptions->errorHandler(8, 'Undefined varia...', 'C:\\xampp\\htdocs...', 127, Array)
#1 C:\xampp\htdocs\DlhKotaCimahi-main\vendor\codeigniter4\framework\system\View\View.php(210): include('C:\\xampp\\htdocs...')
#2 C:\xampp\htdocs\DlhKotaCimahi-main\vendor\codeigniter4\framework\system\View\View.php(213): CodeIgniter\View\View->CodeIgniter\View\{closure}()
#3 C:\xampp\htdocs\DlhKotaCimahi-main\vendor\codeigniter4\framework\system\Common.php(1089): CodeIgniter\View\View->render('/pages/gis/v_ma...', Array, true)
#4 C:\xampp\htdocs\DlhKotaCimahi-main\app\Controllers\Home.php(61): view('/pages/gis/v_ma...')
#5 C:\xampp\htdocs\DlhKotaCimahi-main\vendor\codeigniter4\framework\system\CodeIgniter.php(832): App\Controllers\Home->gisTitikPantau()
#6 C:\xampp\htdocs\DlhKotaCimahi-main\vendor\codeigniter4\framework\system\CodeIgniter.php(419): CodeIgniter\CodeIgniter->runController(Object(App\Controllers\Home))
#7 C:\xampp\htdocs\DlhKotaCimahi-main\vendor\codeigniter4\framework\system\CodeIgniter.php(326): CodeIgniter\CodeIgniter->handleRequest(NULL, Object(Config\Cache), false)
#8 C:\xampp\htdocs\DlhKotaCimahi-main\public\index.php(37): CodeIgniter\CodeIgniter->run()
#9 C:\xampp\htdocs\DlhKotaCimahi-main\vendor\codeigniter4\framework\system\Commands\Server\rewrite.php(43): require_once('C:\\xampp\\htdocs...')
#10 {main}
CRITICAL - 2022-03-28 01:38:57 --> Undefined variable: titikPantau
#0 C:\xampp\htdocs\DlhKotaCimahi-main\app\Views\pages\gis\v_maps.php(127): CodeIgniter\Debug\Exceptions->errorHandler(8, 'Undefined varia...', 'C:\\xampp\\htdocs...', 127, Array)
#1 C:\xampp\htdocs\DlhKotaCimahi-main\vendor\codeigniter4\framework\system\View\View.php(210): include('C:\\xampp\\htdocs...')
#2 C:\xampp\htdocs\DlhKotaCimahi-main\vendor\codeigniter4\framework\system\View\View.php(213): CodeIgniter\View\View->CodeIgniter\View\{closure}()
#3 C:\xampp\htdocs\DlhKotaCimahi-main\vendor\codeigniter4\framework\system\Common.php(1089): CodeIgniter\View\View->render('/pages/gis/v_ma...', Array, true)
#4 C:\xampp\htdocs\DlhKotaCimahi-main\app\Controllers\Home.php(61): view('/pages/gis/v_ma...')
#5 C:\xampp\htdocs\DlhKotaCimahi-main\vendor\codeigniter4\framework\system\CodeIgniter.php(832): App\Controllers\Home->gisTitikPantau()
#6 C:\xampp\htdocs\DlhKotaCimahi-main\vendor\codeigniter4\framework\system\CodeIgniter.php(419): CodeIgniter\CodeIgniter->runController(Object(App\Controllers\Home))
#7 C:\xampp\htdocs\DlhKotaCimahi-main\vendor\codeigniter4\framework\system\CodeIgniter.php(326): CodeIgniter\CodeIgniter->handleRequest(NULL, Object(Config\Cache), false)
#8 C:\xampp\htdocs\DlhKotaCimahi-main\public\index.php(37): CodeIgniter\CodeIgniter->run()
#9 C:\xampp\htdocs\DlhKotaCimahi-main\vendor\codeigniter4\framework\system\Commands\Server\rewrite.php(43): require_once('C:\\xampp\\htdocs...')
#10 {main}
CRITICAL - 2022-03-28 01:38:58 --> Undefined variable: titikPantau
#0 C:\xampp\htdocs\DlhKotaCimahi-main\app\Views\pages\gis\v_maps.php(127): CodeIgniter\Debug\Exceptions->errorHandler(8, 'Undefined varia...', 'C:\\xampp\\htdocs...', 127, Array)
#1 C:\xampp\htdocs\DlhKotaCimahi-main\vendor\codeigniter4\framework\system\View\View.php(210): include('C:\\xampp\\htdocs...')
#2 C:\xampp\htdocs\DlhKotaCimahi-main\vendor\codeigniter4\framework\system\View\View.php(213): CodeIgniter\View\View->CodeIgniter\View\{closure}()
#3 C:\xampp\htdocs\DlhKotaCimahi-main\vendor\codeigniter4\framework\system\Common.php(1089): CodeIgniter\View\View->render('/pages/gis/v_ma...', Array, true)
#4 C:\xampp\htdocs\DlhKotaCimahi-main\app\Controllers\Home.php(61): view('/pages/gis/v_ma...')
#5 C:\xampp\htdocs\DlhKotaCimahi-main\vendor\codeigniter4\framework\system\CodeIgniter.php(832): App\Controllers\Home->gisTitikPantau()
#6 C:\xampp\htdocs\DlhKotaCimahi-main\vendor\codeigniter4\framework\system\CodeIgniter.php(419): CodeIgniter\CodeIgniter->runController(Object(App\Controllers\Home))
#7 C:\xampp\htdocs\DlhKotaCimahi-main\vendor\codeigniter4\framework\system\CodeIgniter.php(326): CodeIgniter\CodeIgniter->handleRequest(NULL, Object(Config\Cache), false)
#8 C:\xampp\htdocs\DlhKotaCimahi-main\public\index.php(37): CodeIgniter\CodeIgniter->run()
#9 C:\xampp\htdocs\DlhKotaCimahi-main\vendor\codeigniter4\framework\system\Commands\Server\rewrite.php(43): require_once('C:\\xampp\\htdocs...')
#10 {main}
CRITICAL - 2022-03-28 01:38:58 --> Undefined variable: titikPantau
#0 C:\xampp\htdocs\DlhKotaCimahi-main\app\Views\pages\gis\v_maps.php(127): CodeIgniter\Debug\Exceptions->errorHandler(8, 'Undefined varia...', 'C:\\xampp\\htdocs...', 127, Array)
#1 C:\xampp\htdocs\DlhKotaCimahi-main\vendor\codeigniter4\framework\system\View\View.php(210): include('C:\\xampp\\htdocs...')
#2 C:\xampp\htdocs\DlhKotaCimahi-main\vendor\codeigniter4\framework\system\View\View.php(213): CodeIgniter\View\View->CodeIgniter\View\{closure}()
#3 C:\xampp\htdocs\DlhKotaCimahi-main\vendor\codeigniter4\framework\system\Common.php(1089): CodeIgniter\View\View->render('/pages/gis/v_ma...', Array, true)
#4 C:\xampp\htdocs\DlhKotaCimahi-main\app\Controllers\Home.php(61): view('/pages/gis/v_ma...')
#5 C:\xampp\htdocs\DlhKotaCimahi-main\vendor\codeigniter4\framework\system\CodeIgniter.php(832): App\Controllers\Home->gisTitikPantau()
#6 C:\xampp\htdocs\DlhKotaCimahi-main\vendor\codeigniter4\framework\system\CodeIgniter.php(419): CodeIgniter\CodeIgniter->runController(Object(App\Controllers\Home))
#7 C:\xampp\htdocs\DlhKotaCimahi-main\vendor\codeigniter4\framework\system\CodeIgniter.php(326): CodeIgniter\CodeIgniter->handleRequest(NULL, Object(Config\Cache), false)
#8 C:\xampp\htdocs\DlhKotaCimahi-main\public\index.php(37): CodeIgniter\CodeIgniter->run()
#9 C:\xampp\htdocs\DlhKotaCimahi-main\vendor\codeigniter4\framework\system\Commands\Server\rewrite.php(43): require_once('C:\\xampp\\htdocs...')
#10 {main}
CRITICAL - 2022-03-28 01:38:58 --> Undefined variable: titikPantau
#0 C:\xampp\htdocs\DlhKotaCimahi-main\app\Views\pages\gis\v_maps.php(127): CodeIgniter\Debug\Exceptions->errorHandler(8, 'Undefined varia...', 'C:\\xampp\\htdocs...', 127, Array)
#1 C:\xampp\htdocs\DlhKotaCimahi-main\vendor\codeigniter4\framework\system\View\View.php(210): include('C:\\xampp\\htdocs...')
#2 C:\xampp\htdocs\DlhKotaCimahi-main\vendor\codeigniter4\framework\system\View\View.php(213): CodeIgniter\View\View->CodeIgniter\View\{closure}()
#3 C:\xampp\htdocs\DlhKotaCimahi-main\vendor\codeigniter4\framework\system\Common.php(1089): CodeIgniter\View\View->render('/pages/gis/v_ma...', Array, true)
#4 C:\xampp\htdocs\DlhKotaCimahi-main\app\Controllers\Home.php(61): view('/pages/gis/v_ma...')
#5 C:\xampp\htdocs\DlhKotaCimahi-main\vendor\codeigniter4\framework\system\CodeIgniter.php(832): App\Controllers\Home->gisTitikPantau()
#6 C:\xampp\htdocs\DlhKotaCimahi-main\vendor\codeigniter4\framework\system\CodeIgniter.php(419): CodeIgniter\CodeIgniter->runController(Object(App\Controllers\Home))
#7 C:\xampp\htdocs\DlhKotaCimahi-main\vendor\codeigniter4\framework\system\CodeIgniter.php(326): CodeIgniter\CodeIgniter->handleRequest(NULL, Object(Config\Cache), false)
#8 C:\xampp\htdocs\DlhKotaCimahi-main\public\index.php(37): CodeIgniter\CodeIgniter->run()
#9 C:\xampp\htdocs\DlhKotaCimahi-main\vendor\codeigniter4\framework\system\Commands\Server\rewrite.php(43): require_once('C:\\xampp\\htdocs...')
#10 {main}
CRITICAL - 2022-03-28 01:38:58 --> Undefined variable: titikPantau
#0 C:\xampp\htdocs\DlhKotaCimahi-main\app\Views\pages\gis\v_maps.php(127): CodeIgniter\Debug\Exceptions->errorHandler(8, 'Undefined varia...', 'C:\\xampp\\htdocs...', 127, Array)
#1 C:\xampp\htdocs\DlhKotaCimahi-main\vendor\codeigniter4\framework\system\View\View.php(210): include('C:\\xampp\\htdocs...')
#2 C:\xampp\htdocs\DlhKotaCimahi-main\vendor\codeigniter4\framework\system\View\View.php(213): CodeIgniter\View\View->CodeIgniter\View\{closure}()
#3 C:\xampp\htdocs\DlhKotaCimahi-main\vendor\codeigniter4\framework\system\Common.php(1089): CodeIgniter\View\View->render('/pages/gis/v_ma...', Array, true)
#4 C:\xampp\htdocs\DlhKotaCimahi-main\app\Controllers\Home.php(61): view('/pages/gis/v_ma...')
#5 C:\xampp\htdocs\DlhKotaCimahi-main\vendor\codeigniter4\framework\system\CodeIgniter.php(832): App\Controllers\Home->gisTitikPantau()
#6 C:\xampp\htdocs\DlhKotaCimahi-main\vendor\codeigniter4\framework\system\CodeIgniter.php(419): CodeIgniter\CodeIgniter->runController(Object(App\Controllers\Home))
#7 C:\xampp\htdocs\DlhKotaCimahi-main\vendor\codeigniter4\framework\system\CodeIgniter.php(326): CodeIgniter\CodeIgniter->handleRequest(NULL, Object(Config\Cache), false)
#8 C:\xampp\htdocs\DlhKotaCimahi-main\public\index.php(37): CodeIgniter\CodeIgniter->run()
#9 C:\xampp\htdocs\DlhKotaCimahi-main\vendor\codeigniter4\framework\system\Commands\Server\rewrite.php(43): require_once('C:\\xampp\\htdocs...')
#10 {main}
CRITICAL - 2022-03-28 01:38:59 --> Undefined variable: titikPantau
#0 C:\xampp\htdocs\DlhKotaCimahi-main\app\Views\pages\gis\v_maps.php(127): CodeIgniter\Debug\Exceptions->errorHandler(8, 'Undefined varia...', 'C:\\xampp\\htdocs...', 127, Array)
#1 C:\xampp\htdocs\DlhKotaCimahi-main\vendor\codeigniter4\framework\system\View\View.php(210): include('C:\\xampp\\htdocs...')
#2 C:\xampp\htdocs\DlhKotaCimahi-main\vendor\codeigniter4\framework\system\View\View.php(213): CodeIgniter\View\View->CodeIgniter\View\{closure}()
#3 C:\xampp\htdocs\DlhKotaCimahi-main\vendor\codeigniter4\framework\system\Common.php(1089): CodeIgniter\View\View->render('/pages/gis/v_ma...', Array, true)
#4 C:\xampp\htdocs\DlhKotaCimahi-main\app\Controllers\Home.php(61): view('/pages/gis/v_ma...')
#5 C:\xampp\htdocs\DlhKotaCimahi-main\vendor\codeigniter4\framework\system\CodeIgniter.php(832): App\Controllers\Home->gisTitikPantau()
#6 C:\xampp\htdocs\DlhKotaCimahi-main\vendor\codeigniter4\framework\system\CodeIgniter.php(419): CodeIgniter\CodeIgniter->runController(Object(App\Controllers\Home))
#7 C:\xampp\htdocs\DlhKotaCimahi-main\vendor\codeigniter4\framework\system\CodeIgniter.php(326): CodeIgniter\CodeIgniter->handleRequest(NULL, Object(Config\Cache), false)
#8 C:\xampp\htdocs\DlhKotaCimahi-main\public\index.php(37): CodeIgniter\CodeIgniter->run()
#9 C:\xampp\htdocs\DlhKotaCimahi-main\vendor\codeigniter4\framework\system\Commands\Server\rewrite.php(43): require_once('C:\\xampp\\htdocs...')
#10 {main}
CRITICAL - 2022-03-28 01:38:59 --> Undefined variable: titikPantau
#0 C:\xampp\htdocs\DlhKotaCimahi-main\app\Views\pages\gis\v_maps.php(127): CodeIgniter\Debug\Exceptions->errorHandler(8, 'Undefined varia...', 'C:\\xampp\\htdocs...', 127, Array)
#1 C:\xampp\htdocs\DlhKotaCimahi-main\vendor\codeigniter4\framework\system\View\View.php(210): include('C:\\xampp\\htdocs...')
#2 C:\xampp\htdocs\DlhKotaCimahi-main\vendor\codeigniter4\framework\system\View\View.php(213): CodeIgniter\View\View->CodeIgniter\View\{closure}()
#3 C:\xampp\htdocs\DlhKotaCimahi-main\vendor\codeigniter4\framework\system\Common.php(1089): CodeIgniter\View\View->render('/pages/gis/v_ma...', Array, true)
#4 C:\xampp\htdocs\DlhKotaCimahi-main\app\Controllers\Home.php(61): view('/pages/gis/v_ma...')
#5 C:\xampp\htdocs\DlhKotaCimahi-main\vendor\codeigniter4\framework\system\CodeIgniter.php(832): App\Controllers\Home->gisTitikPantau()
#6 C:\xampp\htdocs\DlhKotaCimahi-main\vendor\codeigniter4\framework\system\CodeIgniter.php(419): CodeIgniter\CodeIgniter->runController(Object(App\Controllers\Home))
#7 C:\xampp\htdocs\DlhKotaCimahi-main\vendor\codeigniter4\framework\system\CodeIgniter.php(326): CodeIgniter\CodeIgniter->handleRequest(NULL, Object(Config\Cache), false)
#8 C:\xampp\htdocs\DlhKotaCimahi-main\public\index.php(37): CodeIgniter\CodeIgniter->run()
#9 C:\xampp\htdocs\DlhKotaCimahi-main\vendor\codeigniter4\framework\system\Commands\Server\rewrite.php(43): require_once('C:\\xampp\\htdocs...')
#10 {main}
CRITICAL - 2022-03-28 01:38:59 --> Undefined variable: titikPantau
#0 C:\xampp\htdocs\DlhKotaCimahi-main\app\Views\pages\gis\v_maps.php(127): CodeIgniter\Debug\Exceptions->errorHandler(8, 'Undefined varia...', 'C:\\xampp\\htdocs...', 127, Array)
#1 C:\xampp\htdocs\DlhKotaCimahi-main\vendor\codeigniter4\framework\system\View\View.php(210): include('C:\\xampp\\htdocs...')
#2 C:\xampp\htdocs\DlhKotaCimahi-main\vendor\codeigniter4\framework\system\View\View.php(213): CodeIgniter\View\View->CodeIgniter\View\{closure}()
#3 C:\xampp\htdocs\DlhKotaCimahi-main\vendor\codeigniter4\framework\system\Common.php(1089): CodeIgniter\View\View->render('/pages/gis/v_ma...', Array, true)
#4 C:\xampp\htdocs\DlhKotaCimahi-main\app\Controllers\Home.php(61): view('/pages/gis/v_ma...')
#5 C:\xampp\htdocs\DlhKotaCimahi-main\vendor\codeigniter4\framework\system\CodeIgniter.php(832): App\Controllers\Home->gisTitikPantau()
#6 C:\xampp\htdocs\DlhKotaCimahi-main\vendor\codeigniter4\framework\system\CodeIgniter.php(419): CodeIgniter\CodeIgniter->runController(Object(App\Controllers\Home))
#7 C:\xampp\htdocs\DlhKotaCimahi-main\vendor\codeigniter4\framework\system\CodeIgniter.php(326): CodeIgniter\CodeIgniter->handleRequest(NULL, Object(Config\Cache), false)
#8 C:\xampp\htdocs\DlhKotaCimahi-main\public\index.php(37): CodeIgniter\CodeIgniter->run()
#9 C:\xampp\htdocs\DlhKotaCimahi-main\vendor\codeigniter4\framework\system\Commands\Server\rewrite.php(43): require_once('C:\\xampp\\htdocs...')
#10 {main}
CRITICAL - 2022-03-28 01:38:59 --> Undefined variable: titikPantau
#0 C:\xampp\htdocs\DlhKotaCimahi-main\app\Views\pages\gis\v_maps.php(127): CodeIgniter\Debug\Exceptions->errorHandler(8, 'Undefined varia...', 'C:\\xampp\\htdocs...', 127, Array)
#1 C:\xampp\htdocs\DlhKotaCimahi-main\vendor\codeigniter4\framework\system\View\View.php(210): include('C:\\xampp\\htdocs...')
#2 C:\xampp\htdocs\DlhKotaCimahi-main\vendor\codeigniter4\framework\system\View\View.php(213): CodeIgniter\View\View->CodeIgniter\View\{closure}()
#3 C:\xampp\htdocs\DlhKotaCimahi-main\vendor\codeigniter4\framework\system\Common.php(1089): CodeIgniter\View\View->render('/pages/gis/v_ma...', Array, true)
#4 C:\xampp\htdocs\DlhKotaCimahi-main\app\Controllers\Home.php(61): view('/pages/gis/v_ma...')
#5 C:\xampp\htdocs\DlhKotaCimahi-main\vendor\codeigniter4\framework\system\CodeIgniter.php(832): App\Controllers\Home->gisTitikPantau()
#6 C:\xampp\htdocs\DlhKotaCimahi-main\vendor\codeigniter4\framework\system\CodeIgniter.php(419): CodeIgniter\CodeIgniter->runController(Object(App\Controllers\Home))
#7 C:\xampp\htdocs\DlhKotaCimahi-main\vendor\codeigniter4\framework\system\CodeIgniter.php(326): CodeIgniter\CodeIgniter->handleRequest(NULL, Object(Config\Cache), false)
#8 C:\xampp\htdocs\DlhKotaCimahi-main\public\index.php(37): CodeIgniter\CodeIgniter->run()
#9 C:\xampp\htdocs\DlhKotaCimahi-main\vendor\codeigniter4\framework\system\Commands\Server\rewrite.php(43): require_once('C:\\xampp\\htdocs...')
#10 {main}
CRITICAL - 2022-03-28 01:44:03 --> Undefined variable: titikPantau
#0 C:\xampp\htdocs\DlhKotaCimahi-main\app\Views\pages\gis\v_maps.php(127): CodeIgniter\Debug\Exceptions->errorHandler(8, 'Undefined varia...', 'C:\\xampp\\htdocs...', 127, Array)
#1 C:\xampp\htdocs\DlhKotaCimahi-main\vendor\codeigniter4\framework\system\View\View.php(210): include('C:\\xampp\\htdocs...')
#2 C:\xampp\htdocs\DlhKotaCimahi-main\vendor\codeigniter4\framework\system\View\View.php(213): CodeIgniter\View\View->CodeIgniter\View\{closure}()
#3 C:\xampp\htdocs\DlhKotaCimahi-main\vendor\codeigniter4\framework\system\Common.php(1089): CodeIgniter\View\View->render('/pages/gis/v_ma...', Array, true)
#4 C:\xampp\htdocs\DlhKotaCimahi-main\app\Controllers\Home.php(61): view('/pages/gis/v_ma...')
#5 C:\xampp\htdocs\DlhKotaCimahi-main\vendor\codeigniter4\framework\system\CodeIgniter.php(832): App\Controllers\Home->gisTitikPantau()
#6 C:\xampp\htdocs\DlhKotaCimahi-main\vendor\codeigniter4\framework\system\CodeIgniter.php(419): CodeIgniter\CodeIgniter->runController(Object(App\Controllers\Home))
#7 C:\xampp\htdocs\DlhKotaCimahi-main\vendor\codeigniter4\framework\system\CodeIgniter.php(326): CodeIgniter\CodeIgniter->handleRequest(NULL, Object(Config\Cache), false)
#8 C:\xampp\htdocs\DlhKotaCimahi-main\public\index.php(37): CodeIgniter\CodeIgniter->run()
#9 C:\xampp\htdocs\DlhKotaCimahi-main\vendor\codeigniter4\framework\system\Commands\Server\rewrite.php(43): require_once('C:\\xampp\\htdocs...')
#10 {main}
CRITICAL - 2022-03-28 01:44:24 --> Undefined variable: titikPantau
#0 C:\xampp\htdocs\DlhKotaCimahi-main\app\Views\pages\gis\v_maps.php(127): CodeIgniter\Debug\Exceptions->errorHandler(8, 'Undefined varia...', 'C:\\xampp\\htdocs...', 127, Array)
#1 C:\xampp\htdocs\DlhKotaCimahi-main\vendor\codeigniter4\framework\system\View\View.php(210): include('C:\\xampp\\htdocs...')
#2 C:\xampp\htdocs\DlhKotaCimahi-main\vendor\codeigniter4\framework\system\View\View.php(213): CodeIgniter\View\View->CodeIgniter\View\{closure}()
#3 C:\xampp\htdocs\DlhKotaCimahi-main\vendor\codeigniter4\framework\system\Common.php(1089): CodeIgniter\View\View->render('/pages/gis/v_ma...', Array, true)
#4 C:\xampp\htdocs\DlhKotaCimahi-main\app\Controllers\Home.php(61): view('/pages/gis/v_ma...')
#5 C:\xampp\htdocs\DlhKotaCimahi-main\vendor\codeigniter4\framework\system\CodeIgniter.php(832): App\Controllers\Home->gisTitikPantau()
#6 C:\xampp\htdocs\DlhKotaCimahi-main\vendor\codeigniter4\framework\system\CodeIgniter.php(419): CodeIgniter\CodeIgniter->runController(Object(App\Controllers\Home))
#7 C:\xampp\htdocs\DlhKotaCimahi-main\vendor\codeigniter4\framework\system\CodeIgniter.php(326): CodeIgniter\CodeIgniter->handleRequest(NULL, Object(Config\Cache), false)
#8 C:\xampp\htdocs\DlhKotaCimahi-main\public\index.php(37): CodeIgniter\CodeIgniter->run()
#9 C:\xampp\htdocs\DlhKotaCimahi-main\vendor\codeigniter4\framework\system\Commands\Server\rewrite.php(43): require_once('C:\\xampp\\htdocs...')
#10 {main}
CRITICAL - 2022-03-28 01:44:25 --> Undefined variable: titikPantau
#0 C:\xampp\htdocs\DlhKotaCimahi-main\app\Views\pages\gis\v_maps.php(127): CodeIgniter\Debug\Exceptions->errorHandler(8, 'Undefined varia...', 'C:\\xampp\\htdocs...', 127, Array)
#1 C:\xampp\htdocs\DlhKotaCimahi-main\vendor\codeigniter4\framework\system\View\View.php(210): include('C:\\xampp\\htdocs...')
#2 C:\xampp\htdocs\DlhKotaCimahi-main\vendor\codeigniter4\framework\system\View\View.php(213): CodeIgniter\View\View->CodeIgniter\View\{closure}()
#3 C:\xampp\htdocs\DlhKotaCimahi-main\vendor\codeigniter4\framework\system\Common.php(1089): CodeIgniter\View\View->render('/pages/gis/v_ma...', Array, true)
#4 C:\xampp\htdocs\DlhKotaCimahi-main\app\Controllers\Home.php(61): view('/pages/gis/v_ma...')
#5 C:\xampp\htdocs\DlhKotaCimahi-main\vendor\codeigniter4\framework\system\CodeIgniter.php(832): App\Controllers\Home->gisTitikPantau()
#6 C:\xampp\htdocs\DlhKotaCimahi-main\vendor\codeigniter4\framework\system\CodeIgniter.php(419): CodeIgniter\CodeIgniter->runController(Object(App\Controllers\Home))
#7 C:\xampp\htdocs\DlhKotaCimahi-main\vendor\codeigniter4\framework\system\CodeIgniter.php(326): CodeIgniter\CodeIgniter->handleRequest(NULL, Object(Config\Cache), false)
#8 C:\xampp\htdocs\DlhKotaCimahi-main\public\index.php(37): CodeIgniter\CodeIgniter->run()
#9 C:\xampp\htdocs\DlhKotaCimahi-main\vendor\codeigniter4\framework\system\Commands\Server\rewrite.php(43): require_once('C:\\xampp\\htdocs...')
#10 {main}
CRITICAL - 2022-03-28 01:44:25 --> Undefined variable: titikPantau
#0 C:\xampp\htdocs\DlhKotaCimahi-main\app\Views\pages\gis\v_maps.php(127): CodeIgniter\Debug\Exceptions->errorHandler(8, 'Undefined varia...', 'C:\\xampp\\htdocs...', 127, Array)
#1 C:\xampp\htdocs\DlhKotaCimahi-main\vendor\codeigniter4\framework\system\View\View.php(210): include('C:\\xampp\\htdocs...')
#2 C:\xampp\htdocs\DlhKotaCimahi-main\vendor\codeigniter4\framework\system\View\View.php(213): CodeIgniter\View\View->CodeIgniter\View\{closure}()
#3 C:\xampp\htdocs\DlhKotaCimahi-main\vendor\codeigniter4\framework\system\Common.php(1089): CodeIgniter\View\View->render('/pages/gis/v_ma...', Array, true)
#4 C:\xampp\htdocs\DlhKotaCimahi-main\app\Controllers\Home.php(61): view('/pages/gis/v_ma...')
#5 C:\xampp\htdocs\DlhKotaCimahi-main\vendor\codeigniter4\framework\system\CodeIgniter.php(832): App\Controllers\Home->gisTitikPantau()
#6 C:\xampp\htdocs\DlhKotaCimahi-main\vendor\codeigniter4\framework\system\CodeIgniter.php(419): CodeIgniter\CodeIgniter->runController(Object(App\Controllers\Home))
#7 C:\xampp\htdocs\DlhKotaCimahi-main\vendor\codeigniter4\framework\system\CodeIgniter.php(326): CodeIgniter\CodeIgniter->handleRequest(NULL, Object(Config\Cache), false)
#8 C:\xampp\htdocs\DlhKotaCimahi-main\public\index.php(37): CodeIgniter\CodeIgniter->run()
#9 C:\xampp\htdocs\DlhKotaCimahi-main\vendor\codeigniter4\framework\system\Commands\Server\rewrite.php(43): require_once('C:\\xampp\\htdocs...')
#10 {main}
CRITICAL - 2022-03-28 01:46:57 --> Undefined variable: titikPantau
#0 C:\xampp\htdocs\DlhKotaCimahi-main\app\Views\pages\gis\v_maps.php(127): CodeIgniter\Debug\Exceptions->errorHandler(8, 'Undefined varia...', 'C:\\xampp\\htdocs...', 127, Array)
#1 C:\xampp\htdocs\DlhKotaCimahi-main\vendor\codeigniter4\framework\system\View\View.php(210): include('C:\\xampp\\htdocs...')
#2 C:\xampp\htdocs\DlhKotaCimahi-main\vendor\codeigniter4\framework\system\View\View.php(213): CodeIgniter\View\View->CodeIgniter\View\{closure}()
#3 C:\xampp\htdocs\DlhKotaCimahi-main\vendor\codeigniter4\framework\system\Common.php(1089): CodeIgniter\View\View->render('/pages/gis/v_ma...', Array, true)
#4 C:\xampp\htdocs\DlhKotaCimahi-main\app\Controllers\Home.php(61): view('/pages/gis/v_ma...')
#5 C:\xampp\htdocs\DlhKotaCimahi-main\vendor\codeigniter4\framework\system\CodeIgniter.php(832): App\Controllers\Home->gisTitikPantau()
#6 C:\xampp\htdocs\DlhKotaCimahi-main\vendor\codeigniter4\framework\system\CodeIgniter.php(419): CodeIgniter\CodeIgniter->runController(Object(App\Controllers\Home))
#7 C:\xampp\htdocs\DlhKotaCimahi-main\vendor\codeigniter4\framework\system\CodeIgniter.php(326): CodeIgniter\CodeIgniter->handleRequest(NULL, Object(Config\Cache), false)
#8 C:\xampp\htdocs\DlhKotaCimahi-main\public\index.php(37): CodeIgniter\CodeIgniter->run()
#9 C:\xampp\htdocs\DlhKotaCimahi-main\vendor\codeigniter4\framework\system\Commands\Server\rewrite.php(43): require_once('C:\\xampp\\htdocs...')
#10 {main}
CRITICAL - 2022-03-28 01:46:58 --> Undefined variable: titikPantau
#0 C:\xampp\htdocs\DlhKotaCimahi-main\app\Views\pages\gis\v_maps.php(127): CodeIgniter\Debug\Exceptions->errorHandler(8, 'Undefined varia...', 'C:\\xampp\\htdocs...', 127, Array)
#1 C:\xampp\htdocs\DlhKotaCimahi-main\vendor\codeigniter4\framework\system\View\View.php(210): include('C:\\xampp\\htdocs...')
#2 C:\xampp\htdocs\DlhKotaCimahi-main\vendor\codeigniter4\framework\system\View\View.php(213): CodeIgniter\View\View->CodeIgniter\View\{closure}()
#3 C:\xampp\htdocs\DlhKotaCimahi-main\vendor\codeigniter4\framework\system\Common.php(1089): CodeIgniter\View\View->render('/pages/gis/v_ma...', Array, true)
#4 C:\xampp\htdocs\DlhKotaCimahi-main\app\Controllers\Home.php(61): view('/pages/gis/v_ma...')
#5 C:\xampp\htdocs\DlhKotaCimahi-main\vendor\codeigniter4\framework\system\CodeIgniter.php(832): App\Controllers\Home->gisTitikPantau()
#6 C:\xampp\htdocs\DlhKotaCimahi-main\vendor\codeigniter4\framework\system\CodeIgniter.php(419): CodeIgniter\CodeIgniter->runController(Object(App\Controllers\Home))
#7 C:\xampp\htdocs\DlhKotaCimahi-main\vendor\codeigniter4\framework\system\CodeIgniter.php(326): CodeIgniter\CodeIgniter->handleRequest(NULL, Object(Config\Cache), false)
#8 C:\xampp\htdocs\DlhKotaCimahi-main\public\index.php(37): CodeIgniter\CodeIgniter->run()
#9 C:\xampp\htdocs\DlhKotaCimahi-main\vendor\codeigniter4\framework\system\Commands\Server\rewrite.php(43): require_once('C:\\xampp\\htdocs...')
#10 {main}
CRITICAL - 2022-03-28 01:47:04 --> Undefined variable: titikPantau
#0 C:\xampp\htdocs\DlhKotaCimahi-main\app\Views\pages\gis\v_maps.php(127): CodeIgniter\Debug\Exceptions->errorHandler(8, 'Undefined varia...', 'C:\\xampp\\htdocs...', 127, Array)
#1 C:\xampp\htdocs\DlhKotaCimahi-main\vendor\codeigniter4\framework\system\View\View.php(210): include('C:\\xampp\\htdocs...')
#2 C:\xampp\htdocs\DlhKotaCimahi-main\vendor\codeigniter4\framework\system\View\View.php(213): CodeIgniter\View\View->CodeIgniter\View\{closure}()
#3 C:\xampp\htdocs\DlhKotaCimahi-main\vendor\codeigniter4\framework\system\Common.php(1089): CodeIgniter\View\View->render('/pages/gis/v_ma...', Array, true)
#4 C:\xampp\htdocs\DlhKotaCimahi-main\app\Controllers\Home.php(61): view('/pages/gis/v_ma...')
#5 C:\xampp\htdocs\DlhKotaCimahi-main\vendor\codeigniter4\framework\system\CodeIgniter.php(832): App\Controllers\Home->gisTitikPantau()
#6 C:\xampp\htdocs\DlhKotaCimahi-main\vendor\codeigniter4\framework\system\CodeIgniter.php(419): CodeIgniter\CodeIgniter->runController(Object(App\Controllers\Home))
#7 C:\xampp\htdocs\DlhKotaCimahi-main\vendor\codeigniter4\framework\system\CodeIgniter.php(326): CodeIgniter\CodeIgniter->handleRequest(NULL, Object(Config\Cache), false)
#8 C:\xampp\htdocs\DlhKotaCimahi-main\public\index.php(37): CodeIgniter\CodeIgniter->run()
#9 C:\xampp\htdocs\DlhKotaCimahi-main\vendor\codeigniter4\framework\system\Commands\Server\rewrite.php(43): require_once('C:\\xampp\\htdocs...')
#10 {main}
CRITICAL - 2022-03-28 01:48:20 --> Invalid argument supplied for foreach()
#0 C:\xampp\htdocs\DlhKotaCimahi-main\app\Views\pages\gis\v_maps.php(127): CodeIgniter\Debug\Exceptions->errorHandler(2, 'Invalid argumen...', 'C:\\xampp\\htdocs...', 127, Array)
#1 C:\xampp\htdocs\DlhKotaCimahi-main\vendor\codeigniter4\framework\system\View\View.php(210): include('C:\\xampp\\htdocs...')
#2 C:\xampp\htdocs\DlhKotaCimahi-main\vendor\codeigniter4\framework\system\View\View.php(213): CodeIgniter\View\View->CodeIgniter\View\{closure}()
#3 C:\xampp\htdocs\DlhKotaCimahi-main\vendor\codeigniter4\framework\system\Common.php(1089): CodeIgniter\View\View->render('/pages/gis/v_ma...', Array, true)
#4 C:\xampp\htdocs\DlhKotaCimahi-main\app\Controllers\Home.php(61): view('/pages/gis/v_ma...')
#5 C:\xampp\htdocs\DlhKotaCimahi-main\vendor\codeigniter4\framework\system\CodeIgniter.php(832): App\Controllers\Home->gisTitikPantau()
#6 C:\xampp\htdocs\DlhKotaCimahi-main\vendor\codeigniter4\framework\system\CodeIgniter.php(419): CodeIgniter\CodeIgniter->runController(Object(App\Controllers\Home))
#7 C:\xampp\htdocs\DlhKotaCimahi-main\vendor\codeigniter4\framework\system\CodeIgniter.php(326): CodeIgniter\CodeIgniter->handleRequest(NULL, Object(Config\Cache), false)
#8 C:\xampp\htdocs\DlhKotaCimahi-main\public\index.php(37): CodeIgniter\CodeIgniter->run()
#9 C:\xampp\htdocs\DlhKotaCimahi-main\vendor\codeigniter4\framework\system\Commands\Server\rewrite.php(43): require_once('C:\\xampp\\htdocs...')
#10 {main}
CRITICAL - 2022-03-28 01:48:37 --> Undefined variable: titikPantau
#0 C:\xampp\htdocs\DlhKotaCimahi-main\app\Views\pages\gis\v_maps.php(127): CodeIgniter\Debug\Exceptions->errorHandler(8, 'Undefined varia...', 'C:\\xampp\\htdocs...', 127, Array)
#1 C:\xampp\htdocs\DlhKotaCimahi-main\vendor\codeigniter4\framework\system\View\View.php(210): include('C:\\xampp\\htdocs...')
#2 C:\xampp\htdocs\DlhKotaCimahi-main\vendor\codeigniter4\framework\system\View\View.php(213): CodeIgniter\View\View->CodeIgniter\View\{closure}()
#3 C:\xampp\htdocs\DlhKotaCimahi-main\vendor\codeigniter4\framework\system\Common.php(1089): CodeIgniter\View\View->render('/pages/gis/v_ma...', Array, true)
#4 C:\xampp\htdocs\DlhKotaCimahi-main\app\Controllers\Home.php(61): view('/pages/gis/v_ma...')
#5 C:\xampp\htdocs\DlhKotaCimahi-main\vendor\codeigniter4\framework\system\CodeIgniter.php(832): App\Controllers\Home->gisTitikPantau()
#6 C:\xampp\htdocs\DlhKotaCimahi-main\vendor\codeigniter4\framework\system\CodeIgniter.php(419): CodeIgniter\CodeIgniter->runController(Object(App\Controllers\Home))
#7 C:\xampp\htdocs\DlhKotaCimahi-main\vendor\codeigniter4\framework\system\CodeIgniter.php(326): CodeIgniter\CodeIgniter->handleRequest(NULL, Object(Config\Cache), false)
#8 C:\xampp\htdocs\DlhKotaCimahi-main\public\index.php(37): CodeIgniter\CodeIgniter->run()
#9 C:\xampp\htdocs\DlhKotaCimahi-main\vendor\codeigniter4\framework\system\Commands\Server\rewrite.php(43): require_once('C:\\xampp\\htdocs...')
#10 {main}
CRITICAL - 2022-03-28 01:48:38 --> Undefined variable: titikPantau
#0 C:\xampp\htdocs\DlhKotaCimahi-main\app\Views\pages\gis\v_maps.php(127): CodeIgniter\Debug\Exceptions->errorHandler(8, 'Undefined varia...', 'C:\\xampp\\htdocs...', 127, Array)
#1 C:\xampp\htdocs\DlhKotaCimahi-main\vendor\codeigniter4\framework\system\View\View.php(210): include('C:\\xampp\\htdocs...')
#2 C:\xampp\htdocs\DlhKotaCimahi-main\vendor\codeigniter4\framework\system\View\View.php(213): CodeIgniter\View\View->CodeIgniter\View\{closure}()
#3 C:\xampp\htdocs\DlhKotaCimahi-main\vendor\codeigniter4\framework\system\Common.php(1089): CodeIgniter\View\View->render('/pages/gis/v_ma...', Array, true)
#4 C:\xampp\htdocs\DlhKotaCimahi-main\app\Controllers\Home.php(61): view('/pages/gis/v_ma...')
#5 C:\xampp\htdocs\DlhKotaCimahi-main\vendor\codeigniter4\framework\system\CodeIgniter.php(832): App\Controllers\Home->gisTitikPantau()
#6 C:\xampp\htdocs\DlhKotaCimahi-main\vendor\codeigniter4\framework\system\CodeIgniter.php(419): CodeIgniter\CodeIgniter->runController(Object(App\Controllers\Home))
#7 C:\xampp\htdocs\DlhKotaCimahi-main\vendor\codeigniter4\framework\system\CodeIgniter.php(326): CodeIgniter\CodeIgniter->handleRequest(NULL, Object(Config\Cache), false)
#8 C:\xampp\htdocs\DlhKotaCimahi-main\public\index.php(37): CodeIgniter\CodeIgniter->run()
#9 C:\xampp\htdocs\DlhKotaCimahi-main\vendor\codeigniter4\framework\system\Commands\Server\rewrite.php(43): require_once('C:\\xampp\\htdocs...')
#10 {main}
CRITICAL - 2022-03-28 01:48:38 --> Undefined variable: titikPantau
#0 C:\xampp\htdocs\DlhKotaCimahi-main\app\Views\pages\gis\v_maps.php(127): CodeIgniter\Debug\Exceptions->errorHandler(8, 'Undefined varia...', 'C:\\xampp\\htdocs...', 127, Array)
#1 C:\xampp\htdocs\DlhKotaCimahi-main\vendor\codeigniter4\framework\system\View\View.php(210): include('C:\\xampp\\htdocs...')
#2 C:\xampp\htdocs\DlhKotaCimahi-main\vendor\codeigniter4\framework\system\View\View.php(213): CodeIgniter\View\View->CodeIgniter\View\{closure}()
#3 C:\xampp\htdocs\DlhKotaCimahi-main\vendor\codeigniter4\framework\system\Common.php(1089): CodeIgniter\View\View->render('/pages/gis/v_ma...', Array, true)
#4 C:\xampp\htdocs\DlhKotaCimahi-main\app\Controllers\Home.php(61): view('/pages/gis/v_ma...')
#5 C:\xampp\htdocs\DlhKotaCimahi-main\vendor\codeigniter4\framework\system\CodeIgniter.php(832): App\Controllers\Home->gisTitikPantau()
#6 C:\xampp\htdocs\DlhKotaCimahi-main\vendor\codeigniter4\framework\system\CodeIgniter.php(419): CodeIgniter\CodeIgniter->runController(Object(App\Controllers\Home))
#7 C:\xampp\htdocs\DlhKotaCimahi-main\vendor\codeigniter4\framework\system\CodeIgniter.php(326): CodeIgniter\CodeIgniter->handleRequest(NULL, Object(Config\Cache), false)
#8 C:\xampp\htdocs\DlhKotaCimahi-main\public\index.php(37): CodeIgniter\CodeIgniter->run()
#9 C:\xampp\htdocs\DlhKotaCimahi-main\vendor\codeigniter4\framework\system\Commands\Server\rewrite.php(43): require_once('C:\\xampp\\htdocs...')
#10 {main}
CRITICAL - 2022-03-28 01:48:38 --> Undefined variable: titikPantau
#0 C:\xampp\htdocs\DlhKotaCimahi-main\app\Views\pages\gis\v_maps.php(127): CodeIgniter\Debug\Exceptions->errorHandler(8, 'Undefined varia...', 'C:\\xampp\\htdocs...', 127, Array)
#1 C:\xampp\htdocs\DlhKotaCimahi-main\vendor\codeigniter4\framework\system\View\View.php(210): include('C:\\xampp\\htdocs...')
#2 C:\xampp\htdocs\DlhKotaCimahi-main\vendor\codeigniter4\framework\system\View\View.php(213): CodeIgniter\View\View->CodeIgniter\View\{closure}()
#3 C:\xampp\htdocs\DlhKotaCimahi-main\vendor\codeigniter4\framework\system\Common.php(1089): CodeIgniter\View\View->render('/pages/gis/v_ma...', Array, true)
#4 C:\xampp\htdocs\DlhKotaCimahi-main\app\Controllers\Home.php(61): view('/pages/gis/v_ma...')
#5 C:\xampp\htdocs\DlhKotaCimahi-main\vendor\codeigniter4\framework\system\CodeIgniter.php(832): App\Controllers\Home->gisTitikPantau()
#6 C:\xampp\htdocs\DlhKotaCimahi-main\vendor\codeigniter4\framework\system\CodeIgniter.php(419): CodeIgniter\CodeIgniter->runController(Object(App\Controllers\Home))
#7 C:\xampp\htdocs\DlhKotaCimahi-main\vendor\codeigniter4\framework\system\CodeIgniter.php(326): CodeIgniter\CodeIgniter->handleRequest(NULL, Object(Config\Cache), false)
#8 C:\xampp\htdocs\DlhKotaCimahi-main\public\index.php(37): CodeIgniter\CodeIgniter->run()
#9 C:\xampp\htdocs\DlhKotaCimahi-main\vendor\codeigniter4\framework\system\Commands\Server\rewrite.php(43): require_once('C:\\xampp\\htdocs...')
#10 {main}
CRITICAL - 2022-03-28 01:48:46 --> Undefined variable: titikpantau
#0 C:\xampp\htdocs\DlhKotaCimahi-main\app\Views\pages\gis\v_maps.php(127): CodeIgniter\Debug\Exceptions->errorHandler(8, 'Undefined varia...', 'C:\\xampp\\htdocs...', 127, Array)
#1 C:\xampp\htdocs\DlhKotaCimahi-main\vendor\codeigniter4\framework\system\View\View.php(210): include('C:\\xampp\\htdocs...')
#2 C:\xampp\htdocs\DlhKotaCimahi-main\vendor\codeigniter4\framework\system\View\View.php(213): CodeIgniter\View\View->CodeIgniter\View\{closure}()
#3 C:\xampp\htdocs\DlhKotaCimahi-main\vendor\codeigniter4\framework\system\Common.php(1089): CodeIgniter\View\View->render('/pages/gis/v_ma...', Array, true)
#4 C:\xampp\htdocs\DlhKotaCimahi-main\app\Controllers\Home.php(61): view('/pages/gis/v_ma...')
#5 C:\xampp\htdocs\DlhKotaCimahi-main\vendor\codeigniter4\framework\system\CodeIgniter.php(832): App\Controllers\Home->gisTitikPantau()
#6 C:\xampp\htdocs\DlhKotaCimahi-main\vendor\codeigniter4\framework\system\CodeIgniter.php(419): CodeIgniter\CodeIgniter->runController(Object(App\Controllers\Home))
#7 C:\xampp\htdocs\DlhKotaCimahi-main\vendor\codeigniter4\framework\system\CodeIgniter.php(326): CodeIgniter\CodeIgniter->handleRequest(NULL, Object(Config\Cache), false)
#8 C:\xampp\htdocs\DlhKotaCimahi-main\public\index.php(37): CodeIgniter\CodeIgniter->run()
#9 C:\xampp\htdocs\DlhKotaCimahi-main\vendor\codeigniter4\framework\system\Commands\Server\rewrite.php(43): require_once('C:\\xampp\\htdocs...')
#10 {main}
CRITICAL - 2022-03-28 01:48:47 --> Undefined variable: titikpantau
#0 C:\xampp\htdocs\DlhKotaCimahi-main\app\Views\pages\gis\v_maps.php(127): CodeIgniter\Debug\Exceptions->errorHandler(8, 'Undefined varia...', 'C:\\xampp\\htdocs...', 127, Array)
#1 C:\xampp\htdocs\DlhKotaCimahi-main\vendor\codeigniter4\framework\system\View\View.php(210): include('C:\\xampp\\htdocs...')
#2 C:\xampp\htdocs\DlhKotaCimahi-main\vendor\codeigniter4\framework\system\View\View.php(213): CodeIgniter\View\View->CodeIgniter\View\{closure}()
#3 C:\xampp\htdocs\DlhKotaCimahi-main\vendor\codeigniter4\framework\system\Common.php(1089): CodeIgniter\View\View->render('/pages/gis/v_ma...', Array, true)
#4 C:\xampp\htdocs\DlhKotaCimahi-main\app\Controllers\Home.php(61): view('/pages/gis/v_ma...')
#5 C:\xampp\htdocs\DlhKotaCimahi-main\vendor\codeigniter4\framework\system\CodeIgniter.php(832): App\Controllers\Home->gisTitikPantau()
#6 C:\xampp\htdocs\DlhKotaCimahi-main\vendor\codeigniter4\framework\system\CodeIgniter.php(419): CodeIgniter\CodeIgniter->runController(Object(App\Controllers\Home))
#7 C:\xampp\htdocs\DlhKotaCimahi-main\vendor\codeigniter4\framework\system\CodeIgniter.php(326): CodeIgniter\CodeIgniter->handleRequest(NULL, Object(Config\Cache), false)
#8 C:\xampp\htdocs\DlhKotaCimahi-main\public\index.php(37): CodeIgniter\CodeIgniter->run()
#9 C:\xampp\htdocs\DlhKotaCimahi-main\vendor\codeigniter4\framework\system\Commands\Server\rewrite.php(43): require_once('C:\\xampp\\htdocs...')
#10 {main}
CRITICAL - 2022-03-28 01:48:47 --> Undefined variable: titikpantau
#0 C:\xampp\htdocs\DlhKotaCimahi-main\app\Views\pages\gis\v_maps.php(127): CodeIgniter\Debug\Exceptions->errorHandler(8, 'Undefined varia...', 'C:\\xampp\\htdocs...', 127, Array)
#1 C:\xampp\htdocs\DlhKotaCimahi-main\vendor\codeigniter4\framework\system\View\View.php(210): include('C:\\xampp\\htdocs...')
#2 C:\xampp\htdocs\DlhKotaCimahi-main\vendor\codeigniter4\framework\system\View\View.php(213): CodeIgniter\View\View->CodeIgniter\View\{closure}()
#3 C:\xampp\htdocs\DlhKotaCimahi-main\vendor\codeigniter4\framework\system\Common.php(1089): CodeIgniter\View\View->render('/pages/gis/v_ma...', Array, true)
#4 C:\xampp\htdocs\DlhKotaCimahi-main\app\Controllers\Home.php(61): view('/pages/gis/v_ma...')
#5 C:\xampp\htdocs\DlhKotaCimahi-main\vendor\codeigniter4\framework\system\CodeIgniter.php(832): App\Controllers\Home->gisTitikPantau()
#6 C:\xampp\htdocs\DlhKotaCimahi-main\vendor\codeigniter4\framework\system\CodeIgniter.php(419): CodeIgniter\CodeIgniter->runController(Object(App\Controllers\Home))
#7 C:\xampp\htdocs\DlhKotaCimahi-main\vendor\codeigniter4\framework\system\CodeIgniter.php(326): CodeIgniter\CodeIgniter->handleRequest(NULL, Object(Config\Cache), false)
#8 C:\xampp\htdocs\DlhKotaCimahi-main\public\index.php(37): CodeIgniter\CodeIgniter->run()
#9 C:\xampp\htdocs\DlhKotaCimahi-main\vendor\codeigniter4\framework\system\Commands\Server\rewrite.php(43): require_once('C:\\xampp\\htdocs...')
#10 {main}
CRITICAL - 2022-03-28 01:48:57 --> Undefined variable: TitikPantau
#0 C:\xampp\htdocs\DlhKotaCimahi-main\app\Views\pages\gis\v_maps.php(127): CodeIgniter\Debug\Exceptions->errorHandler(8, 'Undefined varia...', 'C:\\xampp\\htdocs...', 127, Array)
#1 C:\xampp\htdocs\DlhKotaCimahi-main\vendor\codeigniter4\framework\system\View\View.php(210): include('C:\\xampp\\htdocs...')
#2 C:\xampp\htdocs\DlhKotaCimahi-main\vendor\codeigniter4\framework\system\View\View.php(213): CodeIgniter\View\View->CodeIgniter\View\{closure}()
#3 C:\xampp\htdocs\DlhKotaCimahi-main\vendor\codeigniter4\framework\system\Common.php(1089): CodeIgniter\View\View->render('/pages/gis/v_ma...', Array, true)
#4 C:\xampp\htdocs\DlhKotaCimahi-main\app\Controllers\Home.php(61): view('/pages/gis/v_ma...')
#5 C:\xampp\htdocs\DlhKotaCimahi-main\vendor\codeigniter4\framework\system\CodeIgniter.php(832): App\Controllers\Home->gisTitikPantau()
#6 C:\xampp\htdocs\DlhKotaCimahi-main\vendor\codeigniter4\framework\system\CodeIgniter.php(419): CodeIgniter\CodeIgniter->runController(Object(App\Controllers\Home))
#7 C:\xampp\htdocs\DlhKotaCimahi-main\vendor\codeigniter4\framework\system\CodeIgniter.php(326): CodeIgniter\CodeIgniter->handleRequest(NULL, Object(Config\Cache), false)
#8 C:\xampp\htdocs\DlhKotaCimahi-main\public\index.php(37): CodeIgniter\CodeIgniter->run()
#9 C:\xampp\htdocs\DlhKotaCimahi-main\vendor\codeigniter4\framework\system\Commands\Server\rewrite.php(43): require_once('C:\\xampp\\htdocs...')
#10 {main}
CRITICAL - 2022-03-28 01:50:53 --> Undefined variable: titikPantau
#0 C:\xampp\htdocs\DlhKotaCimahi-main\app\Views\pages\gis\v_maps.php(129): CodeIgniter\Debug\Exceptions->errorHandler(8, 'Undefined varia...', 'C:\\xampp\\htdocs...', 129, Array)
#1 C:\xampp\htdocs\DlhKotaCimahi-main\vendor\codeigniter4\framework\system\View\View.php(210): include('C:\\xampp\\htdocs...')
#2 C:\xampp\htdocs\DlhKotaCimahi-main\vendor\codeigniter4\framework\system\View\View.php(213): CodeIgniter\View\View->CodeIgniter\View\{closure}()
#3 C:\xampp\htdocs\DlhKotaCimahi-main\vendor\codeigniter4\framework\system\Common.php(1089): CodeIgniter\View\View->render('/pages/gis/v_ma...', Array, true)
#4 C:\xampp\htdocs\DlhKotaCimahi-main\app\Controllers\Home.php(61): view('/pages/gis/v_ma...')
#5 C:\xampp\htdocs\DlhKotaCimahi-main\vendor\codeigniter4\framework\system\CodeIgniter.php(832): App\Controllers\Home->gisTitikPantau()
#6 C:\xampp\htdocs\DlhKotaCimahi-main\vendor\codeigniter4\framework\system\CodeIgniter.php(419): CodeIgniter\CodeIgniter->runController(Object(App\Controllers\Home))
#7 C:\xampp\htdocs\DlhKotaCimahi-main\vendor\codeigniter4\framework\system\CodeIgniter.php(326): CodeIgniter\CodeIgniter->handleRequest(NULL, Object(Config\Cache), false)
#8 C:\xampp\htdocs\DlhKotaCimahi-main\public\index.php(37): CodeIgniter\CodeIgniter->run()
#9 C:\xampp\htdocs\DlhKotaCimahi-main\vendor\codeigniter4\framework\system\Commands\Server\rewrite.php(43): require_once('C:\\xampp\\htdocs...')
#10 {main}
CRITICAL - 2022-03-28 01:51:45 --> Undefined variable: titikPantau
#0 C:\xampp\htdocs\DlhKotaCimahi-main\app\Views\pages\gis\v_maps.php(130): CodeIgniter\Debug\Exceptions->errorHandler(8, 'Undefined varia...', 'C:\\xampp\\htdocs...', 130, Array)
#1 C:\xampp\htdocs\DlhKotaCimahi-main\vendor\codeigniter4\framework\system\View\View.php(210): include('C:\\xampp\\htdocs...')
#2 C:\xampp\htdocs\DlhKotaCimahi-main\vendor\codeigniter4\framework\system\View\View.php(213): CodeIgniter\View\View->CodeIgniter\View\{closure}()
#3 C:\xampp\htdocs\DlhKotaCimahi-main\vendor\codeigniter4\framework\system\Common.php(1089): CodeIgniter\View\View->render('/pages/gis/v_ma...', Array, true)
#4 C:\xampp\htdocs\DlhKotaCimahi-main\app\Controllers\Home.php(61): view('/pages/gis/v_ma...')
#5 C:\xampp\htdocs\DlhKotaCimahi-main\vendor\codeigniter4\framework\system\CodeIgniter.php(832): App\Controllers\Home->gisTitikPantau()
#6 C:\xampp\htdocs\DlhKotaCimahi-main\vendor\codeigniter4\framework\system\CodeIgniter.php(419): CodeIgniter\CodeIgniter->runController(Object(App\Controllers\Home))
#7 C:\xampp\htdocs\DlhKotaCimahi-main\vendor\codeigniter4\framework\system\CodeIgniter.php(326): CodeIgniter\CodeIgniter->handleRequest(NULL, Object(Config\Cache), false)
#8 C:\xampp\htdocs\DlhKotaCimahi-main\public\index.php(37): CodeIgniter\CodeIgniter->run()
#9 C:\xampp\htdocs\DlhKotaCimahi-main\vendor\codeigniter4\framework\system\Commands\Server\rewrite.php(43): require_once('C:\\xampp\\htdocs...')
#10 {main}
CRITICAL - 2022-03-28 01:53:39 --> Undefined variable: titikPantau
#0 C:\xampp\htdocs\DlhKotaCimahi-main\app\Views\pages\gis\v_maps.php(130): CodeIgniter\Debug\Exceptions->errorHandler(8, 'Undefined varia...', 'C:\\xampp\\htdocs...', 130, Array)
#1 C:\xampp\htdocs\DlhKotaCimahi-main\vendor\codeigniter4\framework\system\View\View.php(210): include('C:\\xampp\\htdocs...')
#2 C:\xampp\htdocs\DlhKotaCimahi-main\vendor\codeigniter4\framework\system\View\View.php(213): CodeIgniter\View\View->CodeIgniter\View\{closure}()
#3 C:\xampp\htdocs\DlhKotaCimahi-main\vendor\codeigniter4\framework\system\Common.php(1089): CodeIgniter\View\View->render('/pages/gis/v_ma...', Array, true)
#4 C:\xampp\htdocs\DlhKotaCimahi-main\app\Controllers\Home.php(61): view('/pages/gis/v_ma...')
#5 C:\xampp\htdocs\DlhKotaCimahi-main\vendor\codeigniter4\framework\system\CodeIgniter.php(832): App\Controllers\Home->gisTitikPantau()
#6 C:\xampp\htdocs\DlhKotaCimahi-main\vendor\codeigniter4\framework\system\CodeIgniter.php(419): CodeIgniter\CodeIgniter->runController(Object(App\Controllers\Home))
#7 C:\xampp\htdocs\DlhKotaCimahi-main\vendor\codeigniter4\framework\system\CodeIgniter.php(326): CodeIgniter\CodeIgniter->handleRequest(NULL, Object(Config\Cache), false)
#8 C:\xampp\htdocs\DlhKotaCimahi-main\public\index.php(37): CodeIgniter\CodeIgniter->run()
#9 C:\xampp\htdocs\DlhKotaCimahi-main\vendor\codeigniter4\framework\system\Commands\Server\rewrite.php(43): require_once('C:\\xampp\\htdocs...')
#10 {main}
CRITICAL - 2022-03-28 01:53:47 --> Undefined variable: titikPantau
#0 C:\xampp\htdocs\DlhKotaCimahi-main\app\Views\pages\gis\v_maps.php(130): CodeIgniter\Debug\Exceptions->errorHandler(8, 'Undefined varia...', 'C:\\xampp\\htdocs...', 130, Array)
#1 C:\xampp\htdocs\DlhKotaCimahi-main\vendor\codeigniter4\framework\system\View\View.php(210): include('C:\\xampp\\htdocs...')
#2 C:\xampp\htdocs\DlhKotaCimahi-main\vendor\codeigniter4\framework\system\View\View.php(213): CodeIgniter\View\View->CodeIgniter\View\{closure}()
#3 C:\xampp\htdocs\DlhKotaCimahi-main\vendor\codeigniter4\framework\system\Common.php(1089): CodeIgniter\View\View->render('/pages/gis/v_ma...', Array, true)
#4 C:\xampp\htdocs\DlhKotaCimahi-main\app\Controllers\Home.php(61): view('/pages/gis/v_ma...')
#5 C:\xampp\htdocs\DlhKotaCimahi-main\vendor\codeigniter4\framework\system\CodeIgniter.php(832): App\Controllers\Home->gisTitikPantau()
#6 C:\xampp\htdocs\DlhKotaCimahi-main\vendor\codeigniter4\framework\system\CodeIgniter.php(419): CodeIgniter\CodeIgniter->runController(Object(App\Controllers\Home))
#7 C:\xampp\htdocs\DlhKotaCimahi-main\vendor\codeigniter4\framework\system\CodeIgniter.php(326): CodeIgniter\CodeIgniter->handleRequest(NULL, Object(Config\Cache), false)
#8 C:\xampp\htdocs\DlhKotaCimahi-main\public\index.php(37): CodeIgniter\CodeIgniter->run()
#9 C:\xampp\htdocs\DlhKotaCimahi-main\vendor\codeigniter4\framework\system\Commands\Server\rewrite.php(43): require_once('C:\\xampp\\htdocs...')
#10 {main}
CRITICAL - 2022-03-28 01:54:10 --> Undefined variable: titikPantau
#0 C:\xampp\htdocs\DlhKotaCimahi-main\app\Views\pages\gis\v_maps.php(130): CodeIgniter\Debug\Exceptions->errorHandler(8, 'Undefined varia...', 'C:\\xampp\\htdocs...', 130, Array)
#1 C:\xampp\htdocs\DlhKotaCimahi-main\vendor\codeigniter4\framework\system\View\View.php(210): include('C:\\xampp\\htdocs...')
#2 C:\xampp\htdocs\DlhKotaCimahi-main\vendor\codeigniter4\framework\system\View\View.php(213): CodeIgniter\View\View->CodeIgniter\View\{closure}()
#3 C:\xampp\htdocs\DlhKotaCimahi-main\vendor\codeigniter4\framework\system\Common.php(1089): CodeIgniter\View\View->render('/pages/gis/v_ma...', Array, true)
#4 C:\xampp\htdocs\DlhKotaCimahi-main\app\Controllers\Home.php(61): view('/pages/gis/v_ma...')
#5 C:\xampp\htdocs\DlhKotaCimahi-main\vendor\codeigniter4\framework\system\CodeIgniter.php(832): App\Controllers\Home->gisTitikPantau()
#6 C:\xampp\htdocs\DlhKotaCimahi-main\vendor\codeigniter4\framework\system\CodeIgniter.php(419): CodeIgniter\CodeIgniter->runController(Object(App\Controllers\Home))
#7 C:\xampp\htdocs\DlhKotaCimahi-main\vendor\codeigniter4\framework\system\CodeIgniter.php(326): CodeIgniter\CodeIgniter->handleRequest(NULL, Object(Config\Cache), false)
#8 C:\xampp\htdocs\DlhKotaCimahi-main\public\index.php(37): CodeIgniter\CodeIgniter->run()
#9 C:\xampp\htdocs\DlhKotaCimahi-main\vendor\codeigniter4\framework\system\Commands\Server\rewrite.php(43): require_once('C:\\xampp\\htdocs...')
#10 {main}
CRITICAL - 2022-03-28 01:54:14 --> Undefined variable: titikPantau
#0 C:\xampp\htdocs\DlhKotaCimahi-main\app\Views\pages\gis\v_maps.php(130): CodeIgniter\Debug\Exceptions->errorHandler(8, 'Undefined varia...', 'C:\\xampp\\htdocs...', 130, Array)
#1 C:\xampp\htdocs\DlhKotaCimahi-main\vendor\codeigniter4\framework\system\View\View.php(210): include('C:\\xampp\\htdocs...')
#2 C:\xampp\htdocs\DlhKotaCimahi-main\vendor\codeigniter4\framework\system\View\View.php(213): CodeIgniter\View\View->CodeIgniter\View\{closure}()
#3 C:\xampp\htdocs\DlhKotaCimahi-main\vendor\codeigniter4\framework\system\Common.php(1089): CodeIgniter\View\View->render('/pages/gis/v_ma...', Array, true)
#4 C:\xampp\htdocs\DlhKotaCimahi-main\app\Controllers\Home.php(61): view('/pages/gis/v_ma...')
#5 C:\xampp\htdocs\DlhKotaCimahi-main\vendor\codeigniter4\framework\system\CodeIgniter.php(832): App\Controllers\Home->gisTitikPantau()
#6 C:\xampp\htdocs\DlhKotaCimahi-main\vendor\codeigniter4\framework\system\CodeIgniter.php(419): CodeIgniter\CodeIgniter->runController(Object(App\Controllers\Home))
#7 C:\xampp\htdocs\DlhKotaCimahi-main\vendor\codeigniter4\framework\system\CodeIgniter.php(326): CodeIgniter\CodeIgniter->handleRequest(NULL, Object(Config\Cache), false)
#8 C:\xampp\htdocs\DlhKotaCimahi-main\public\index.php(37): CodeIgniter\CodeIgniter->run()
#9 C:\xampp\htdocs\DlhKotaCimahi-main\vendor\codeigniter4\framework\system\Commands\Server\rewrite.php(43): require_once('C:\\xampp\\htdocs...')
#10 {main}
CRITICAL - 2022-03-28 01:54:36 --> Undefined variable: titikPantau
#0 C:\xampp\htdocs\DlhKotaCimahi-main\app\Views\pages\gis\v_maps.php(130): CodeIgniter\Debug\Exceptions->errorHandler(8, 'Undefined varia...', 'C:\\xampp\\htdocs...', 130, Array)
#1 C:\xampp\htdocs\DlhKotaCimahi-main\vendor\codeigniter4\framework\system\View\View.php(210): include('C:\\xampp\\htdocs...')
#2 C:\xampp\htdocs\DlhKotaCimahi-main\vendor\codeigniter4\framework\system\View\View.php(213): CodeIgniter\View\View->CodeIgniter\View\{closure}()
#3 C:\xampp\htdocs\DlhKotaCimahi-main\vendor\codeigniter4\framework\system\Common.php(1089): CodeIgniter\View\View->render('/pages/gis/v_ma...', Array, true)
#4 C:\xampp\htdocs\DlhKotaCimahi-main\app\Controllers\Home.php(61): view('/pages/gis/v_ma...')
#5 C:\xampp\htdocs\DlhKotaCimahi-main\vendor\codeigniter4\framework\system\CodeIgniter.php(832): App\Controllers\Home->gisTitikPantau()
#6 C:\xampp\htdocs\DlhKotaCimahi-main\vendor\codeigniter4\framework\system\CodeIgniter.php(419): CodeIgniter\CodeIgniter->runController(Object(App\Controllers\Home))
#7 C:\xampp\htdocs\DlhKotaCimahi-main\vendor\codeigniter4\framework\system\CodeIgniter.php(326): CodeIgniter\CodeIgniter->handleRequest(NULL, Object(Config\Cache), false)
#8 C:\xampp\htdocs\DlhKotaCimahi-main\public\index.php(37): CodeIgniter\CodeIgniter->run()
#9 C:\xampp\htdocs\DlhKotaCimahi-main\vendor\codeigniter4\framework\system\Commands\Server\rewrite.php(43): require_once('C:\\xampp\\htdocs...')
#10 {main}
CRITICAL - 2022-03-28 03:56:49 --> Call to a member function getRandomName() on null
#0 C:\xampp\htdocs\DlhKotaCimahi-main\vendor\codeigniter4\framework\system\CodeIgniter.php(832): App\Controllers\dataTitikPantau->update('2')
#1 C:\xampp\htdocs\DlhKotaCimahi-main\vendor\codeigniter4\framework\system\CodeIgniter.php(419): CodeIgniter\CodeIgniter->runController(Object(App\Controllers\dataTitikPantau))
#2 C:\xampp\htdocs\DlhKotaCimahi-main\vendor\codeigniter4\framework\system\CodeIgniter.php(326): CodeIgniter\CodeIgniter->handleRequest(NULL, Object(Config\Cache), false)
#3 C:\xampp\htdocs\DlhKotaCimahi-main\public\index.php(37): CodeIgniter\CodeIgniter->run()
#4 C:\xampp\htdocs\DlhKotaCimahi-main\vendor\codeigniter4\framework\system\Commands\Server\rewrite.php(43): require_once('C:\\xampp\\htdocs...')
#5 {main}
